{"/Users/traeop/Documents/projects/npm/mega-collection/src/indexer.ts": {"path":"/Users/traeop/Documents/projects/npm/mega-collection/src/indexer.ts","all":false,"statementMap":{"11":{"start":{"line":12,"column":0},"end":{"line":12,"column":48}},"13":{"start":{"line":14,"column":0},"end":{"line":14,"column":53}},"16":{"start":{"line":17,"column":0},"end":{"line":17,"column":56}},"17":{"start":{"line":18,"column":0},"end":{"line":18,"column":41}},"19":{"start":{"line":20,"column":0},"end":{"line":20,"column":9}},"20":{"start":{"line":21,"column":0},"end":{"line":21,"column":50}},"21":{"start":{"line":22,"column":0},"end":{"line":22,"column":29}},"22":{"start":{"line":23,"column":0},"end":{"line":23,"column":17}},"23":{"start":{"line":24,"column":0},"end":{"line":24,"column":7}},"24":{"start":{"line":25,"column":0},"end":{"line":25,"column":35}},"25":{"start":{"line":26,"column":0},"end":{"line":26,"column":37}},"26":{"start":{"line":27,"column":0},"end":{"line":27,"column":68}},"28":{"start":{"line":29,"column":0},"end":{"line":29,"column":46}},"29":{"start":{"line":30,"column":0},"end":{"line":30,"column":19}},"30":{"start":{"line":31,"column":0},"end":{"line":31,"column":26}},"31":{"start":{"line":32,"column":0},"end":{"line":32,"column":14}},"32":{"start":{"line":33,"column":0},"end":{"line":33,"column":41}},"33":{"start":{"line":34,"column":0},"end":{"line":34,"column":7}},"34":{"start":{"line":35,"column":0},"end":{"line":35,"column":5}},"36":{"start":{"line":37,"column":0},"end":{"line":37,"column":48}},"37":{"start":{"line":38,"column":0},"end":{"line":38,"column":3}},"40":{"start":{"line":41,"column":0},"end":{"line":41,"column":56}},"41":{"start":{"line":42,"column":0},"end":{"line":42,"column":55}},"42":{"start":{"line":43,"column":0},"end":{"line":43,"column":29}},"43":{"start":{"line":44,"column":0},"end":{"line":44,"column":37}},"44":{"start":{"line":45,"column":0},"end":{"line":45,"column":3}},"55":{"start":{"line":56,"column":0},"end":{"line":56,"column":60}},"56":{"start":{"line":57,"column":0},"end":{"line":57,"column":55}},"57":{"start":{"line":58,"column":0},"end":{"line":58,"column":29}},"60":{"start":{"line":61,"column":0},"end":{"line":61,"column":30}},"61":{"start":{"line":62,"column":0},"end":{"line":62,"column":43}},"62":{"start":{"line":63,"column":0},"end":{"line":63,"column":5}},"65":{"start":{"line":66,"column":0},"end":{"line":66,"column":35}},"66":{"start":{"line":67,"column":0},"end":{"line":67,"column":27}},"68":{"start":{"line":69,"column":0},"end":{"line":69,"column":72}},"69":{"start":{"line":70,"column":0},"end":{"line":70,"column":54}},"70":{"start":{"line":71,"column":0},"end":{"line":71,"column":41}},"72":{"start":{"line":73,"column":0},"end":{"line":73,"column":77}},"73":{"start":{"line":74,"column":0},"end":{"line":74,"column":41}},"74":{"start":{"line":75,"column":0},"end":{"line":75,"column":35}},"75":{"start":{"line":76,"column":0},"end":{"line":76,"column":30}},"76":{"start":{"line":77,"column":0},"end":{"line":77,"column":28}},"77":{"start":{"line":78,"column":0},"end":{"line":78,"column":9}},"78":{"start":{"line":79,"column":0},"end":{"line":79,"column":7}},"79":{"start":{"line":80,"column":0},"end":{"line":80,"column":5}},"81":{"start":{"line":82,"column":0},"end":{"line":82,"column":18}},"82":{"start":{"line":83,"column":0},"end":{"line":83,"column":3}},"85":{"start":{"line":86,"column":0},"end":{"line":86,"column":36}},"86":{"start":{"line":87,"column":0},"end":{"line":87,"column":35}},"87":{"start":{"line":88,"column":0},"end":{"line":88,"column":3}},"90":{"start":{"line":91,"column":0},"end":{"line":91,"column":17}},"91":{"start":{"line":92,"column":0},"end":{"line":92,"column":25}},"92":{"start":{"line":93,"column":0},"end":{"line":93,"column":3}},"95":{"start":{"line":96,"column":0},"end":{"line":96,"column":57}},"96":{"start":{"line":97,"column":0},"end":{"line":97,"column":35}},"97":{"start":{"line":98,"column":0},"end":{"line":98,"column":3}},"98":{"start":{"line":99,"column":0},"end":{"line":99,"column":1}}},"s":{"11":1,"13":21,"16":1,"17":17,"19":17,"20":17,"21":17,"22":17,"23":17,"24":83,"25":83,"26":83,"28":81,"29":83,"30":32,"31":83,"32":49,"33":49,"34":83,"36":17,"37":17,"40":1,"41":5,"42":5,"43":5,"44":5,"55":1,"56":15,"57":15,"60":15,"61":10,"62":10,"65":4,"66":4,"68":15,"69":8,"70":8,"72":8,"73":15,"74":15,"75":15,"76":15,"77":15,"78":15,"79":8,"81":4,"82":15,"85":1,"86":20,"87":20,"90":1,"91":1,"92":1,"95":1,"96":4,"97":4,"98":1},"branchMap":{"0":{"type":"branch","line":12,"loc":{"start":{"line":12,"column":7},"end":{"line":14,"column":53}},"locations":[{"start":{"line":12,"column":7},"end":{"line":14,"column":53}}]},"1":{"type":"branch","line":17,"loc":{"start":{"line":17,"column":2},"end":{"line":38,"column":3}},"locations":[{"start":{"line":17,"column":2},"end":{"line":38,"column":3}}]},"2":{"type":"branch","line":24,"loc":{"start":{"line":24,"column":6},"end":{"line":35,"column":5}},"locations":[{"start":{"line":24,"column":6},"end":{"line":35,"column":5}}]},"3":{"type":"branch","line":27,"loc":{"start":{"line":27,"column":25},"end":{"line":27,"column":59}},"locations":[{"start":{"line":27,"column":25},"end":{"line":27,"column":59}}]},"4":{"type":"branch","line":27,"loc":{"start":{"line":27,"column":59},"end":{"line":27,"column":68}},"locations":[{"start":{"line":27,"column":59},"end":{"line":27,"column":68}}]},"5":{"type":"branch","line":27,"loc":{"start":{"line":27,"column":59},"end":{"line":30,"column":18}},"locations":[{"start":{"line":27,"column":59},"end":{"line":30,"column":18}}]},"6":{"type":"branch","line":30,"loc":{"start":{"line":30,"column":18},"end":{"line":32,"column":13}},"locations":[{"start":{"line":30,"column":18},"end":{"line":32,"column":13}}]},"7":{"type":"branch","line":32,"loc":{"start":{"line":32,"column":6},"end":{"line":34,"column":7}},"locations":[{"start":{"line":32,"column":6},"end":{"line":34,"column":7}}]},"8":{"type":"branch","line":41,"loc":{"start":{"line":41,"column":2},"end":{"line":45,"column":3}},"locations":[{"start":{"line":41,"column":2},"end":{"line":45,"column":3}}]},"9":{"type":"branch","line":43,"loc":{"start":{"line":43,"column":19},"end":{"line":43,"column":29}},"locations":[{"start":{"line":43,"column":19},"end":{"line":43,"column":29}}]},"10":{"type":"branch","line":43,"loc":{"start":{"line":43,"column":27},"end":{"line":44,"column":34}},"locations":[{"start":{"line":43,"column":27},"end":{"line":44,"column":34}}]},"11":{"type":"branch","line":44,"loc":{"start":{"line":44,"column":29},"end":{"line":44,"column":37}},"locations":[{"start":{"line":44,"column":29},"end":{"line":44,"column":37}}]},"12":{"type":"branch","line":56,"loc":{"start":{"line":56,"column":2},"end":{"line":83,"column":3}},"locations":[{"start":{"line":56,"column":2},"end":{"line":83,"column":3}}]},"13":{"type":"branch","line":58,"loc":{"start":{"line":58,"column":19},"end":{"line":58,"column":29}},"locations":[{"start":{"line":58,"column":19},"end":{"line":58,"column":29}}]},"14":{"type":"branch","line":58,"loc":{"start":{"line":58,"column":27},"end":{"line":61,"column":29}},"locations":[{"start":{"line":58,"column":27},"end":{"line":61,"column":29}}]},"15":{"type":"branch","line":61,"loc":{"start":{"line":61,"column":29},"end":{"line":63,"column":5}},"locations":[{"start":{"line":61,"column":29},"end":{"line":63,"column":5}}]},"16":{"type":"branch","line":62,"loc":{"start":{"line":62,"column":35},"end":{"line":62,"column":43}},"locations":[{"start":{"line":62,"column":35},"end":{"line":62,"column":43}}]},"17":{"type":"branch","line":63,"loc":{"start":{"line":63,"column":4},"end":{"line":69,"column":71}},"locations":[{"start":{"line":63,"column":4},"end":{"line":69,"column":71}}]},"18":{"type":"branch","line":69,"loc":{"start":{"line":69,"column":71},"end":{"line":80,"column":5}},"locations":[{"start":{"line":69,"column":71},"end":{"line":80,"column":5}}]},"19":{"type":"branch","line":71,"loc":{"start":{"line":71,"column":32},"end":{"line":71,"column":41}},"locations":[{"start":{"line":71,"column":32},"end":{"line":71,"column":41}}]},"20":{"type":"branch","line":73,"loc":{"start":{"line":73,"column":76},"end":{"line":79,"column":7}},"locations":[{"start":{"line":73,"column":76},"end":{"line":79,"column":7}}]},"21":{"type":"branch","line":80,"loc":{"start":{"line":80,"column":4},"end":{"line":82,"column":18}},"locations":[{"start":{"line":80,"column":4},"end":{"line":82,"column":18}}]},"22":{"type":"branch","line":86,"loc":{"start":{"line":86,"column":2},"end":{"line":88,"column":3}},"locations":[{"start":{"line":86,"column":2},"end":{"line":88,"column":3}}]},"23":{"type":"branch","line":91,"loc":{"start":{"line":91,"column":2},"end":{"line":93,"column":3}},"locations":[{"start":{"line":91,"column":2},"end":{"line":93,"column":3}}]},"24":{"type":"branch","line":96,"loc":{"start":{"line":96,"column":2},"end":{"line":98,"column":3}},"locations":[{"start":{"line":96,"column":2},"end":{"line":98,"column":3}}]}},"b":{"0":[21],"1":[17],"2":[83],"3":[82],"4":[2],"5":[81],"6":[32],"7":[49],"8":[5],"9":[2],"10":[3],"11":[1],"12":[15],"13":[1],"14":[14],"15":[10],"16":[0],"17":[4],"18":[8],"19":[0],"20":[15],"21":[4],"22":[20],"23":[1],"24":[4]},"fnMap":{"0":{"name":"Indexer","decl":{"start":{"line":12,"column":7},"end":{"line":14,"column":53}},"loc":{"start":{"line":12,"column":7},"end":{"line":14,"column":53}},"line":12},"1":{"name":"buildIndex","decl":{"start":{"line":17,"column":2},"end":{"line":38,"column":3}},"loc":{"start":{"line":17,"column":2},"end":{"line":38,"column":3}},"line":17},"2":{"name":"getByValue","decl":{"start":{"line":41,"column":2},"end":{"line":45,"column":3}},"loc":{"start":{"line":41,"column":2},"end":{"line":45,"column":3}},"line":41},"3":{"name":"getByValues","decl":{"start":{"line":56,"column":2},"end":{"line":83,"column":3}},"loc":{"start":{"line":56,"column":2},"end":{"line":83,"column":3}},"line":56},"4":{"name":"hasIndex","decl":{"start":{"line":86,"column":2},"end":{"line":88,"column":3}},"loc":{"start":{"line":86,"column":2},"end":{"line":88,"column":3}},"line":86},"5":{"name":"clear","decl":{"start":{"line":91,"column":2},"end":{"line":93,"column":3}},"loc":{"start":{"line":91,"column":2},"end":{"line":93,"column":3}},"line":91},"6":{"name":"getIndexMap","decl":{"start":{"line":96,"column":2},"end":{"line":98,"column":3}},"loc":{"start":{"line":96,"column":2},"end":{"line":98,"column":3}},"line":96}},"f":{"0":21,"1":17,"2":5,"3":15,"4":20,"5":1,"6":4}}
,"/Users/traeop/Documents/projects/npm/mega-collection/src/filter/filter.ts": {"path":"/Users/traeop/Documents/projects/npm/mega-collection/src/filter/filter.ts","all":false,"statementMap":{"16":{"start":{"line":17,"column":0},"end":{"line":17,"column":37}},"51":{"start":{"line":52,"column":0},"end":{"line":52,"column":53}},"56":{"start":{"line":57,"column":0},"end":{"line":57,"column":25}},"59":{"start":{"line":60,"column":0},"end":{"line":60,"column":44}},"62":{"start":{"line":63,"column":0},"end":{"line":63,"column":63}},"65":{"start":{"line":66,"column":0},"end":{"line":66,"column":46}},"67":{"start":{"line":68,"column":0},"end":{"line":68,"column":53}},"68":{"start":{"line":69,"column":0},"end":{"line":69,"column":36}},"69":{"start":{"line":70,"column":0},"end":{"line":70,"column":74}},"70":{"start":{"line":71,"column":0},"end":{"line":71,"column":30}},"72":{"start":{"line":73,"column":0},"end":{"line":73,"column":29}},"73":{"start":{"line":74,"column":0},"end":{"line":74,"column":40}},"75":{"start":{"line":76,"column":0},"end":{"line":76,"column":41}},"76":{"start":{"line":77,"column":0},"end":{"line":77,"column":43}},"77":{"start":{"line":78,"column":0},"end":{"line":78,"column":5}},"78":{"start":{"line":79,"column":0},"end":{"line":79,"column":3}},"91":{"start":{"line":92,"column":0},"end":{"line":92,"column":21}},"92":{"start":{"line":93,"column":0},"end":{"line":93,"column":42}},"93":{"start":{"line":94,"column":0},"end":{"line":94,"column":29}},"94":{"start":{"line":95,"column":0},"end":{"line":95,"column":11}},"95":{"start":{"line":96,"column":0},"end":{"line":96,"column":38}},"96":{"start":{"line":97,"column":0},"end":{"line":97,"column":30}},"97":{"start":{"line":98,"column":0},"end":{"line":98,"column":24}},"98":{"start":{"line":99,"column":0},"end":{"line":99,"column":50}},"100":{"start":{"line":101,"column":0},"end":{"line":101,"column":10}},"101":{"start":{"line":102,"column":0},"end":{"line":102,"column":7}},"103":{"start":{"line":104,"column":0},"end":{"line":104,"column":54}},"104":{"start":{"line":105,"column":0},"end":{"line":105,"column":18}},"105":{"start":{"line":106,"column":0},"end":{"line":106,"column":5}},"107":{"start":{"line":108,"column":0},"end":{"line":108,"column":28}},"108":{"start":{"line":109,"column":0},"end":{"line":109,"column":31}},"109":{"start":{"line":110,"column":0},"end":{"line":110,"column":33}},"110":{"start":{"line":111,"column":0},"end":{"line":111,"column":33}},"111":{"start":{"line":112,"column":0},"end":{"line":112,"column":49}},"112":{"start":{"line":113,"column":0},"end":{"line":113,"column":16}},"113":{"start":{"line":114,"column":0},"end":{"line":114,"column":3}},"118":{"start":{"line":119,"column":0},"end":{"line":119,"column":24}},"119":{"start":{"line":120,"column":0},"end":{"line":120,"column":25}},"120":{"start":{"line":121,"column":0},"end":{"line":121,"column":3}},"128":{"start":{"line":129,"column":0},"end":{"line":129,"column":28}},"129":{"start":{"line":130,"column":0},"end":{"line":130,"column":31}},"130":{"start":{"line":131,"column":0},"end":{"line":131,"column":33}},"131":{"start":{"line":132,"column":0},"end":{"line":132,"column":33}},"132":{"start":{"line":133,"column":0},"end":{"line":133,"column":3}},"145":{"start":{"line":146,"column":0},"end":{"line":146,"column":9}},"146":{"start":{"line":147,"column":0},"end":{"line":147,"column":47}},"147":{"start":{"line":148,"column":0},"end":{"line":148,"column":36}},"148":{"start":{"line":149,"column":0},"end":{"line":149,"column":10}},"149":{"start":{"line":150,"column":0},"end":{"line":150,"column":50}},"151":{"start":{"line":152,"column":0},"end":{"line":152,"column":24}},"152":{"start":{"line":153,"column":0},"end":{"line":153,"column":47}},"153":{"start":{"line":154,"column":0},"end":{"line":154,"column":48}},"155":{"start":{"line":156,"column":0},"end":{"line":156,"column":25}},"157":{"start":{"line":158,"column":0},"end":{"line":158,"column":30}},"158":{"start":{"line":159,"column":0},"end":{"line":159,"column":24}},"159":{"start":{"line":160,"column":0},"end":{"line":160,"column":50}},"161":{"start":{"line":162,"column":0},"end":{"line":162,"column":10}},"162":{"start":{"line":163,"column":0},"end":{"line":163,"column":7}},"164":{"start":{"line":165,"column":0},"end":{"line":165,"column":64}},"166":{"start":{"line":167,"column":0},"end":{"line":167,"column":10}},"167":{"start":{"line":168,"column":0},"end":{"line":168,"column":38}},"168":{"start":{"line":169,"column":0},"end":{"line":169,"column":39}},"169":{"start":{"line":170,"column":0},"end":{"line":170,"column":41}},"170":{"start":{"line":171,"column":0},"end":{"line":171,"column":43}},"171":{"start":{"line":172,"column":0},"end":{"line":172,"column":9}},"172":{"start":{"line":173,"column":0},"end":{"line":173,"column":55}},"173":{"start":{"line":174,"column":0},"end":{"line":174,"column":32}},"174":{"start":{"line":175,"column":0},"end":{"line":175,"column":27}},"175":{"start":{"line":176,"column":0},"end":{"line":176,"column":10}},"176":{"start":{"line":177,"column":0},"end":{"line":177,"column":53}},"177":{"start":{"line":178,"column":0},"end":{"line":178,"column":32}},"178":{"start":{"line":179,"column":0},"end":{"line":179,"column":27}},"179":{"start":{"line":180,"column":0},"end":{"line":180,"column":10}},"182":{"start":{"line":183,"column":0},"end":{"line":183,"column":44}},"183":{"start":{"line":184,"column":0},"end":{"line":184,"column":37}},"184":{"start":{"line":185,"column":0},"end":{"line":185,"column":9}},"187":{"start":{"line":188,"column":0},"end":{"line":188,"column":43}},"188":{"start":{"line":189,"column":0},"end":{"line":189,"column":43}},"189":{"start":{"line":190,"column":0},"end":{"line":190,"column":52}},"190":{"start":{"line":191,"column":0},"end":{"line":191,"column":34}},"191":{"start":{"line":192,"column":0},"end":{"line":192,"column":29}},"192":{"start":{"line":193,"column":0},"end":{"line":193,"column":12}},"193":{"start":{"line":194,"column":0},"end":{"line":194,"column":16}},"195":{"start":{"line":196,"column":0},"end":{"line":196,"column":33}},"196":{"start":{"line":197,"column":0},"end":{"line":197,"column":47}},"197":{"start":{"line":198,"column":0},"end":{"line":198,"column":9}},"198":{"start":{"line":199,"column":0},"end":{"line":199,"column":14}},"199":{"start":{"line":200,"column":0},"end":{"line":200,"column":31}},"200":{"start":{"line":201,"column":0},"end":{"line":201,"column":45}},"201":{"start":{"line":202,"column":0},"end":{"line":202,"column":7}},"202":{"start":{"line":203,"column":0},"end":{"line":203,"column":12}},"203":{"start":{"line":204,"column":0},"end":{"line":204,"column":34}},"204":{"start":{"line":205,"column":0},"end":{"line":205,"column":41}},"206":{"start":{"line":207,"column":0},"end":{"line":207,"column":10}},"207":{"start":{"line":208,"column":0},"end":{"line":208,"column":38}},"208":{"start":{"line":209,"column":0},"end":{"line":209,"column":39}},"209":{"start":{"line":210,"column":0},"end":{"line":210,"column":41}},"210":{"start":{"line":211,"column":0},"end":{"line":211,"column":44}},"211":{"start":{"line":212,"column":0},"end":{"line":212,"column":9}},"212":{"start":{"line":213,"column":0},"end":{"line":213,"column":55}},"213":{"start":{"line":214,"column":0},"end":{"line":214,"column":32}},"214":{"start":{"line":215,"column":0},"end":{"line":215,"column":27}},"215":{"start":{"line":216,"column":0},"end":{"line":216,"column":10}},"216":{"start":{"line":217,"column":0},"end":{"line":217,"column":53}},"217":{"start":{"line":218,"column":0},"end":{"line":218,"column":32}},"218":{"start":{"line":219,"column":0},"end":{"line":219,"column":27}},"219":{"start":{"line":220,"column":0},"end":{"line":220,"column":10}},"221":{"start":{"line":222,"column":0},"end":{"line":222,"column":44}},"222":{"start":{"line":223,"column":0},"end":{"line":223,"column":37}},"223":{"start":{"line":224,"column":0},"end":{"line":224,"column":9}},"225":{"start":{"line":226,"column":0},"end":{"line":226,"column":43}},"226":{"start":{"line":227,"column":0},"end":{"line":227,"column":43}},"227":{"start":{"line":228,"column":0},"end":{"line":228,"column":52}},"228":{"start":{"line":229,"column":0},"end":{"line":229,"column":34}},"229":{"start":{"line":230,"column":0},"end":{"line":230,"column":29}},"230":{"start":{"line":231,"column":0},"end":{"line":231,"column":12}},"231":{"start":{"line":232,"column":0},"end":{"line":232,"column":16}},"232":{"start":{"line":233,"column":0},"end":{"line":233,"column":47}},"233":{"start":{"line":234,"column":0},"end":{"line":234,"column":9}},"234":{"start":{"line":235,"column":0},"end":{"line":235,"column":14}},"235":{"start":{"line":236,"column":0},"end":{"line":236,"column":45}},"236":{"start":{"line":237,"column":0},"end":{"line":237,"column":7}},"237":{"start":{"line":238,"column":0},"end":{"line":238,"column":5}},"239":{"start":{"line":240,"column":0},"end":{"line":240,"column":40}},"240":{"start":{"line":241,"column":0},"end":{"line":241,"column":40}},"241":{"start":{"line":242,"column":0},"end":{"line":242,"column":35}},"242":{"start":{"line":243,"column":0},"end":{"line":243,"column":37}},"243":{"start":{"line":244,"column":0},"end":{"line":244,"column":37}},"244":{"start":{"line":245,"column":0},"end":{"line":245,"column":7}},"245":{"start":{"line":246,"column":0},"end":{"line":246,"column":53}},"246":{"start":{"line":247,"column":0},"end":{"line":247,"column":5}},"249":{"start":{"line":250,"column":0},"end":{"line":250,"column":47}},"250":{"start":{"line":251,"column":0},"end":{"line":251,"column":43}},"251":{"start":{"line":252,"column":0},"end":{"line":252,"column":5}},"254":{"start":{"line":255,"column":0},"end":{"line":255,"column":73}},"255":{"start":{"line":256,"column":0},"end":{"line":256,"column":7}},"256":{"start":{"line":257,"column":0},"end":{"line":257,"column":22}},"260":{"start":{"line":261,"column":0},"end":{"line":261,"column":18}},"261":{"start":{"line":262,"column":0},"end":{"line":262,"column":12}},"262":{"start":{"line":263,"column":0},"end":{"line":263,"column":53}},"263":{"start":{"line":264,"column":0},"end":{"line":264,"column":54}},"264":{"start":{"line":265,"column":0},"end":{"line":265,"column":16}},"265":{"start":{"line":266,"column":0},"end":{"line":266,"column":53}},"266":{"start":{"line":267,"column":0},"end":{"line":267,"column":9}},"267":{"start":{"line":268,"column":0},"end":{"line":268,"column":27}},"268":{"start":{"line":269,"column":0},"end":{"line":269,"column":8}},"269":{"start":{"line":270,"column":0},"end":{"line":270,"column":50}},"270":{"start":{"line":271,"column":0},"end":{"line":271,"column":6}},"273":{"start":{"line":274,"column":0},"end":{"line":274,"column":20}},"275":{"start":{"line":276,"column":0},"end":{"line":276,"column":68}},"276":{"start":{"line":277,"column":0},"end":{"line":277,"column":64}},"277":{"start":{"line":278,"column":0},"end":{"line":278,"column":40}},"278":{"start":{"line":279,"column":0},"end":{"line":279,"column":37}},"279":{"start":{"line":280,"column":0},"end":{"line":280,"column":69}},"280":{"start":{"line":281,"column":0},"end":{"line":281,"column":46}},"281":{"start":{"line":282,"column":0},"end":{"line":282,"column":21}},"282":{"start":{"line":283,"column":0},"end":{"line":283,"column":36}},"283":{"start":{"line":284,"column":0},"end":{"line":284,"column":7}},"284":{"start":{"line":285,"column":0},"end":{"line":285,"column":20}},"285":{"start":{"line":286,"column":0},"end":{"line":286,"column":5}},"289":{"start":{"line":290,"column":0},"end":{"line":290,"column":66}},"290":{"start":{"line":291,"column":0},"end":{"line":291,"column":74}},"291":{"start":{"line":292,"column":0},"end":{"line":292,"column":61}},"292":{"start":{"line":293,"column":0},"end":{"line":293,"column":40}},"293":{"start":{"line":294,"column":0},"end":{"line":294,"column":37}},"294":{"start":{"line":295,"column":0},"end":{"line":295,"column":69}},"295":{"start":{"line":296,"column":0},"end":{"line":296,"column":46}},"296":{"start":{"line":297,"column":0},"end":{"line":297,"column":21}},"297":{"start":{"line":298,"column":0},"end":{"line":298,"column":36}},"298":{"start":{"line":299,"column":0},"end":{"line":299,"column":7}},"299":{"start":{"line":300,"column":0},"end":{"line":300,"column":20}},"300":{"start":{"line":301,"column":0},"end":{"line":301,"column":5}},"303":{"start":{"line":304,"column":0},"end":{"line":304,"column":62}},"304":{"start":{"line":305,"column":0},"end":{"line":305,"column":38}},"305":{"start":{"line":306,"column":0},"end":{"line":306,"column":35}},"306":{"start":{"line":307,"column":0},"end":{"line":307,"column":67}},"307":{"start":{"line":308,"column":0},"end":{"line":308,"column":44}},"308":{"start":{"line":309,"column":0},"end":{"line":309,"column":19}},"309":{"start":{"line":310,"column":0},"end":{"line":310,"column":34}},"310":{"start":{"line":311,"column":0},"end":{"line":311,"column":5}},"311":{"start":{"line":312,"column":0},"end":{"line":312,"column":18}},"312":{"start":{"line":313,"column":0},"end":{"line":313,"column":3}},"314":{"start":{"line":315,"column":0},"end":{"line":315,"column":79}},"315":{"start":{"line":316,"column":0},"end":{"line":316,"column":49}},"316":{"start":{"line":317,"column":0},"end":{"line":317,"column":12}},"317":{"start":{"line":318,"column":0},"end":{"line":318,"column":26}},"318":{"start":{"line":319,"column":0},"end":{"line":319,"column":8}},"319":{"start":{"line":320,"column":0},"end":{"line":320,"column":3}},"321":{"start":{"line":322,"column":0},"end":{"line":322,"column":31}},"322":{"start":{"line":323,"column":0},"end":{"line":323,"column":43}},"323":{"start":{"line":324,"column":0},"end":{"line":324,"column":39}},"324":{"start":{"line":325,"column":0},"end":{"line":325,"column":14}},"325":{"start":{"line":326,"column":0},"end":{"line":326,"column":54}},"326":{"start":{"line":327,"column":0},"end":{"line":327,"column":76}},"327":{"start":{"line":328,"column":0},"end":{"line":328,"column":6}},"328":{"start":{"line":329,"column":0},"end":{"line":329,"column":50}},"329":{"start":{"line":330,"column":0},"end":{"line":330,"column":72}},"330":{"start":{"line":331,"column":0},"end":{"line":331,"column":6}},"332":{"start":{"line":333,"column":0},"end":{"line":333,"column":52}},"333":{"start":{"line":334,"column":0},"end":{"line":334,"column":56}},"334":{"start":{"line":335,"column":0},"end":{"line":335,"column":28}},"335":{"start":{"line":336,"column":0},"end":{"line":336,"column":20}},"336":{"start":{"line":337,"column":0},"end":{"line":337,"column":7}},"338":{"start":{"line":339,"column":0},"end":{"line":339,"column":39}},"339":{"start":{"line":340,"column":0},"end":{"line":340,"column":41}},"340":{"start":{"line":341,"column":0},"end":{"line":341,"column":22}},"341":{"start":{"line":342,"column":0},"end":{"line":342,"column":9}},"342":{"start":{"line":343,"column":0},"end":{"line":343,"column":7}},"343":{"start":{"line":344,"column":0},"end":{"line":344,"column":5}},"345":{"start":{"line":346,"column":0},"end":{"line":346,"column":17}},"346":{"start":{"line":347,"column":0},"end":{"line":347,"column":3}},"348":{"start":{"line":349,"column":0},"end":{"line":349,"column":30}},"349":{"start":{"line":350,"column":0},"end":{"line":350,"column":43}},"350":{"start":{"line":351,"column":0},"end":{"line":351,"column":39}},"351":{"start":{"line":352,"column":0},"end":{"line":352,"column":14}},"352":{"start":{"line":353,"column":0},"end":{"line":353,"column":54}},"353":{"start":{"line":354,"column":0},"end":{"line":354,"column":76}},"354":{"start":{"line":355,"column":0},"end":{"line":355,"column":6}},"355":{"start":{"line":356,"column":0},"end":{"line":356,"column":50}},"356":{"start":{"line":357,"column":0},"end":{"line":357,"column":72}},"357":{"start":{"line":358,"column":0},"end":{"line":358,"column":6}},"359":{"start":{"line":360,"column":0},"end":{"line":360,"column":60}},"360":{"start":{"line":361,"column":0},"end":{"line":361,"column":48}},"361":{"start":{"line":362,"column":0},"end":{"line":362,"column":24}},"362":{"start":{"line":363,"column":0},"end":{"line":363,"column":20}},"363":{"start":{"line":364,"column":0},"end":{"line":364,"column":7}},"365":{"start":{"line":366,"column":0},"end":{"line":366,"column":43}},"366":{"start":{"line":367,"column":0},"end":{"line":367,"column":37}},"367":{"start":{"line":368,"column":0},"end":{"line":368,"column":22}},"368":{"start":{"line":369,"column":0},"end":{"line":369,"column":9}},"369":{"start":{"line":370,"column":0},"end":{"line":370,"column":7}},"370":{"start":{"line":371,"column":0},"end":{"line":371,"column":5}},"372":{"start":{"line":373,"column":0},"end":{"line":373,"column":17}},"373":{"start":{"line":374,"column":0},"end":{"line":374,"column":3}},"375":{"start":{"line":376,"column":0},"end":{"line":376,"column":27}},"376":{"start":{"line":377,"column":0},"end":{"line":377,"column":43}},"377":{"start":{"line":378,"column":0},"end":{"line":378,"column":39}},"378":{"start":{"line":379,"column":0},"end":{"line":379,"column":27}},"379":{"start":{"line":380,"column":0},"end":{"line":380,"column":54}},"380":{"start":{"line":381,"column":0},"end":{"line":381,"column":76}},"381":{"start":{"line":382,"column":0},"end":{"line":382,"column":6}},"383":{"start":{"line":384,"column":0},"end":{"line":384,"column":51}},"385":{"start":{"line":386,"column":0},"end":{"line":386,"column":51}},"386":{"start":{"line":387,"column":0},"end":{"line":387,"column":56}},"387":{"start":{"line":388,"column":0},"end":{"line":388,"column":28}},"388":{"start":{"line":389,"column":0},"end":{"line":389,"column":59}},"389":{"start":{"line":390,"column":0},"end":{"line":390,"column":17}},"390":{"start":{"line":391,"column":0},"end":{"line":391,"column":7}},"392":{"start":{"line":393,"column":0},"end":{"line":393,"column":79}},"393":{"start":{"line":394,"column":0},"end":{"line":394,"column":35}},"394":{"start":{"line":395,"column":0},"end":{"line":395,"column":59}},"395":{"start":{"line":396,"column":0},"end":{"line":396,"column":7}},"396":{"start":{"line":397,"column":0},"end":{"line":397,"column":5}},"398":{"start":{"line":399,"column":0},"end":{"line":399,"column":25}},"399":{"start":{"line":400,"column":0},"end":{"line":400,"column":3}},"406":{"start":{"line":407,"column":0},"end":{"line":407,"column":72}},"408":{"start":{"line":409,"column":0},"end":{"line":409,"column":62}},"409":{"start":{"line":410,"column":0},"end":{"line":410,"column":68}},"410":{"start":{"line":411,"column":0},"end":{"line":411,"column":6}},"411":{"start":{"line":412,"column":0},"end":{"line":412,"column":63}},"414":{"start":{"line":415,"column":0},"end":{"line":415,"column":27}},"416":{"start":{"line":417,"column":0},"end":{"line":417,"column":67}},"417":{"start":{"line":418,"column":0},"end":{"line":418,"column":35}},"418":{"start":{"line":419,"column":0},"end":{"line":419,"column":36}},"420":{"start":{"line":421,"column":0},"end":{"line":421,"column":11}},"421":{"start":{"line":422,"column":0},"end":{"line":422,"column":27}},"422":{"start":{"line":423,"column":0},"end":{"line":423,"column":44}},"423":{"start":{"line":424,"column":0},"end":{"line":424,"column":20}},"424":{"start":{"line":425,"column":0},"end":{"line":425,"column":9}},"425":{"start":{"line":426,"column":0},"end":{"line":426,"column":50}},"426":{"start":{"line":427,"column":0},"end":{"line":427,"column":68}},"427":{"start":{"line":428,"column":0},"end":{"line":428,"column":37}},"428":{"start":{"line":429,"column":0},"end":{"line":429,"column":16}},"429":{"start":{"line":430,"column":0},"end":{"line":430,"column":9}},"430":{"start":{"line":431,"column":0},"end":{"line":431,"column":7}},"432":{"start":{"line":433,"column":0},"end":{"line":433,"column":31}},"433":{"start":{"line":434,"column":0},"end":{"line":434,"column":26}},"434":{"start":{"line":435,"column":0},"end":{"line":435,"column":7}},"435":{"start":{"line":436,"column":0},"end":{"line":436,"column":5}},"437":{"start":{"line":438,"column":0},"end":{"line":438,"column":18}},"438":{"start":{"line":439,"column":0},"end":{"line":439,"column":3}},"449":{"start":{"line":450,"column":0},"end":{"line":450,"column":80}},"450":{"start":{"line":451,"column":0},"end":{"line":451,"column":59}},"451":{"start":{"line":452,"column":0},"end":{"line":452,"column":76}},"454":{"start":{"line":455,"column":0},"end":{"line":455,"column":32}},"455":{"start":{"line":456,"column":0},"end":{"line":456,"column":53}},"456":{"start":{"line":457,"column":0},"end":{"line":457,"column":26}},"457":{"start":{"line":458,"column":0},"end":{"line":458,"column":27}},"458":{"start":{"line":459,"column":0},"end":{"line":459,"column":8}},"459":{"start":{"line":460,"column":0},"end":{"line":460,"column":46}},"461":{"start":{"line":462,"column":0},"end":{"line":462,"column":68}},"462":{"start":{"line":463,"column":0},"end":{"line":463,"column":5}},"465":{"start":{"line":466,"column":0},"end":{"line":466,"column":38}},"466":{"start":{"line":467,"column":0},"end":{"line":467,"column":28}},"467":{"start":{"line":468,"column":0},"end":{"line":468,"column":18}},"468":{"start":{"line":469,"column":0},"end":{"line":469,"column":48}},"469":{"start":{"line":470,"column":0},"end":{"line":470,"column":9}},"470":{"start":{"line":471,"column":0},"end":{"line":471,"column":12}},"471":{"start":{"line":472,"column":0},"end":{"line":472,"column":80}},"472":{"start":{"line":473,"column":0},"end":{"line":473,"column":8}},"475":{"start":{"line":476,"column":0},"end":{"line":476,"column":70}},"476":{"start":{"line":477,"column":0},"end":{"line":477,"column":37}},"477":{"start":{"line":478,"column":0},"end":{"line":478,"column":52}},"478":{"start":{"line":479,"column":0},"end":{"line":479,"column":25}},"479":{"start":{"line":480,"column":0},"end":{"line":480,"column":26}},"480":{"start":{"line":481,"column":0},"end":{"line":481,"column":6}},"482":{"start":{"line":483,"column":0},"end":{"line":483,"column":47}},"485":{"start":{"line":486,"column":0},"end":{"line":486,"column":61}},"486":{"start":{"line":487,"column":0},"end":{"line":487,"column":23}},"487":{"start":{"line":488,"column":0},"end":{"line":488,"column":17}},"488":{"start":{"line":489,"column":0},"end":{"line":489,"column":77}},"489":{"start":{"line":490,"column":0},"end":{"line":490,"column":6}},"490":{"start":{"line":491,"column":0},"end":{"line":491,"column":70}},"493":{"start":{"line":494,"column":0},"end":{"line":494,"column":27}},"495":{"start":{"line":496,"column":0},"end":{"line":496,"column":9}},"496":{"start":{"line":497,"column":0},"end":{"line":497,"column":29}},"497":{"start":{"line":498,"column":0},"end":{"line":498,"column":45}},"498":{"start":{"line":499,"column":0},"end":{"line":499,"column":22}},"499":{"start":{"line":500,"column":0},"end":{"line":500,"column":7}},"500":{"start":{"line":501,"column":0},"end":{"line":501,"column":50}},"501":{"start":{"line":502,"column":0},"end":{"line":502,"column":45}},"503":{"start":{"line":504,"column":0},"end":{"line":504,"column":11}},"504":{"start":{"line":505,"column":0},"end":{"line":505,"column":27}},"505":{"start":{"line":506,"column":0},"end":{"line":506,"column":44}},"506":{"start":{"line":507,"column":0},"end":{"line":507,"column":20}},"507":{"start":{"line":508,"column":0},"end":{"line":508,"column":9}},"508":{"start":{"line":509,"column":0},"end":{"line":509,"column":50}},"509":{"start":{"line":510,"column":0},"end":{"line":510,"column":67}},"510":{"start":{"line":511,"column":0},"end":{"line":511,"column":46}},"511":{"start":{"line":512,"column":0},"end":{"line":512,"column":16}},"512":{"start":{"line":513,"column":0},"end":{"line":513,"column":9}},"513":{"start":{"line":514,"column":0},"end":{"line":514,"column":7}},"515":{"start":{"line":516,"column":0},"end":{"line":516,"column":10}},"516":{"start":{"line":517,"column":0},"end":{"line":517,"column":38}},"517":{"start":{"line":518,"column":0},"end":{"line":518,"column":23}},"518":{"start":{"line":519,"column":0},"end":{"line":519,"column":31}},"519":{"start":{"line":520,"column":0},"end":{"line":520,"column":9}},"520":{"start":{"line":521,"column":0},"end":{"line":521,"column":44}},"521":{"start":{"line":522,"column":0},"end":{"line":522,"column":7}},"523":{"start":{"line":524,"column":0},"end":{"line":524,"column":40}},"524":{"start":{"line":525,"column":0},"end":{"line":525,"column":26}},"525":{"start":{"line":526,"column":0},"end":{"line":526,"column":7}},"526":{"start":{"line":527,"column":0},"end":{"line":527,"column":5}},"528":{"start":{"line":529,"column":0},"end":{"line":529,"column":18}},"529":{"start":{"line":530,"column":0},"end":{"line":530,"column":3}},"535":{"start":{"line":536,"column":0},"end":{"line":536,"column":68}},"536":{"start":{"line":537,"column":0},"end":{"line":537,"column":63}},"537":{"start":{"line":538,"column":0},"end":{"line":538,"column":35}},"539":{"start":{"line":540,"column":0},"end":{"line":540,"column":58}},"540":{"start":{"line":541,"column":0},"end":{"line":541,"column":41}},"541":{"start":{"line":542,"column":0},"end":{"line":542,"column":60}},"542":{"start":{"line":543,"column":0},"end":{"line":543,"column":10}},"543":{"start":{"line":544,"column":0},"end":{"line":544,"column":3}},"544":{"start":{"line":545,"column":0},"end":{"line":545,"column":1}}},"s":{"16":1,"51":1,"56":1,"59":1,"62":1,"65":1,"67":1,"68":13,"69":13,"70":13,"72":10,"73":13,"75":13,"76":11,"77":11,"78":13,"91":1,"92":11,"93":11,"94":11,"95":11,"96":0,"97":0,"98":0,"100":0,"101":0,"103":0,"104":0,"105":0,"107":11,"108":11,"109":11,"110":11,"111":11,"112":11,"113":11,"118":1,"119":0,"120":0,"128":1,"129":1,"130":1,"131":1,"132":1,"145":1,"146":17,"147":17,"148":17,"149":17,"151":17,"152":17,"153":17,"155":17,"157":11,"158":1,"159":1,"161":1,"162":1,"164":10,"166":10,"167":10,"168":8,"169":3,"170":3,"171":11,"172":3,"173":3,"174":3,"175":3,"176":3,"177":3,"178":3,"179":3,"182":3,"183":1,"184":1,"187":3,"188":1,"189":1,"190":1,"191":1,"192":1,"193":1,"195":1,"196":1,"197":1,"198":11,"199":7,"200":7,"201":7,"202":17,"203":6,"204":6,"206":6,"207":6,"208":0,"209":0,"210":0,"211":6,"212":0,"213":0,"214":0,"215":0,"216":0,"217":0,"218":0,"219":0,"221":0,"222":0,"223":0,"225":0,"226":0,"227":0,"228":0,"229":0,"230":0,"231":0,"232":0,"233":0,"234":6,"235":6,"236":6,"237":6,"239":17,"240":1,"241":0,"242":0,"243":0,"244":0,"245":1,"246":1,"249":17,"250":0,"251":0,"254":14,"255":14,"256":18,"260":18,"261":18,"262":18,"263":13,"264":18,"265":5,"266":5,"267":18,"268":18,"269":14,"270":14,"273":14,"275":17,"276":10,"277":10,"278":5,"279":5,"280":5,"281":5,"282":0,"283":5,"284":10,"285":10,"289":17,"290":2,"291":2,"292":2,"293":1,"294":1,"295":1,"296":1,"297":0,"298":1,"299":2,"300":2,"303":2,"304":15,"305":1,"306":1,"307":1,"308":1,"309":0,"310":1,"311":2,"312":17,"314":1,"315":7,"316":9,"317":9,"318":7,"319":7,"321":1,"322":3,"323":3,"324":3,"325":3,"326":3,"327":3,"328":3,"329":3,"330":3,"332":3,"333":4,"334":4,"335":1,"336":1,"338":4,"339":4,"340":0,"341":0,"342":4,"343":3,"345":2,"346":3,"348":1,"349":3,"350":3,"351":3,"352":3,"353":3,"354":3,"355":3,"356":3,"357":3,"359":3,"360":4,"361":4,"362":1,"363":1,"365":4,"366":4,"367":0,"368":0,"369":4,"370":3,"372":2,"373":3,"375":1,"376":1,"377":1,"378":1,"379":1,"380":1,"381":1,"383":1,"385":1,"386":2,"387":2,"388":1,"389":1,"390":1,"392":1,"393":2,"394":0,"395":0,"396":2,"398":1,"399":1,"406":1,"408":4,"409":4,"410":4,"411":4,"414":4,"416":4,"417":15,"418":15,"420":15,"421":15,"422":15,"423":15,"424":15,"425":18,"426":18,"427":7,"428":7,"429":7,"430":18,"432":15,"433":8,"434":8,"435":15,"437":4,"438":4,"449":1,"450":12,"451":12,"454":12,"455":11,"456":11,"457":11,"458":11,"459":11,"461":0,"462":0,"465":1,"466":1,"467":2,"468":2,"469":1,"470":1,"471":1,"472":1,"475":1,"476":1,"477":1,"478":1,"479":1,"480":1,"482":10,"485":1,"486":1,"487":1,"488":1,"489":1,"490":1,"493":1,"495":1,"496":1,"497":1,"498":1,"499":10,"500":2,"501":2,"503":2,"504":2,"505":2,"506":2,"507":2,"508":2,"509":2,"510":0,"511":0,"512":0,"513":2,"515":2,"516":2,"517":2,"518":0,"519":2,"520":0,"521":0,"523":2,"524":2,"525":2,"526":2,"528":1,"529":12,"535":1,"536":2,"537":2,"539":2,"540":3,"541":3,"542":2,"543":2,"544":1},"branchMap":{"0":{"type":"branch","line":68,"loc":{"start":{"line":68,"column":2},"end":{"line":79,"column":3}},"locations":[{"start":{"line":68,"column":2},"end":{"line":79,"column":3}}]},"1":{"type":"branch","line":70,"loc":{"start":{"line":70,"column":42},"end":{"line":70,"column":74}},"locations":[{"start":{"line":70,"column":42},"end":{"line":70,"column":74}}]},"2":{"type":"branch","line":71,"loc":{"start":{"line":71,"column":23},"end":{"line":71,"column":30}},"locations":[{"start":{"line":71,"column":23},"end":{"line":71,"column":30}}]},"3":{"type":"branch","line":71,"loc":{"start":{"line":71,"column":23},"end":{"line":74,"column":33}},"locations":[{"start":{"line":71,"column":23},"end":{"line":74,"column":33}}]},"4":{"type":"branch","line":74,"loc":{"start":{"line":74,"column":17},"end":{"line":74,"column":33}},"locations":[{"start":{"line":74,"column":17},"end":{"line":74,"column":33}}]},"5":{"type":"branch","line":74,"loc":{"start":{"line":74,"column":33},"end":{"line":76,"column":40}},"locations":[{"start":{"line":74,"column":33},"end":{"line":76,"column":40}}]},"6":{"type":"branch","line":74,"loc":{"start":{"line":74,"column":33},"end":{"line":74,"column":40}},"locations":[{"start":{"line":74,"column":33},"end":{"line":74,"column":40}}]},"7":{"type":"branch","line":74,"loc":{"start":{"line":74,"column":33},"end":{"line":76,"column":40}},"locations":[{"start":{"line":74,"column":33},"end":{"line":76,"column":40}}]},"8":{"type":"branch","line":76,"loc":{"start":{"line":76,"column":40},"end":{"line":78,"column":5}},"locations":[{"start":{"line":76,"column":40},"end":{"line":78,"column":5}}]},"9":{"type":"branch","line":78,"loc":{"start":{"line":78,"column":4},"end":{"line":78,"column":5}},"locations":[{"start":{"line":78,"column":4},"end":{"line":78,"column":5}}]},"10":{"type":"branch","line":92,"loc":{"start":{"line":92,"column":10},"end":{"line":114,"column":3}},"locations":[{"start":{"line":92,"column":10},"end":{"line":114,"column":3}}]},"11":{"type":"branch","line":96,"loc":{"start":{"line":96,"column":37},"end":{"line":106,"column":5}},"locations":[{"start":{"line":96,"column":37},"end":{"line":106,"column":5}}]},"12":{"type":"branch","line":129,"loc":{"start":{"line":129,"column":2},"end":{"line":133,"column":3}},"locations":[{"start":{"line":129,"column":2},"end":{"line":133,"column":3}}]},"13":{"type":"branch","line":146,"loc":{"start":{"line":146,"column":2},"end":{"line":313,"column":3}},"locations":[{"start":{"line":146,"column":2},"end":{"line":313,"column":3}}]},"14":{"type":"branch","line":156,"loc":{"start":{"line":156,"column":24},"end":{"line":203,"column":11}},"locations":[{"start":{"line":156,"column":24},"end":{"line":203,"column":11}}]},"15":{"type":"branch","line":158,"loc":{"start":{"line":158,"column":29},"end":{"line":163,"column":7}},"locations":[{"start":{"line":158,"column":29},"end":{"line":163,"column":7}}]},"16":{"type":"branch","line":163,"loc":{"start":{"line":163,"column":6},"end":{"line":168,"column":38}},"locations":[{"start":{"line":163,"column":6},"end":{"line":168,"column":38}}]},"17":{"type":"branch","line":168,"loc":{"start":{"line":168,"column":13},"end":{"line":169,"column":39}},"locations":[{"start":{"line":168,"column":13},"end":{"line":169,"column":39}}]},"18":{"type":"branch","line":169,"loc":{"start":{"line":169,"column":32},"end":{"line":170,"column":41}},"locations":[{"start":{"line":169,"column":32},"end":{"line":170,"column":41}}]},"19":{"type":"branch","line":170,"loc":{"start":{"line":170,"column":34},"end":{"line":171,"column":43}},"locations":[{"start":{"line":170,"column":34},"end":{"line":171,"column":43}}]},"20":{"type":"branch","line":172,"loc":{"start":{"line":172,"column":8},"end":{"line":199,"column":13}},"locations":[{"start":{"line":172,"column":8},"end":{"line":199,"column":13}}]},"21":{"type":"branch","line":183,"loc":{"start":{"line":183,"column":13},"end":{"line":183,"column":43}},"locations":[{"start":{"line":183,"column":13},"end":{"line":183,"column":43}}]},"22":{"type":"branch","line":183,"loc":{"start":{"line":183,"column":43},"end":{"line":185,"column":9}},"locations":[{"start":{"line":183,"column":43},"end":{"line":185,"column":9}}]},"23":{"type":"branch","line":185,"loc":{"start":{"line":185,"column":8},"end":{"line":188,"column":28}},"locations":[{"start":{"line":185,"column":8},"end":{"line":188,"column":28}}]},"24":{"type":"branch","line":188,"loc":{"start":{"line":188,"column":12},"end":{"line":188,"column":42}},"locations":[{"start":{"line":188,"column":12},"end":{"line":188,"column":42}}]},"25":{"type":"branch","line":188,"loc":{"start":{"line":188,"column":42},"end":{"line":198,"column":9}},"locations":[{"start":{"line":188,"column":42},"end":{"line":198,"column":9}}]},"26":{"type":"branch","line":199,"loc":{"start":{"line":199,"column":6},"end":{"line":202,"column":7}},"locations":[{"start":{"line":199,"column":6},"end":{"line":202,"column":7}}]},"27":{"type":"branch","line":203,"loc":{"start":{"line":203,"column":4},"end":{"line":238,"column":5}},"locations":[{"start":{"line":203,"column":4},"end":{"line":238,"column":5}}]},"28":{"type":"branch","line":208,"loc":{"start":{"line":208,"column":13},"end":{"line":209,"column":39}},"locations":[{"start":{"line":208,"column":13},"end":{"line":209,"column":39}}]},"29":{"type":"branch","line":209,"loc":{"start":{"line":209,"column":32},"end":{"line":210,"column":41}},"locations":[{"start":{"line":209,"column":32},"end":{"line":210,"column":41}}]},"30":{"type":"branch","line":210,"loc":{"start":{"line":210,"column":34},"end":{"line":211,"column":44}},"locations":[{"start":{"line":210,"column":34},"end":{"line":211,"column":44}}]},"31":{"type":"branch","line":212,"loc":{"start":{"line":212,"column":8},"end":{"line":235,"column":13}},"locations":[{"start":{"line":212,"column":8},"end":{"line":235,"column":13}}]},"32":{"type":"branch","line":238,"loc":{"start":{"line":238,"column":4},"end":{"line":240,"column":39}},"locations":[{"start":{"line":238,"column":4},"end":{"line":240,"column":39}}]},"33":{"type":"branch","line":240,"loc":{"start":{"line":240,"column":39},"end":{"line":247,"column":5}},"locations":[{"start":{"line":240,"column":39},"end":{"line":247,"column":5}}]},"34":{"type":"branch","line":241,"loc":{"start":{"line":241,"column":39},"end":{"line":245,"column":7}},"locations":[{"start":{"line":241,"column":39},"end":{"line":245,"column":7}}]},"35":{"type":"branch","line":246,"loc":{"start":{"line":246,"column":13},"end":{"line":246,"column":42}},"locations":[{"start":{"line":246,"column":13},"end":{"line":246,"column":42}}]},"36":{"type":"branch","line":247,"loc":{"start":{"line":247,"column":4},"end":{"line":250,"column":26}},"locations":[{"start":{"line":247,"column":4},"end":{"line":250,"column":26}}]},"37":{"type":"branch","line":250,"loc":{"start":{"line":250,"column":8},"end":{"line":250,"column":46}},"locations":[{"start":{"line":250,"column":8},"end":{"line":250,"column":46}}]},"38":{"type":"branch","line":250,"loc":{"start":{"line":250,"column":46},"end":{"line":252,"column":5}},"locations":[{"start":{"line":250,"column":46},"end":{"line":252,"column":5}}]},"39":{"type":"branch","line":252,"loc":{"start":{"line":252,"column":4},"end":{"line":276,"column":38}},"locations":[{"start":{"line":252,"column":4},"end":{"line":276,"column":38}}]},"40":{"type":"branch","line":276,"loc":{"start":{"line":276,"column":33},"end":{"line":276,"column":67}},"locations":[{"start":{"line":276,"column":33},"end":{"line":276,"column":67}}]},"41":{"type":"branch","line":276,"loc":{"start":{"line":276,"column":67},"end":{"line":286,"column":5}},"locations":[{"start":{"line":276,"column":67},"end":{"line":286,"column":5}}]},"42":{"type":"branch","line":278,"loc":{"start":{"line":278,"column":39},"end":{"line":284,"column":7}},"locations":[{"start":{"line":278,"column":39},"end":{"line":284,"column":7}}]},"43":{"type":"branch","line":282,"loc":{"start":{"line":282,"column":17},"end":{"line":283,"column":36}},"locations":[{"start":{"line":282,"column":17},"end":{"line":283,"column":36}}]},"44":{"type":"branch","line":286,"loc":{"start":{"line":286,"column":4},"end":{"line":290,"column":65}},"locations":[{"start":{"line":286,"column":4},"end":{"line":290,"column":65}}]},"45":{"type":"branch","line":286,"loc":{"start":{"line":286,"column":4},"end":{"line":290,"column":38}},"locations":[{"start":{"line":286,"column":4},"end":{"line":290,"column":38}}]},"46":{"type":"branch","line":290,"loc":{"start":{"line":290,"column":33},"end":{"line":290,"column":65}},"locations":[{"start":{"line":290,"column":33},"end":{"line":290,"column":65}}]},"47":{"type":"branch","line":290,"loc":{"start":{"line":290,"column":65},"end":{"line":312,"column":18}},"locations":[{"start":{"line":290,"column":65},"end":{"line":312,"column":18}}]},"48":{"type":"branch","line":290,"loc":{"start":{"line":290,"column":65},"end":{"line":305,"column":37}},"locations":[{"start":{"line":290,"column":65},"end":{"line":305,"column":37}}]},"49":{"type":"branch","line":293,"loc":{"start":{"line":293,"column":39},"end":{"line":299,"column":7}},"locations":[{"start":{"line":293,"column":39},"end":{"line":299,"column":7}}]},"50":{"type":"branch","line":297,"loc":{"start":{"line":297,"column":17},"end":{"line":298,"column":36}},"locations":[{"start":{"line":297,"column":17},"end":{"line":298,"column":36}}]},"51":{"type":"branch","line":305,"loc":{"start":{"line":305,"column":37},"end":{"line":311,"column":5}},"locations":[{"start":{"line":305,"column":37},"end":{"line":311,"column":5}}]},"52":{"type":"branch","line":309,"loc":{"start":{"line":309,"column":15},"end":{"line":310,"column":34}},"locations":[{"start":{"line":309,"column":15},"end":{"line":310,"column":34}}]},"53":{"type":"branch","line":311,"loc":{"start":{"line":311,"column":4},"end":{"line":312,"column":18}},"locations":[{"start":{"line":311,"column":4},"end":{"line":312,"column":18}}]},"54":{"type":"branch","line":256,"loc":{"start":{"line":256,"column":6},"end":{"line":269,"column":8}},"locations":[{"start":{"line":256,"column":6},"end":{"line":269,"column":8}}]},"55":{"type":"branch","line":263,"loc":{"start":{"line":263,"column":52},"end":{"line":265,"column":15}},"locations":[{"start":{"line":263,"column":52},"end":{"line":265,"column":15}}]},"56":{"type":"branch","line":265,"loc":{"start":{"line":265,"column":8},"end":{"line":267,"column":9}},"locations":[{"start":{"line":265,"column":8},"end":{"line":267,"column":9}}]},"57":{"type":"branch","line":315,"loc":{"start":{"line":315,"column":10},"end":{"line":320,"column":3}},"locations":[{"start":{"line":315,"column":10},"end":{"line":320,"column":3}}]},"58":{"type":"branch","line":316,"loc":{"start":{"line":316,"column":24},"end":{"line":319,"column":6}},"locations":[{"start":{"line":316,"column":24},"end":{"line":319,"column":6}}]},"59":{"type":"branch","line":322,"loc":{"start":{"line":322,"column":10},"end":{"line":347,"column":3}},"locations":[{"start":{"line":322,"column":10},"end":{"line":347,"column":3}}]},"60":{"type":"branch","line":333,"loc":{"start":{"line":333,"column":51},"end":{"line":344,"column":5}},"locations":[{"start":{"line":333,"column":51},"end":{"line":344,"column":5}}]},"61":{"type":"branch","line":335,"loc":{"start":{"line":335,"column":27},"end":{"line":337,"column":7}},"locations":[{"start":{"line":335,"column":27},"end":{"line":337,"column":7}}]},"62":{"type":"branch","line":337,"loc":{"start":{"line":337,"column":6},"end":{"line":339,"column":38}},"locations":[{"start":{"line":337,"column":6},"end":{"line":339,"column":38}}]},"63":{"type":"branch","line":340,"loc":{"start":{"line":340,"column":40},"end":{"line":342,"column":9}},"locations":[{"start":{"line":340,"column":40},"end":{"line":342,"column":9}}]},"64":{"type":"branch","line":343,"loc":{"start":{"line":343,"column":6},"end":{"line":344,"column":5}},"locations":[{"start":{"line":343,"column":6},"end":{"line":344,"column":5}}]},"65":{"type":"branch","line":344,"loc":{"start":{"line":344,"column":4},"end":{"line":346,"column":17}},"locations":[{"start":{"line":344,"column":4},"end":{"line":346,"column":17}}]},"66":{"type":"branch","line":327,"loc":{"start":{"line":327,"column":27},"end":{"line":327,"column":74}},"locations":[{"start":{"line":327,"column":27},"end":{"line":327,"column":74}}]},"67":{"type":"branch","line":330,"loc":{"start":{"line":330,"column":23},"end":{"line":330,"column":70}},"locations":[{"start":{"line":330,"column":23},"end":{"line":330,"column":70}}]},"68":{"type":"branch","line":349,"loc":{"start":{"line":349,"column":10},"end":{"line":374,"column":3}},"locations":[{"start":{"line":349,"column":10},"end":{"line":374,"column":3}}]},"69":{"type":"branch","line":360,"loc":{"start":{"line":360,"column":59},"end":{"line":371,"column":5}},"locations":[{"start":{"line":360,"column":59},"end":{"line":371,"column":5}}]},"70":{"type":"branch","line":362,"loc":{"start":{"line":362,"column":23},"end":{"line":364,"column":7}},"locations":[{"start":{"line":362,"column":23},"end":{"line":364,"column":7}}]},"71":{"type":"branch","line":364,"loc":{"start":{"line":364,"column":6},"end":{"line":366,"column":42}},"locations":[{"start":{"line":364,"column":6},"end":{"line":366,"column":42}}]},"72":{"type":"branch","line":367,"loc":{"start":{"line":367,"column":36},"end":{"line":369,"column":9}},"locations":[{"start":{"line":367,"column":36},"end":{"line":369,"column":9}}]},"73":{"type":"branch","line":370,"loc":{"start":{"line":370,"column":6},"end":{"line":371,"column":5}},"locations":[{"start":{"line":370,"column":6},"end":{"line":371,"column":5}}]},"74":{"type":"branch","line":371,"loc":{"start":{"line":371,"column":4},"end":{"line":373,"column":17}},"locations":[{"start":{"line":371,"column":4},"end":{"line":373,"column":17}}]},"75":{"type":"branch","line":354,"loc":{"start":{"line":354,"column":27},"end":{"line":354,"column":74}},"locations":[{"start":{"line":354,"column":27},"end":{"line":354,"column":74}}]},"76":{"type":"branch","line":357,"loc":{"start":{"line":357,"column":23},"end":{"line":357,"column":70}},"locations":[{"start":{"line":357,"column":23},"end":{"line":357,"column":70}}]},"77":{"type":"branch","line":376,"loc":{"start":{"line":376,"column":10},"end":{"line":400,"column":3}},"locations":[{"start":{"line":376,"column":10},"end":{"line":400,"column":3}}]},"78":{"type":"branch","line":386,"loc":{"start":{"line":386,"column":50},"end":{"line":397,"column":5}},"locations":[{"start":{"line":386,"column":50},"end":{"line":397,"column":5}}]},"79":{"type":"branch","line":388,"loc":{"start":{"line":388,"column":27},"end":{"line":394,"column":34}},"locations":[{"start":{"line":388,"column":27},"end":{"line":394,"column":34}}]},"80":{"type":"branch","line":394,"loc":{"start":{"line":394,"column":34},"end":{"line":396,"column":7}},"locations":[{"start":{"line":394,"column":34},"end":{"line":396,"column":7}}]},"81":{"type":"branch","line":381,"loc":{"start":{"line":381,"column":27},"end":{"line":381,"column":74}},"locations":[{"start":{"line":381,"column":27},"end":{"line":381,"column":74}}]},"82":{"type":"branch","line":393,"loc":{"start":{"line":393,"column":40},"end":{"line":393,"column":77}},"locations":[{"start":{"line":393,"column":40},"end":{"line":393,"column":77}}]},"83":{"type":"branch","line":407,"loc":{"start":{"line":407,"column":10},"end":{"line":439,"column":3}},"locations":[{"start":{"line":407,"column":10},"end":{"line":439,"column":3}}]},"84":{"type":"branch","line":417,"loc":{"start":{"line":417,"column":66},"end":{"line":436,"column":5}},"locations":[{"start":{"line":417,"column":66},"end":{"line":436,"column":5}}]},"85":{"type":"branch","line":425,"loc":{"start":{"line":425,"column":8},"end":{"line":431,"column":7}},"locations":[{"start":{"line":425,"column":8},"end":{"line":431,"column":7}}]},"86":{"type":"branch","line":427,"loc":{"start":{"line":427,"column":67},"end":{"line":430,"column":9}},"locations":[{"start":{"line":427,"column":67},"end":{"line":430,"column":9}}]},"87":{"type":"branch","line":433,"loc":{"start":{"line":433,"column":30},"end":{"line":435,"column":7}},"locations":[{"start":{"line":433,"column":30},"end":{"line":435,"column":7}}]},"88":{"type":"branch","line":410,"loc":{"start":{"line":410,"column":19},"end":{"line":410,"column":66}},"locations":[{"start":{"line":410,"column":19},"end":{"line":410,"column":66}}]},"89":{"type":"branch","line":412,"loc":{"start":{"line":412,"column":41},"end":{"line":412,"column":61}},"locations":[{"start":{"line":412,"column":41},"end":{"line":412,"column":61}}]},"90":{"type":"branch","line":450,"loc":{"start":{"line":450,"column":10},"end":{"line":530,"column":3}},"locations":[{"start":{"line":450,"column":10},"end":{"line":530,"column":3}}]},"91":{"type":"branch","line":452,"loc":{"start":{"line":452,"column":25},"end":{"line":452,"column":71}},"locations":[{"start":{"line":452,"column":25},"end":{"line":452,"column":71}}]},"92":{"type":"branch","line":455,"loc":{"start":{"line":455,"column":31},"end":{"line":463,"column":5}},"locations":[{"start":{"line":455,"column":31},"end":{"line":463,"column":5}}]},"93":{"type":"branch","line":460,"loc":{"start":{"line":460,"column":32},"end":{"line":463,"column":5}},"locations":[{"start":{"line":460,"column":32},"end":{"line":463,"column":5}}]},"94":{"type":"branch","line":463,"loc":{"start":{"line":463,"column":4},"end":{"line":529,"column":18}},"locations":[{"start":{"line":463,"column":4},"end":{"line":529,"column":18}}]},"95":{"type":"branch","line":463,"loc":{"start":{"line":463,"column":4},"end":{"line":483,"column":44}},"locations":[{"start":{"line":463,"column":4},"end":{"line":483,"column":44}}]},"96":{"type":"branch","line":483,"loc":{"start":{"line":483,"column":37},"end":{"line":483,"column":47}},"locations":[{"start":{"line":483,"column":37},"end":{"line":483,"column":47}}]},"97":{"type":"branch","line":483,"loc":{"start":{"line":483,"column":45},"end":{"line":499,"column":22}},"locations":[{"start":{"line":483,"column":45},"end":{"line":499,"column":22}}]},"98":{"type":"branch","line":500,"loc":{"start":{"line":500,"column":6},"end":{"line":527,"column":5}},"locations":[{"start":{"line":500,"column":6},"end":{"line":527,"column":5}}]},"99":{"type":"branch","line":510,"loc":{"start":{"line":510,"column":66},"end":{"line":513,"column":9}},"locations":[{"start":{"line":510,"column":66},"end":{"line":513,"column":9}}]},"100":{"type":"branch","line":518,"loc":{"start":{"line":518,"column":8},"end":{"line":519,"column":31}},"locations":[{"start":{"line":518,"column":8},"end":{"line":519,"column":31}}]},"101":{"type":"branch","line":520,"loc":{"start":{"line":520,"column":8},"end":{"line":522,"column":7}},"locations":[{"start":{"line":520,"column":8},"end":{"line":522,"column":7}}]},"102":{"type":"branch","line":527,"loc":{"start":{"line":527,"column":4},"end":{"line":529,"column":18}},"locations":[{"start":{"line":527,"column":4},"end":{"line":529,"column":18}}]},"103":{"type":"branch","line":467,"loc":{"start":{"line":467,"column":11},"end":{"line":470,"column":8}},"locations":[{"start":{"line":467,"column":11},"end":{"line":470,"column":8}}]},"104":{"type":"branch","line":472,"loc":{"start":{"line":472,"column":8},"end":{"line":472,"column":80}},"locations":[{"start":{"line":472,"column":8},"end":{"line":472,"column":80}}]},"105":{"type":"branch","line":489,"loc":{"start":{"line":489,"column":13},"end":{"line":489,"column":75}},"locations":[{"start":{"line":489,"column":13},"end":{"line":489,"column":75}}]},"106":{"type":"branch","line":536,"loc":{"start":{"line":536,"column":10},"end":{"line":544,"column":3}},"locations":[{"start":{"line":536,"column":10},"end":{"line":544,"column":3}}]},"107":{"type":"branch","line":538,"loc":{"start":{"line":538,"column":19},"end":{"line":538,"column":35}},"locations":[{"start":{"line":538,"column":19},"end":{"line":538,"column":35}}]},"108":{"type":"branch","line":540,"loc":{"start":{"line":540,"column":35},"end":{"line":543,"column":7}},"locations":[{"start":{"line":540,"column":35},"end":{"line":543,"column":7}}]},"109":{"type":"branch","line":542,"loc":{"start":{"line":542,"column":41},"end":{"line":542,"column":60}},"locations":[{"start":{"line":542,"column":41},"end":{"line":542,"column":60}}]}},"b":{"0":[13],"1":[9],"2":[3],"3":[10],"4":[9],"5":[12],"6":[1],"7":[9],"8":[11],"9":[9],"10":[11],"11":[0],"12":[1],"13":[17],"14":[11],"15":[1],"16":[10],"17":[8],"18":[3],"19":[3],"20":[3],"21":[2],"22":[1],"23":[2],"24":[1],"25":[1],"26":[7],"27":[6],"28":[0],"29":[0],"30":[0],"31":[0],"32":[15],"33":[1],"34":[0],"35":[0],"36":[14],"37":[9],"38":[0],"39":[14],"40":[12],"41":[10],"42":[5],"43":[0],"44":[15],"45":[4],"46":[2],"47":[15],"48":[2],"49":[1],"50":[0],"51":[1],"52":[0],"53":[2],"54":[18],"55":[13],"56":[5],"57":[7],"58":[9],"59":[3],"60":[4],"61":[1],"62":[3],"63":[0],"64":[3],"65":[2],"66":[4],"67":[4],"68":[3],"69":[4],"70":[1],"71":[3],"72":[0],"73":[3],"74":[2],"75":[4],"76":[4],"77":[1],"78":[2],"79":[1],"80":[0],"81":[1],"82":[2],"83":[4],"84":[15],"85":[18],"86":[7],"87":[8],"88":[5],"89":[5],"90":[12],"91":[0],"92":[11],"93":[0],"94":[10],"95":[1],"96":[0],"97":[1],"98":[2],"99":[0],"100":[0],"101":[0],"102":[1],"103":[2],"104":[1],"105":[1],"106":[2],"107":[0],"108":[3],"109":[0]},"fnMap":{"0":{"name":"FilterEngine","decl":{"start":{"line":68,"column":2},"end":{"line":79,"column":3}},"loc":{"start":{"line":68,"column":2},"end":{"line":79,"column":3}},"line":68},"1":{"name":"buildIndex","decl":{"start":{"line":92,"column":10},"end":{"line":114,"column":3}},"loc":{"start":{"line":92,"column":10},"end":{"line":114,"column":3}},"line":92},"2":{"name":"clearIndexes","decl":{"start":{"line":119,"column":2},"end":{"line":121,"column":3}},"loc":{"start":{"line":119,"column":2},"end":{"line":121,"column":3}},"line":119},"3":{"name":"resetFilterState","decl":{"start":{"line":129,"column":2},"end":{"line":133,"column":3}},"loc":{"start":{"line":129,"column":2},"end":{"line":133,"column":3}},"line":129},"4":{"name":"filter","decl":{"start":{"line":146,"column":2},"end":{"line":313,"column":3}},"loc":{"start":{"line":146,"column":2},"end":{"line":313,"column":3}},"line":146},"5":{"name":"executionCriteria.reduce.indexedCriteria","decl":{"start":{"line":256,"column":6},"end":{"line":269,"column":8}},"loc":{"start":{"line":256,"column":6},"end":{"line":269,"column":8}},"line":256},"6":{"name":"cloneCriteria","decl":{"start":{"line":315,"column":10},"end":{"line":320,"column":3}},"loc":{"start":{"line":315,"column":10},"end":{"line":320,"column":3}},"line":315},"7":{"name":"hasCriteriaAdditions","decl":{"start":{"line":322,"column":10},"end":{"line":347,"column":3}},"loc":{"start":{"line":322,"column":10},"end":{"line":347,"column":3}},"line":322},"8":{"name":"hasCriteriaRemovals","decl":{"start":{"line":349,"column":10},"end":{"line":374,"column":3}},"loc":{"start":{"line":349,"column":10},"end":{"line":374,"column":3}},"line":349},"9":{"name":"getAddedCriteria","decl":{"start":{"line":376,"column":10},"end":{"line":400,"column":3}},"loc":{"start":{"line":376,"column":10},"end":{"line":400,"column":3}},"line":376},"10":{"name":"linearFilter","decl":{"start":{"line":407,"column":10},"end":{"line":439,"column":3}},"loc":{"start":{"line":407,"column":10},"end":{"line":439,"column":3}},"line":407},"11":{"name":"filterViaIndex","decl":{"start":{"line":450,"column":10},"end":{"line":530,"column":3}},"loc":{"start":{"line":450,"column":10},"end":{"line":530,"column":3}},"line":450},"12":{"name":"estimateIndexSize","decl":{"start":{"line":536,"column":10},"end":{"line":544,"column":3}},"loc":{"start":{"line":536,"column":10},"end":{"line":544,"column":3}},"line":536}},"f":{"0":13,"1":11,"2":0,"3":1,"4":17,"5":18,"6":7,"7":3,"8":3,"9":1,"10":4,"11":12,"12":2}}
,"/Users/traeop/Documents/projects/npm/mega-collection/src/merge/merge-engines.ts": {"path":"/Users/traeop/Documents/projects/npm/mega-collection/src/merge/merge-engines.ts","all":false,"statementMap":{"32":{"start":{"line":33,"column":0},"end":{"line":33,"column":8}},"36":{"start":{"line":37,"column":0},"end":{"line":37,"column":44}},"37":{"start":{"line":38,"column":0},"end":{"line":38,"column":48}},"105":{"start":{"line":106,"column":0},"end":{"line":106,"column":53}},"110":{"start":{"line":111,"column":0},"end":{"line":111,"column":48}},"111":{"start":{"line":112,"column":0},"end":{"line":112,"column":60}},"114":{"start":{"line":115,"column":0},"end":{"line":115,"column":64}},"116":{"start":{"line":117,"column":0},"end":{"line":117,"column":66}},"117":{"start":{"line":118,"column":0},"end":{"line":118,"column":58}},"118":{"start":{"line":119,"column":0},"end":{"line":119,"column":62}},"122":{"start":{"line":123,"column":0},"end":{"line":123,"column":39}},"123":{"start":{"line":124,"column":0},"end":{"line":124,"column":33}},"124":{"start":{"line":125,"column":0},"end":{"line":125,"column":15}},"125":{"start":{"line":126,"column":0},"end":{"line":126,"column":33}},"126":{"start":{"line":127,"column":0},"end":{"line":127,"column":49}},"127":{"start":{"line":128,"column":0},"end":{"line":128,"column":10}},"128":{"start":{"line":129,"column":0},"end":{"line":129,"column":13}},"130":{"start":{"line":131,"column":0},"end":{"line":131,"column":35}},"131":{"start":{"line":132,"column":0},"end":{"line":132,"column":27}},"132":{"start":{"line":133,"column":0},"end":{"line":133,"column":15}},"133":{"start":{"line":134,"column":0},"end":{"line":134,"column":31}},"134":{"start":{"line":135,"column":0},"end":{"line":135,"column":10}},"135":{"start":{"line":136,"column":0},"end":{"line":136,"column":13}},"137":{"start":{"line":138,"column":0},"end":{"line":138,"column":39}},"138":{"start":{"line":139,"column":0},"end":{"line":139,"column":29}},"139":{"start":{"line":140,"column":0},"end":{"line":140,"column":15}},"140":{"start":{"line":141,"column":0},"end":{"line":141,"column":33}},"141":{"start":{"line":142,"column":0},"end":{"line":142,"column":65}},"142":{"start":{"line":143,"column":0},"end":{"line":143,"column":10}},"143":{"start":{"line":144,"column":0},"end":{"line":144,"column":13}},"144":{"start":{"line":145,"column":0},"end":{"line":145,"column":3}},"159":{"start":{"line":160,"column":0},"end":{"line":160,"column":58}},"160":{"start":{"line":161,"column":0},"end":{"line":161,"column":29}},"161":{"start":{"line":162,"column":0},"end":{"line":162,"column":22}},"162":{"start":{"line":163,"column":0},"end":{"line":163,"column":61}},"164":{"start":{"line":165,"column":0},"end":{"line":165,"column":8}},"165":{"start":{"line":166,"column":0},"end":{"line":166,"column":5}},"167":{"start":{"line":168,"column":0},"end":{"line":168,"column":35}},"168":{"start":{"line":169,"column":0},"end":{"line":169,"column":52}},"169":{"start":{"line":170,"column":0},"end":{"line":170,"column":5}},"171":{"start":{"line":172,"column":0},"end":{"line":172,"column":36}},"172":{"start":{"line":173,"column":0},"end":{"line":173,"column":39}},"173":{"start":{"line":174,"column":0},"end":{"line":174,"column":17}},"174":{"start":{"line":175,"column":0},"end":{"line":175,"column":6}},"175":{"start":{"line":176,"column":0},"end":{"line":176,"column":3}},"187":{"start":{"line":188,"column":0},"end":{"line":188,"column":7}},"188":{"start":{"line":189,"column":0},"end":{"line":189,"column":49}},"189":{"start":{"line":190,"column":0},"end":{"line":190,"column":38}},"190":{"start":{"line":191,"column":0},"end":{"line":191,"column":22}},"191":{"start":{"line":192,"column":0},"end":{"line":192,"column":10}},"192":{"start":{"line":193,"column":0},"end":{"line":193,"column":27}},"193":{"start":{"line":194,"column":0},"end":{"line":194,"column":22}},"194":{"start":{"line":195,"column":0},"end":{"line":195,"column":55}},"196":{"start":{"line":197,"column":0},"end":{"line":197,"column":8}},"197":{"start":{"line":198,"column":0},"end":{"line":198,"column":5}},"199":{"start":{"line":200,"column":0},"end":{"line":200,"column":36}},"200":{"start":{"line":201,"column":0},"end":{"line":201,"column":76}},"201":{"start":{"line":202,"column":0},"end":{"line":202,"column":5}},"203":{"start":{"line":204,"column":0},"end":{"line":204,"column":80}},"204":{"start":{"line":205,"column":0},"end":{"line":205,"column":3}},"216":{"start":{"line":217,"column":0},"end":{"line":217,"column":9}},"217":{"start":{"line":218,"column":0},"end":{"line":218,"column":47}},"218":{"start":{"line":219,"column":0},"end":{"line":219,"column":36}},"219":{"start":{"line":220,"column":0},"end":{"line":220,"column":10}},"220":{"start":{"line":221,"column":0},"end":{"line":221,"column":29}},"221":{"start":{"line":222,"column":0},"end":{"line":222,"column":22}},"222":{"start":{"line":223,"column":0},"end":{"line":223,"column":57}},"224":{"start":{"line":225,"column":0},"end":{"line":225,"column":8}},"225":{"start":{"line":226,"column":0},"end":{"line":226,"column":5}},"227":{"start":{"line":228,"column":0},"end":{"line":228,"column":33}},"228":{"start":{"line":229,"column":0},"end":{"line":229,"column":78}},"229":{"start":{"line":230,"column":0},"end":{"line":230,"column":5}},"231":{"start":{"line":232,"column":0},"end":{"line":232,"column":69}},"232":{"start":{"line":233,"column":0},"end":{"line":233,"column":3}},"233":{"start":{"line":234,"column":0},"end":{"line":234,"column":1}}},"s":{"32":1,"36":1,"37":1,"105":1,"110":1,"111":4,"114":4,"116":4,"117":4,"118":4,"122":4,"123":3,"124":3,"125":3,"126":3,"127":3,"128":1,"130":4,"131":3,"132":3,"133":3,"134":3,"135":1,"137":4,"138":2,"139":2,"140":2,"141":2,"142":2,"143":2,"144":4,"159":1,"160":4,"161":1,"162":1,"164":1,"165":1,"167":4,"168":1,"169":1,"171":2,"172":2,"173":2,"174":2,"175":4,"187":1,"188":3,"189":3,"190":3,"191":3,"192":3,"193":1,"194":1,"196":1,"197":1,"199":3,"200":1,"201":1,"203":1,"204":3,"216":1,"217":3,"218":3,"219":3,"220":3,"221":1,"222":1,"224":1,"225":1,"227":3,"228":1,"229":1,"231":1,"232":3,"233":1},"branchMap":{"0":{"type":"branch","line":111,"loc":{"start":{"line":111,"column":2},"end":{"line":145,"column":3}},"locations":[{"start":{"line":111,"column":2},"end":{"line":145,"column":3}}]},"1":{"type":"branch","line":123,"loc":{"start":{"line":123,"column":24},"end":{"line":128,"column":10}},"locations":[{"start":{"line":123,"column":24},"end":{"line":128,"column":10}}]},"2":{"type":"branch","line":126,"loc":{"start":{"line":126,"column":18},"end":{"line":126,"column":33}},"locations":[{"start":{"line":126,"column":18},"end":{"line":126,"column":33}}]},"3":{"type":"branch","line":127,"loc":{"start":{"line":127,"column":26},"end":{"line":127,"column":49}},"locations":[{"start":{"line":127,"column":26},"end":{"line":127,"column":49}}]},"4":{"type":"branch","line":128,"loc":{"start":{"line":128,"column":9},"end":{"line":129,"column":13}},"locations":[{"start":{"line":128,"column":9},"end":{"line":129,"column":13}}]},"5":{"type":"branch","line":131,"loc":{"start":{"line":131,"column":22},"end":{"line":135,"column":10}},"locations":[{"start":{"line":131,"column":22},"end":{"line":135,"column":10}}]},"6":{"type":"branch","line":134,"loc":{"start":{"line":134,"column":18},"end":{"line":134,"column":31}},"locations":[{"start":{"line":134,"column":18},"end":{"line":134,"column":31}}]},"7":{"type":"branch","line":135,"loc":{"start":{"line":135,"column":9},"end":{"line":136,"column":13}},"locations":[{"start":{"line":135,"column":9},"end":{"line":136,"column":13}}]},"8":{"type":"branch","line":138,"loc":{"start":{"line":138,"column":24},"end":{"line":143,"column":10}},"locations":[{"start":{"line":138,"column":24},"end":{"line":143,"column":10}}]},"9":{"type":"branch","line":141,"loc":{"start":{"line":141,"column":18},"end":{"line":141,"column":33}},"locations":[{"start":{"line":141,"column":18},"end":{"line":141,"column":33}}]},"10":{"type":"branch","line":142,"loc":{"start":{"line":142,"column":34},"end":{"line":142,"column":65}},"locations":[{"start":{"line":142,"column":34},"end":{"line":142,"column":65}}]},"11":{"type":"branch","line":143,"loc":{"start":{"line":143,"column":9},"end":{"line":144,"column":13}},"locations":[{"start":{"line":143,"column":9},"end":{"line":144,"column":13}}]},"12":{"type":"branch","line":160,"loc":{"start":{"line":160,"column":2},"end":{"line":176,"column":3}},"locations":[{"start":{"line":160,"column":2},"end":{"line":176,"column":3}}]},"13":{"type":"branch","line":161,"loc":{"start":{"line":161,"column":28},"end":{"line":166,"column":5}},"locations":[{"start":{"line":161,"column":28},"end":{"line":166,"column":5}}]},"14":{"type":"branch","line":166,"loc":{"start":{"line":166,"column":4},"end":{"line":168,"column":34}},"locations":[{"start":{"line":166,"column":4},"end":{"line":168,"column":34}}]},"15":{"type":"branch","line":168,"loc":{"start":{"line":168,"column":34},"end":{"line":170,"column":5}},"locations":[{"start":{"line":168,"column":34},"end":{"line":170,"column":5}}]},"16":{"type":"branch","line":170,"loc":{"start":{"line":170,"column":4},"end":{"line":175,"column":6}},"locations":[{"start":{"line":170,"column":4},"end":{"line":175,"column":6}}]},"17":{"type":"branch","line":188,"loc":{"start":{"line":188,"column":2},"end":{"line":205,"column":3}},"locations":[{"start":{"line":188,"column":2},"end":{"line":205,"column":3}}]},"18":{"type":"branch","line":193,"loc":{"start":{"line":193,"column":26},"end":{"line":198,"column":5}},"locations":[{"start":{"line":193,"column":26},"end":{"line":198,"column":5}}]},"19":{"type":"branch","line":198,"loc":{"start":{"line":198,"column":4},"end":{"line":200,"column":35}},"locations":[{"start":{"line":198,"column":4},"end":{"line":200,"column":35}}]},"20":{"type":"branch","line":200,"loc":{"start":{"line":200,"column":35},"end":{"line":204,"column":80}},"locations":[{"start":{"line":200,"column":35},"end":{"line":204,"column":80}}]},"21":{"type":"branch","line":217,"loc":{"start":{"line":217,"column":2},"end":{"line":233,"column":3}},"locations":[{"start":{"line":217,"column":2},"end":{"line":233,"column":3}}]},"22":{"type":"branch","line":221,"loc":{"start":{"line":221,"column":28},"end":{"line":226,"column":5}},"locations":[{"start":{"line":221,"column":28},"end":{"line":226,"column":5}}]},"23":{"type":"branch","line":226,"loc":{"start":{"line":226,"column":4},"end":{"line":228,"column":32}},"locations":[{"start":{"line":226,"column":4},"end":{"line":228,"column":32}}]},"24":{"type":"branch","line":228,"loc":{"start":{"line":228,"column":32},"end":{"line":232,"column":69}},"locations":[{"start":{"line":228,"column":32},"end":{"line":232,"column":69}}]}},"b":{"0":[4],"1":[3],"2":[2],"3":[2],"4":[1],"5":[3],"6":[1],"7":[1],"8":[2],"9":[1],"10":[1],"11":[2],"12":[4],"13":[1],"14":[3],"15":[1],"16":[2],"17":[3],"18":[1],"19":[2],"20":[1],"21":[3],"22":[1],"23":[2],"24":[1]},"fnMap":{"0":{"name":"MergeEngines","decl":{"start":{"line":111,"column":2},"end":{"line":145,"column":3}},"loc":{"start":{"line":111,"column":2},"end":{"line":145,"column":3}},"line":111},"1":{"name":"search","decl":{"start":{"line":160,"column":2},"end":{"line":176,"column":3}},"loc":{"start":{"line":160,"column":2},"end":{"line":176,"column":3}},"line":160},"2":{"name":"sort","decl":{"start":{"line":188,"column":2},"end":{"line":205,"column":3}},"loc":{"start":{"line":188,"column":2},"end":{"line":205,"column":3}},"line":188},"3":{"name":"filter","decl":{"start":{"line":217,"column":2},"end":{"line":233,"column":3}},"loc":{"start":{"line":217,"column":2},"end":{"line":233,"column":3}},"line":217}},"f":{"0":4,"1":4,"2":3,"3":3}}
,"/Users/traeop/Documents/projects/npm/mega-collection/src/search/text-search.ts": {"path":"/Users/traeop/Documents/projects/npm/mega-collection/src/search/text-search.ts","all":false,"statementMap":{"15":{"start":{"line":16,"column":0},"end":{"line":16,"column":31}},"16":{"start":{"line":17,"column":0},"end":{"line":17,"column":48}},"19":{"start":{"line":20,"column":0},"end":{"line":20,"column":53}},"20":{"start":{"line":21,"column":0},"end":{"line":21,"column":36}},"21":{"start":{"line":22,"column":0},"end":{"line":22,"column":66}},"22":{"start":{"line":23,"column":0},"end":{"line":23,"column":50}},"23":{"start":{"line":24,"column":0},"end":{"line":24,"column":50}},"24":{"start":{"line":25,"column":0},"end":{"line":25,"column":51}},"25":{"start":{"line":26,"column":0},"end":{"line":26,"column":67}},"26":{"start":{"line":27,"column":0},"end":{"line":27,"column":3}},"27":{"start":{"line":28,"column":0},"end":{"line":28,"column":20}},"28":{"start":{"line":29,"column":0},"end":{"line":29,"column":1}},"30":{"start":{"line":31,"column":0},"end":{"line":31,"column":79}},"31":{"start":{"line":32,"column":0},"end":{"line":32,"column":49}},"32":{"start":{"line":33,"column":0},"end":{"line":33,"column":64}},"33":{"start":{"line":34,"column":0},"end":{"line":34,"column":29}},"34":{"start":{"line":35,"column":0},"end":{"line":35,"column":3}},"36":{"start":{"line":37,"column":0},"end":{"line":37,"column":37}},"37":{"start":{"line":38,"column":0},"end":{"line":38,"column":39}},"38":{"start":{"line":39,"column":0},"end":{"line":39,"column":57}},"40":{"start":{"line":41,"column":0},"end":{"line":41,"column":45}},"41":{"start":{"line":42,"column":0},"end":{"line":42,"column":56}},"42":{"start":{"line":43,"column":0},"end":{"line":43,"column":34}},"43":{"start":{"line":44,"column":0},"end":{"line":44,"column":3}},"45":{"start":{"line":46,"column":0},"end":{"line":46,"column":18}},"46":{"start":{"line":47,"column":0},"end":{"line":47,"column":1}},"48":{"start":{"line":49,"column":0},"end":{"line":49,"column":32}},"49":{"start":{"line":50,"column":0},"end":{"line":50,"column":37}},"50":{"start":{"line":51,"column":0},"end":{"line":51,"column":16}},"51":{"start":{"line":52,"column":0},"end":{"line":52,"column":16}},"52":{"start":{"line":53,"column":0},"end":{"line":53,"column":50}},"53":{"start":{"line":54,"column":0},"end":{"line":54,"column":54}},"55":{"start":{"line":56,"column":0},"end":{"line":56,"column":43}},"56":{"start":{"line":57,"column":0},"end":{"line":57,"column":38}},"57":{"start":{"line":58,"column":0},"end":{"line":58,"column":24}},"58":{"start":{"line":59,"column":0},"end":{"line":59,"column":1}},"97":{"start":{"line":98,"column":0},"end":{"line":98,"column":57}},"102":{"start":{"line":103,"column":0},"end":{"line":103,"column":69}},"105":{"start":{"line":106,"column":0},"end":{"line":106,"column":25}},"110":{"start":{"line":111,"column":0},"end":{"line":111,"column":57}},"111":{"start":{"line":112,"column":0},"end":{"line":112,"column":54}},"113":{"start":{"line":114,"column":0},"end":{"line":114,"column":30}},"117":{"start":{"line":118,"column":0},"end":{"line":118,"column":29}},"118":{"start":{"line":119,"column":0},"end":{"line":119,"column":40}},"120":{"start":{"line":121,"column":0},"end":{"line":121,"column":41}},"121":{"start":{"line":122,"column":0},"end":{"line":122,"column":43}},"122":{"start":{"line":123,"column":0},"end":{"line":123,"column":5}},"123":{"start":{"line":124,"column":0},"end":{"line":124,"column":3}},"142":{"start":{"line":143,"column":0},"end":{"line":143,"column":21}},"143":{"start":{"line":144,"column":0},"end":{"line":144,"column":42}},"144":{"start":{"line":145,"column":0},"end":{"line":145,"column":29}},"145":{"start":{"line":146,"column":0},"end":{"line":146,"column":11}},"146":{"start":{"line":147,"column":0},"end":{"line":147,"column":18}},"147":{"start":{"line":148,"column":0},"end":{"line":148,"column":40}},"149":{"start":{"line":150,"column":0},"end":{"line":150,"column":38}},"150":{"start":{"line":151,"column":0},"end":{"line":151,"column":30}},"151":{"start":{"line":152,"column":0},"end":{"line":152,"column":24}},"152":{"start":{"line":153,"column":0},"end":{"line":153,"column":54}},"154":{"start":{"line":155,"column":0},"end":{"line":155,"column":10}},"155":{"start":{"line":156,"column":0},"end":{"line":156,"column":7}},"157":{"start":{"line":158,"column":0},"end":{"line":158,"column":23}},"158":{"start":{"line":159,"column":0},"end":{"line":159,"column":34}},"159":{"start":{"line":160,"column":0},"end":{"line":160,"column":12}},"160":{"start":{"line":161,"column":0},"end":{"line":161,"column":25}},"161":{"start":{"line":162,"column":0},"end":{"line":162,"column":29}},"162":{"start":{"line":163,"column":0},"end":{"line":163,"column":5}},"164":{"start":{"line":165,"column":0},"end":{"line":165,"column":21}},"166":{"start":{"line":167,"column":0},"end":{"line":167,"column":52}},"168":{"start":{"line":169,"column":0},"end":{"line":169,"column":9}},"169":{"start":{"line":170,"column":0},"end":{"line":170,"column":50}},"170":{"start":{"line":171,"column":0},"end":{"line":171,"column":29}},"171":{"start":{"line":172,"column":0},"end":{"line":172,"column":17}},"172":{"start":{"line":173,"column":0},"end":{"line":173,"column":7}},"173":{"start":{"line":174,"column":0},"end":{"line":174,"column":54}},"174":{"start":{"line":175,"column":0},"end":{"line":175,"column":49}},"176":{"start":{"line":177,"column":0},"end":{"line":177,"column":43}},"181":{"start":{"line":182,"column":0},"end":{"line":182,"column":11}},"182":{"start":{"line":183,"column":0},"end":{"line":183,"column":55}},"183":{"start":{"line":184,"column":0},"end":{"line":184,"column":33}},"184":{"start":{"line":185,"column":0},"end":{"line":185,"column":20}},"185":{"start":{"line":186,"column":0},"end":{"line":186,"column":9}},"186":{"start":{"line":187,"column":0},"end":{"line":187,"column":57}},"187":{"start":{"line":188,"column":0},"end":{"line":188,"column":45}},"188":{"start":{"line":189,"column":0},"
[...]
8,"column":18}},"248":{"start":{"line":249,"column":0},"end":{"line":249,"column":3}},"250":{"start":{"line":251,"column":0},"end":{"line":251,"column":31}},"251":{"start":{"line":252,"column":0},"end":{"line":252,"column":14}},"252":{"start":{"line":253,"column":0},"end":{"line":253,"column":28}},"253":{"start":{"line":254,"column":0},"end":{"line":254,"column":24}},"254":{"start":{"line":255,"column":0},"end":{"line":255,"column":14}},"255":{"start":{"line":256,"column":0},"end":{"line":256,"column":55}},"256":{"start":{"line":257,"column":0},"end":{"line":257,"column":63}},"257":{"start":{"line":258,"column":0},"end":{"line":258,"column":5}},"259":{"start":{"line":260,"column":0},"end":{"line":260,"column":16}},"260":{"start":{"line":261,"column":0},"end":{"line":261,"column":3}},"266":{"start":{"line":267,"column":0},"end":{"line":267,"column":26}},"267":{"start":{"line":268,"column":0},"end":{"line":268,"column":37}},"268":{"start":{"line":269,"column":0},"end":{"line":269,"column":29}},"270":{"start":{"line":271,"column":0},"end":{"line":271,"column":57}},"271":{"start":{"line":272,"column":0},"end":{"line":272,"column":67}},"272":{"start":{"line":273,"column":0},"end":{"line":273,"column":35}},"273":{"start":{"line":274,"column":0},"end":{"line":274,"column":6}},"275":{"start":{"line":276,"column":0},"end":{"line":276,"column":37}},"277":{"start":{"line":278,"column":0},"end":{"line":278,"column":36}},"278":{"start":{"line":279,"column":0},"end":{"line":279,"column":71}},"279":{"start":{"line":280,"column":0},"end":{"line":280,"column":48}},"280":{"start":{"line":281,"column":0},"end":{"line":281,"column":49}},"282":{"start":{"line":283,"column":0},"end":{"line":283,"column":77}},"283":{"start":{"line":284,"column":0},"end":{"line":284,"column":76}},"285":{"start":{"line":286,"column":0},"end":{"line":286,"column":7}},"286":{"start":{"line":287,"column":0},"end":{"line":287,"column":15}},"287":{"start":{"line":288,"column":0},"end":{"line":288,"column":6}},"288":{"start":{"line":289,"column":0},"end":{"line":289,"column":3}},"298":{"start":{"line":299,"column":0},"end":{"line":299,"column":27}},"299":{"start":{"line":300,"column":0},"end":{"line":300,"column":14}},"300":{"start":{"line":301,"column":0},"end":{"line":301,"column":18}},"301":{"start":{"line":302,"column":0},"end":{"line":302,"column":29}},"302":{"start":{"line":303,"column":0},"end":{"line":303,"column":10}},"303":{"start":{"line":304,"column":0},"end":{"line":304,"column":34}},"306":{"start":{"line":307,"column":0},"end":{"line":307,"column":47}},"307":{"start":{"line":308,"column":0},"end":{"line":308,"column":53}},"308":{"start":{"line":309,"column":0},"end":{"line":309,"column":51}},"309":{"start":{"line":310,"column":0},"end":{"line":310,"column":5}},"312":{"start":{"line":313,"column":0},"end":{"line":313,"column":47}},"313":{"start":{"line":314,"column":0},"end":{"line":314,"column":75}},"318":{"start":{"line":319,"column":0},"end":{"line":319,"column":50}},"321":{"start":{"line":322,"column":0},"end":{"line":322,"column":45}},"322":{"start":{"line":323,"column":0},"end":{"line":323,"column":30}},"323":{"start":{"line":324,"column":0},"end":{"line":324,"column":55}},"324":{"start":{"line":325,"column":0},"end":{"line":325,"column":45}},"325":{"start":{"line":326,"column":0},"end":{"line":326,"column":7}},"326":{"start":{"line":327,"column":0},"end":{"line":327,"column":12}},"327":{"start":{"line":328,"column":0},"end":{"line":328,"column":55}},"328":{"start":{"line":329,"column":0},"end":{"line":329,"column":61}},"329":{"start":{"line":330,"column":0},"end":{"line":330,"column":7}},"330":{"start":{"line":331,"column":0},"end":{"line":331,"column":5}},"332":{"start":{"line":333,"column":0},"end":{"line":333,"column":18}},"333":{"start":{"line":334,"column":0},"end":{"line":334,"column":3}},"334":{"start":{"line":335,"column":0},"end":{"line":335,"column":1}}},"s":{"58":1,"60":1,"63":1,"65":1,"66":13,"68":8,"69":13,"71":8,"72":7,"73":7,"74":13,"90":1,"91":7,"92":7,"93":7,"94":7,"95":7,"97":7,"98":0,"99":0,"100":0,"102":0,"103":0,"105":0,"106":0,"107":7,"108":7,"109":7,"110":7,"112":7,"113":7,"114":7,"115":7,"117":7,"118":7,"120":7,"122":6,"123":6,"124":6,"125":6,"126":6,"128":1,"129":5,"130":5,"131":5,"132":1,"133":1,"135":7,"136":7,"137":7,"138":7,"139":7,"140":7,"141":7,"142":7,"147":1,"148":1,"149":1,"166":1,"167":15,"168":15,"169":15,"170":15,"171":15,"172":15,"174":15,"176":3,"177":1,"178":1,"180":1,"181":1,"183":2,"184":2,"185":14,"186":12,"187":12,"188":12,"190":15,"193":15,"194":11,"195":11,"197":11,"198":11,"199":7,"200":5,"201":5,"202":11,"203":5,"204":5,"205":11,"207":15,"210":15,"211":15,"212":6,"213":6,"214":15,"215":4,"216":4,"217":4,"218":4,"219":4,"220":4,"223":3,"224":3,"225":3,"226":15,"232":1,"233":5,"234":5,"235":5,"236":5,"237":5,"238":5,"240":5,"241":3,"242":5,"243":2,"244":2,"245":2,"247":5,"248":5,"250":1,"251":5,"252":5,"253":5,"254":5,"255":5,"256":21,"257":21,"259":5,"260":5,"266":1,"267":3,"268":3,"270":3,"271":3,"272":4,"273":3,"275":3,"277":3,"278":13,"279":15,"280":15,"282":15,"283":14,"285":15,"286":0,"287":13,"288":3,"298":1,"299":4,"300":4,"301":4,"302":4,"303":4,"306":4,"307":4,"308":17,"309":17,"312":4,"313":4,"318":4,"321":4,"322":4,"323":3,"324":13,"325":13,"326":4,"327":1,"328":4,"329":4,"330":1,"332":4,"333":4,"334":1},"branchMap":{"0":{"type":"branch","line":66,"loc":{"start":{"line":66,"column":2},"end":{"line":75,"column":3}},"locations":[{"start":{"line":66,"column":2},"end":{"line":75,"column":3}}]},"1":{"type":"branch","line":67,"loc":{"start":{"line":67,"column":23},"end":{"line":70,"column":33}},"locations":[{"start":{"line":67,"column":23},"end":{"line":70,"column":33}}]},"2":{"type":"branch","line":67,"loc":{"start":{"line":67,"column":23},"end":{"line":67,"column":30}},"locations":[{"start":{"line":67,"column":23},"end":{"line":67,"column":30}}]},"3":{"type":"branch","line":70,"loc":{"start":{"line":70,"column":17},"end":{"line":70,"column":33}},"locations":[{"start":{"line":70,"column":17},"end":{"line":70,"column":33}}]},"4":{"type":"branch","line":70,"loc":{"start":{"line":70,"column":33},"end":{"line":70,"column":40}},"locations":[{"start":{"line":70,"column":33},"end":{"line":70,"column":40}}]},"5":{"type":"branch","line":70,"loc":{"start":{"line":70,"column":33},"end":{"line":74,"column":5}},"locations":[{"start":{"line":70,"column":33},"end":{"line":74,"column":5}}]},"6":{"type":"branch","line":70,"loc":{"start":{"line":70,"column":33},"end":{"line":72,"column":40}},"locations":[{"start":{"line":70,"column":33},"end":{"line":72,"column":40}}]},"7":{"type":"branch","line":72,"loc":{"start":{"line":72,"column":40},"end":{"line":74,"column":5}},"locations":[{"start":{"line":72,"column":40},"end":{"line":74,"column":5}}]},"8":{"type":"branch","line":74,"loc":{"start":{"line":74,"column":4},"end":{"line":74,"column":5}},"locations":[{"start":{"line":74,"column":4},"end":{"line":74,"column":5}}]},"9":{"type":"branch","line":91,"loc":{"start":{"line":91,"column":10},"end":{"line":143,"column":3}},"locations":[{"start":{"line":91,"column":10},"end":{"line":143,"column":3}}]},"10":{"type":"branch","line":98,"loc":{"start":{"line":98,"column":37},"end":{"line":108,"column":11}},"locations":[{"start":{"line":98,"column":37},"end":{"line":108,"column":11}}]},"11":{"type":"branch","line":116,"loc":{"start":{"line":116,"column":40},"end":{"line":116,"column":55}},"locations":[{"start":{"line":116,"column":40},"end":{"line":116,"column":55}}]},"12":{"type":"branch","line":121,"loc":{"start":{"line":121,"column":40},"end":{"line":134,"column":5}},"locations":[{"start":{"line":121,"column":40},"end":{"line":134,"column":5}}]},"13":{"type":"branch","line":125,"loc":{"start":{"line":125,"column":8},"end":{"line":125,"column":52}},"locations":[{"start":{"line":125,"column":8},"end":{"line":125,"column":52}}]},"14":{"type":"branch","line":127,"loc":{"start":{"line":127,"column":4},"end":{"line":134,"column":5}},"locations":[{"start":{"line":127,"column":4},"end":{"line":134,"column":5}}]},"15":{"type":"branch","line":118,"loc":{"start":{"line":118,"column":33},"end":{"line":118,"column":62}},"locations":[{"start":{"line":118,"column":33},"end":{"line":118,"column":62}}]},"16":{"type":"branch","line":126,"loc":{"start":{"line":126,"column":19},"end":{"line":126,"column":64}},"locations":[{"start":{"line":126,"column":19},"end":{"line":126,"column":64}}]},"17":{"type":"branch","line":129,"loc":{"start":{"line":129,"column":19},"end":{"line":133,"column":7}},"locations":[{"start":{"line":129,"column":19},"end":{"line":133,"column":7}}]},"18":{"type":"branch","line":132,"loc":{"start":{"line":132,"column":25},"end":{"line":132,"column":46}},"locations":[{"start":{"line":132,"column":25},"end":{"line":132,"column":46}}]},"19":{"type":"branch","line":148,"loc":{"start":{"line":148,"column":2},"end":{"line":150,"column":3}},"locations":[{"start":{"line":148,"column":2},"end":{"line":150,"column":3}}]},"20":{"type":"branch","line":167,"loc":{"start":{"line":167,"column":2},"end":{"line":227,"column":3}},"locations":[{"start":{"line":167,"column":2},"end":{"line":227,"column":3}}]},"21":{"type":"branch","line":175,"loc":{"start":{"line":175,"column":35},"end":{"line":191,"column":44}},"locations":[{"start":{"line":175,"column":35},"end":{"line":191,"column":44}}]},"22":{"type":"branch","line":175,"loc":{"start":{"line":175,"column":35},"end":{"line":186,"column":11}},"locations":[{"start":{"line":175,"column":35},"end":{"line":186,"column":11}}]},"23":{"type":"branch","line":177,"loc":{"start":{"line":177,"column":29},"end":{"line":186,"column":11}},"locations":[{"start":{"line":177,"column":29},"end":{"line":186,"column":11}}]},"24":{"type":"branch","line":177,"loc":{"start":{"line":177,"column":29},"end":{"line":182,"column":7}},"locations":[{"start":{"line":177,"column":29},"end":{"line":182,"column":7}}]},"25":{"type":"branch","line":186,"loc":{"start":{"line":186,"column":4},"end":{"line":189,"column":5}},"locations":[{"start":{"line":186,"column":4},"end":{"line":189,"column":5}}]},"26":{"type":"branch","line":191,"loc":{"start":{"line":191,"column":39},"end":{"line":191,"column":63}},"locations":[{"start":{"line":191,"column":39},"end":{"line":191,"column":63}}]},"27":{"type":"branch","line":191,"loc":{"start":{"line":191,"column":63},"end":{"line":191,"column":75}},"locations":[{"start":{"line":191,"column":63},"end":{"line":191,"column":75}}]},"28":{"type":"branch","line":191,"loc":{"start":{"line":191,"column":70},"end":{"line":194,"column":42}},"locations":[{"start":{"line":191,"column":70},"end":{"line":194,"column":42}}]},"29":{"type":"branch","line":194,"loc":{"start":{"line":194,"column":42},"end":{"line":206,"column":5}},"locations":[{"start":{"line":194,"column":42},"end":{"line":206,"column":5}}]},"30":{"type":"branch","line":199,"loc":{"start":{"line":199,"column":8},"end":{"line":200,"column":34}},"locations":[{"start":{"line":199,"column":8},"end":{"line":200,"column":34}}]},"31":{"type":"branch","line":200,"loc":{"start":{"line":200,"column":27},"end":{"line":201,"column":43}},"locations":[{"start":{"line":200,"column":27},"end":{"line":201,"column":43}}]},"32":{"type":"branch","line":201,"loc":{"start":{"line":201,"column":34},"end":{"line":202,"column":68}},"locations":[{"start":{"line":201,"column":34},"end":{"line":202,"column":68}}]},"33":{"type":"branch","line":203,"loc":{"start":{"line":203,"column":8},"end":{"line":205,"column":7}},"locations":[{"start":{"line":203,"column":8},"end":{"line":205,"column":7}}]},"34":{"type":"branch","line":206,"loc":{"start":{"line":206,"column":4},"end":{"line":208,"column":36}},"locations":[{"start":{"line":206,"column":4},"end":{"line":208,"column":36}}]},"35":{"type":"branch","line":208,"loc":{"start":{"line":208,"column":26},"end":{"line":208,"column":43}},"locations":[{"start":{"line":208,"column":26},"end":{"line":208,"column":43}}]},"36":{"type":"branch","line":208,"loc":{"start":{"line":208,"column":36},"end":{"line":208,"column":56}},"locations":[{"start":{"line":208,"column":36},"end":{"line":208,"column":56}}]},"37":{"type":"branch","line":212,"loc":{"start":{"line":212,"column":37},"end":{"line":213,"column":24}},"locations":[{"start":{"line":212,"column":37},"end":{"line":213,"column":24}}]},"38":{"type":"branch","line":213,"loc":{"start":{"line":213,"column":20},"end":{"line":214,"column":63}},"locations":[{"start":{"line":213,"column":20},"end":{"line":214,"column":63}}]},"39":{"type":"branch","line":215,"loc":{"start":{"line":215,"column":6},"end":{"line":221,"column":5}},"locations":[{"start":{"line":215,"column":6},"end":{"line":221,"column":5}}]},"40":{"type":"branch","line":221,"loc":{"start":{"line":221,"column":4},"end":{"line":226,"column":25}},"locations":[{"start":{"line":221,"column":4},"end":{"line":226,"column":25}}]},"41":{"type":"branch","line":233,"loc":{"start":{"line":233,"column":10},"end":{"line":249,"column":3}},"locations":[{"start":{"line":233,"column":10},"end":{"line":249,"column":3}}]},"42":{"type":"branch","line":241,"loc":{"start":{"line":241,"column":29},"end":{"line":243,"column":11}},"locations":[{"start":{"line":241,"column":29},"end":{"line":243,"column":11}}]},"43":{"type":"branch","line":242,"loc":{"start":{"line":242,"column":42},"end":{"line":242,"column":71}},"locations":[{"start":{"line":242,"column":42},"end":{"line":242,"column":71}}]},"44":{"type":"branch","line":243,"loc":{"start":{"line":243,"column":4},"end":{"line":246,"column":5}},"locations":[{"start":{"line":243,"column":4},"end":{"line":246,"column":5}}]},"45":{"type":"branch","line":245,"loc":{"start":{"line":245,"column":8},"end":{"line":245,"column":53}},"locations":[{"start":{"line":245,"column":8},"end":{"line":245,"column":53}}]},"46":{"type":"branch","line":251,"loc":{"start":{"line":251,"column":10},"end":{"line":261,"column":3}},"locations":[{"start":{"line":251,"column":10},"end":{"line":261,"column":3}}]},"47":{"type":"branch","line":256,"loc":{"start":{"line":256,"column":54},"end":{"line":258,"column":5}},"locations":[{"start":{"line":256,"column":54},"end":{"line":258,"column":5}}]},"48":{"type":"branch","line":257,"loc":{"start":{"line":257,"column":50},"end":{"line":257,"column":63}},"locations":[{"start":{"line":257,"column":50},"end":{"line":257,"column":63}}]},"49":{"type":"branch","line":267,"loc":{"start":{"line":267,"column":10},"end":{"line":289,"column":3}},"locations":[{"start":{"line":267,"column":10},"end":{"line":289,"column":3}}]},"50":{"type":"branch","line":271,"loc":{"start":{"line":271,"column":35},"end":{"line":271,"column":55}},"locations":[{"start":{"line":271,"column":35},"end":{"line":271,"column":55}}]},"51":{"type":"branch","line":272,"loc":{"start":{"line":272,"column":49},"end":{"line":273,"column":35}},"locations":[{"start":{"line":272,"column":49},"end":{"line":273,"column":35}}]},"52":{"type":"branch","line":273,"loc":{"start":{"line":273,"column":28},"end":{"line":273,"column":35}},"locations":[{"start":{"line":273,"column":28},"end":{"line":273,"column":35}}]},"53":{"type":"branch","line":278,"loc":{"start":{"line":278,"column":11},"end":{"line":288,"column":6}},"locations":[{"start":{"line":278,"column":11},"end":{"line":288,"column":6}}]},"54":{"type":"branch","line":279,"loc":{"start":{"line":279,"column":70},"end":{"line":286,"column":7}},"locations":[{"start":{"line":279,"column":70},"end":{"line":286,"column":7}}]},"55":{"type":"branch","line":283,"loc":{"start":{"line":283,"column":36},"end":{"line":283,"column":77}},"locations":[{"start":{"line":283,"column":36},"end":{"line":283,"column":77}}]},"56":{"type":"branch","line":283,"loc":{"start":{"line":283,"column":75},"end":{"line":284,"column":76}},"locations":[{"start":{"line":283,"column":75},"end":{"line":284,"column":76}}]},"57":{"type":"branch","line":283,"loc":{"start":{"line":283,"column":75},"end":{"line":284,"column":43}},"locations":[{"start":{"line":283,"column":75},"end":{"line":284,"column":43}}]},"58":{"type":"branch","line":284,"loc":{"start":{"line":284,"column":36},"end":{"line":284,"column":76}},"locations":[{"start":{"line":284,"column":36},"end":{"line":284,"column":76}}]},"59":{"type":"branch","line":286,"loc":{"start":{"line":286,"column":6},"end":{"line":287,"column":15}},"locations":[{"start":{"line":286,"column":6},"end":{"line":287,"column":15}}]},"60":{"type":"branch","line":299,"loc":{"start":{"line":299,"column":10},"end":{"line":334,"column":3}},"locations":[{"start":{"line":299,"column":10},"end":{"line":334,"column":3}}]},"61":{"type":"branch","line":308,"loc":{"start":{"line":308,"column":52},"end":{"line":310,"column":5}},"locations":[{"start":{"line":308,"column":52},"end":{"line":310,"column":5}}]},"62":{"type":"branch","line":314,"loc":{"start":{"line":314,"column":52},"end":{"line":314,"column":75}},"locations":[{"start":{"line":314,"column":52},"end":{"line":314,"column":75}}]},"63":{"type":"branch","line":323,"loc":{"start":{"line":323,"column":29},"end":{"line":327,"column":11}},"locations":[{"start":{"line":323,"column":29},"end":{"line":327,"column":11}}]},"64":{"type":"branch","line":324,"loc":{"start":{"line":324,"column":54},"end":{"line":326,"column":7}},"locations":[{"start":{"line":324,"column":54},"end":{"line":326,"column":7}}]},"65":{"type":"branch","line":327,"loc":{"start":{"line":327,"column":4},"end":{"line":331,"column":5}},"locations":[{"start":{"line":327,"column":4},"end":{"line":331,"column":5}}]},"66":{"type":"branch","line":328,"loc":{"start":{"line":328,"column":54},"end":{"line":330,"column":7}},"locations":[{"start":{"line":328,"column":54},"end":{"line":330,"column":7}}]},"67":{"type":"branch","line":319,"loc":{"start":{"line":319,"column":17},"end":{"line":319,"column":48}},"locations":[{"start":{"line":319,"column":17},"end":{"line":319,"column":48}}]}},"b":{"0":[13],"1":[8],"2":[5],"3":[6],"4":[2],"5":[8],"6":[6],"7":[7],"8":[6],"9":[7],"10":[0],"11":[30],"12":[6],"13":[25],"14":[1],"15":[30],"16":[32],"17":[5],"18":[0],"19":[1],"20":[15],"21":[14],"22":[3],"23":[2],"24":[1],"25":[12],"26":[13],"27":[2],"28":[12],"29":[11],"30":[7],"31":[5],"32":[5],"33":[5],"34":[7],"35":[1],"36":[6],"37":[6],"38":[6],"39":[4],"40":[3],"41":[5],"42":[3],"43":[13],"44":[2],"45":[8],"46":[5],"47":[21],"48":[0],"49":[3],"50":[4],"51":[4],"52":[0],"53":[13],"54":[15],"55":[6],"56":[14],"57":[9],"58":[7],"59":[0],"60":[4],"61":[17],"62":[17],"63":[3],"64":[13],"65":[1],"66":[4],"67":[23]},"fnMap":{"0":{"name":"SortEngine","decl":{"start":{"line":66,"column":2},"end":{"line":75,"column":3}},"loc":{"start":{"line":66,"column":2},"end":{"line":75,"column":3}},"line":66},"1":{"name":"buildIndex","decl":{"start":{"line":91,"column":10},"end":{"line":143,"column":3}},"loc":{"start":{"line":91,"column":10},"end":{"line":143,"column":3}},"line":91},"2":{"name":"clearIndexes","decl":{"start":{"line":148,"column":2},"end":{"line":150,"column":3}},"loc":{"start":{"line":148,"column":2},"end":{"line":150,"column":3}},"line":148},"3":{"name":"sort","decl":{"start":{"line":167,"column":2},"end":{"line":227,"column":3}},"loc":{"start":{"line":167,"column":2},"end":{"line":227,"column":3}},"line":167},"4":{"name":"reconstructFromIndex","decl":{"start":{"line":233,"column":10},"end":{"line":249,"column":3}},"loc":{"start":{"line":233,"column":10},"end":{"line":249,"column":3}},"line":233},"5":{"name":"isFieldSnapshotValid","decl":{"start":{"line":251,"column":10},"end":{"line":261,"column":3}},"loc":{"start":{"line":251,"column":10},"end":{"line":261,"column":3}},"line":251},"6":{"name":"buildComparator","decl":{"start":{"line":267,"column":10},"end":{"line":289,"column":3}},"loc":{"start":{"line":267,"column":10},"end":{"line":289,"column":3}},"line":267},"7":{"name":"radixSortNumeric","decl":{"start":{"line":299,"column":10},"end":{"line":334,"column":3}},"loc":{"start":{"line":299,"column":10},"end":{"line":334,"column":3}},"line":299}},"f":{"0":13,"1":7,"2":1,"3":15,"4":5,"5":5,"6":3,"7":4}}
}
