{"C:\\Users\\traeo\\OneDrive\\Dokumenti\\projects\\npm\\mega-collection\\src\\indexer.test.ts": {"path":"C:\\Users\\traeo\\OneDrive\\Dokumenti\\projects\\npm\\mega-collection\\src\\indexer.test.ts","all":false,"statementMap":{"0":{"start":{"line":1,"column":0},"end":{"line":1,"column":58}},"2":{"start":{"line":3,"column":0},"end":{"line":3,"column":36}},"11":{"start":{"line":12,"column":0},"end":{"line":12,"column":29}},"12":{"start":{"line":13,"column":0},"end":{"line":13,"column":49}},"13":{"start":{"line":14,"column":0},"end":{"line":14,"column":45}},"14":{"start":{"line":15,"column":0},"end":{"line":15,"column":49}},"15":{"start":{"line":16,"column":0},"end":{"line":16,"column":45}},"16":{"start":{"line":17,"column":0},"end":{"line":17,"column":41}},"17":{"start":{"line":18,"column":0},"end":{"line":18,"column":2}},"19":{"start":{"line":20,"column":0},"end":{"line":20,"column":27}},"20":{"start":{"line":21,"column":0},"end":{"line":21,"column":32}},"22":{"start":{"line":23,"column":0},"end":{"line":23,"column":20}},"23":{"start":{"line":24,"column":0},"end":{"line":24,"column":37}},"24":{"start":{"line":25,"column":0},"end":{"line":25,"column":5}},"26":{"start":{"line":27,"column":0},"end":{"line":27,"column":74}},"27":{"start":{"line":28,"column":0},"end":{"line":28,"column":45}},"29":{"start":{"line":30,"column":0},"end":{"line":30,"column":52}},"30":{"start":{"line":31,"column":0},"end":{"line":31,"column":74}},"31":{"start":{"line":32,"column":0},"end":{"line":32,"column":5}},"33":{"start":{"line":34,"column":0},"end":{"line":34,"column":63}},"34":{"start":{"line":35,"column":0},"end":{"line":35,"column":29}},"35":{"start":{"line":36,"column":0},"end":{"line":36,"column":64}},"36":{"start":{"line":37,"column":0},"end":{"line":37,"column":65}},"37":{"start":{"line":38,"column":0},"end":{"line":38,"column":58}},"38":{"start":{"line":39,"column":0},"end":{"line":39,"column":6}},"39":{"start":{"line":40,"column":0},"end":{"line":40,"column":36}},"41":{"start":{"line":42,"column":0},"end":{"line":42,"column":62}},"42":{"start":{"line":43,"column":0},"end":{"line":43,"column":60}},"43":{"start":{"line":44,"column":0},"end":{"line":44,"column":5}},"45":{"start":{"line":46,"column":0},"end":{"line":46,"column":63}},"46":{"start":{"line":47,"column":0},"end":{"line":47,"column":70}},"47":{"start":{"line":48,"column":0},"end":{"line":48,"column":5}},"49":{"start":{"line":50,"column":0},"end":{"line":50,"column":52}},"50":{"start":{"line":51,"column":0},"end":{"line":51,"column":45}},"52":{"start":{"line":53,"column":0},"end":{"line":53,"column":68}},"53":{"start":{"line":54,"column":0},"end":{"line":54,"column":35}},"54":{"start":{"line":55,"column":0},"end":{"line":55,"column":5}},"56":{"start":{"line":57,"column":0},"end":{"line":57,"column":70}},"57":{"start":{"line":58,"column":0},"end":{"line":58,"column":45}},"59":{"start":{"line":60,"column":0},"end":{"line":60,"column":80}},"60":{"start":{"line":61,"column":0},"end":{"line":61,"column":35}},"61":{"start":{"line":62,"column":0},"end":{"line":62,"column":40}},"62":{"start":{"line":63,"column":0},"end":{"line":63,"column":38}},"63":{"start":{"line":64,"column":0},"end":{"line":64,"column":5}},"65":{"start":{"line":66,"column":0},"end":{"line":66,"column":64}},"66":{"start":{"line":67,"column":0},"end":{"line":67,"column":77}},"67":{"start":{"line":68,"column":0},"end":{"line":68,"column":9}},"68":{"start":{"line":69,"column":0},"end":{"line":69,"column":6}},"69":{"start":{"line":70,"column":0},"end":{"line":70,"column":5}},"71":{"start":{"line":72,"column":0},"end":{"line":72,"column":41}},"72":{"start":{"line":73,"column":0},"end":{"line":73,"column":45}},"73":{"start":{"line":74,"column":0},"end":{"line":74,"column":20}},"75":{"start":{"line":76,"column":0},"end":{"line":76,"column":53}},"76":{"start":{"line":77,"column":0},"end":{"line":77,"column":70}},"77":{"start":{"line":78,"column":0},"end":{"line":78,"column":5}},"79":{"start":{"line":80,"column":0},"end":{"line":80,"column":81}},"80":{"start":{"line":81,"column":0},"end":{"line":81,"column":45}},"82":{"start":{"line":83,"column":0},"end":{"line":83,"column":64}},"83":{"start":{"line":84,"column":0},"end":{"line":84,"column":57}},"84":{"start":{"line":85,"column":0},"end":{"line":85,"column":5}},"85":{"start":{"line":86,"column":0},"end":{"line":86,"column":3}}},"s":{"0":1,"2":1,"11":1,"12":1,"13":1,"14":1,"15":1,"16":1,"17":1,"19":1,"20":1,"22":1,"23":8,"24":1,"26":1,"27":1,"29":1,"30":1,"31":1,"33":1,"34":1,"35":1,"36":1,"37":1,"38":1,"39":1,"41":1,"42":1,"43":1,"45":1,"46":1,"47":1,"49":1,"50":1,"52":1,"53":1,"54":1,"56":1,"57":1,"59":1,"60":1,"61":1,"62":1,"63":1,"65":1,"66":1,"67":1,"68":1,"69":1,"71":1,"72":1,"73":1,"75":1,"76":1,"77":1,"79":1,"80":1,"82":1,"83":1,"84":1,"85":1},"branchMap":{"0":{"type":"branch","line":20,"loc":{"start":{"line":20,"column":20},"end":{"line":86,"column":3}},"locations":[{"start":{"line":20,"column":20},"end":{"line":86,"column":3}}]},"1":{"type":"branch","line":23,"loc":{"start":{"line":23,"column":13},"end":{"line":25,"column":3}},"locations":[{"start":{"line":23,"column":13},"end":{"line":25,"column":3}}]},"2":{"type":"branch","line":27,"loc":{"start":{"line":27,"column":67},"end":{"line":32,"column":3}},"locations":[{"start":{"line":27,"column":67},"end":{"line":32,"column":3}}]},"3":{"type":"branch","line":34,"loc":{"start":{"line":34,"column":56},"end":{"line":44,"column":3}},"locations":[{"start":{"line":34,"column":56},"end":{"line":44,"column":3}}]},"4":{"type":"branch","line":46,"loc":{"start":{"line":46,"column":56},"end":{"line":48,"column":3}},"locations":[{"start":{"line":46,"column":56},"end":{"line":48,"column":3}}]},"5":{"type":"branch","line":50,"loc":{"start":{"line":50,"column":45},"end":{"line":55,"column":3}},"locations":[{"start":{"line":50,"column":45},"end":{"line":55,"column":3}}]},"6":{"type":"branch","line":57,"loc":{"start":{"line":57,"column":63},"end":{"line":64,"column":3}},"locations":[{"start":{"line":57,"column":63},"end":{"line":64,"column":3}}]},"7":{"type":"branch","line":62,"loc":{"start":{"line":62,"column":27},"end":{"line":62,"column":38}},"locations":[{"start":{"line":62,"column":27},"end":{"line":62,"column":38}}]},"8":{"type":"branch","line":66,"loc":{"start":{"line":66,"column":57},"end":{"line":70,"column":3}},"locations":[{"start":{"line":66,"column":57},"end":{"line":70,"column":3}}]},"9":{"type":"branch","line":72,"loc":{"start":{"line":72,"column":34},"end":{"line":78,"column":3}},"locations":[{"start":{"line":72,"column":34},"end":{"line":78,"column":3}}]},"10":{"type":"branch","line":80,"loc":{"start":{"line":80,"column":74},"end":{"line":85,"column":3}},"locations":[{"start":{"line":80,"column":74},"end":{"line":85,"column":3}}]}},"b":{"0":[1],"1":[8],"2":[1],"3":[1],"4":[1],"5":[1],"6":[1],"7":[4],"8":[1],"9":[1],"10":[1]},"fnMap":{},"f":{}}
,"C:\\Users\\traeo\\OneDrive\\Dokumenti\\projects\\npm\\mega-collection\\src\\indexer.ts": {"path":"C:\\Users\\traeo\\OneDrive\\Dokumenti\\projects\\npm\\mega-collection\\src\\indexer.ts","all":false,"statementMap":{"7":{"start":{"line":8,"column":0},"end":{"line":8,"column":48}},"8":{"start":{"line":9,"column":0},"end":{"line":9,"column":53}},"10":{"start":{"line":11,"column":0},"end":{"line":11,"column":56}},"11":{"start":{"line":12,"column":0},"end":{"line":12,"column":41}},"13":{"start":{"line":14,"column":0},"end":{"line":14,"column":9}},"14":{"start":{"line":15,"column":0},"end":{"line":15,"column":50}},"15":{"start":{"line":16,"column":0},"end":{"line":16,"column":29}},"16":{"start":{"line":17,"column":0},"end":{"line":17,"column":17}},"17":{"start":{"line":18,"column":0},"end":{"line":18,"column":7}},"18":{"start":{"line":19,"column":0},"end":{"line":19,"column":35}},"19":{"start":{"line":20,"column":0},"end":{"line":20,"column":37}},"20":{"start":{"line":21,"column":0},"end":{"line":21,"column":68}},"22":{"start":{"line":23,"column":0},"end":{"line":23,"column":46}},"23":{"start":{"line":24,"column":0},"end":{"line":24,"column":19}},"24":{"start":{"line":25,"column":0},"end":{"line":25,"column":26}},"25":{"start":{"line":26,"column":0},"end":{"line":26,"column":14}},"26":{"start":{"line":27,"column":0},"end":{"line":27,"column":41}},"27":{"start":{"line":28,"column":0},"end":{"line":28,"column":7}},"28":{"start":{"line":29,"column":0},"end":{"line":29,"column":5}},"30":{"start":{"line":31,"column":0},"end":{"line":31,"column":48}},"31":{"start":{"line":32,"column":0},"end":{"line":32,"column":3}},"33":{"start":{"line":34,"column":0},"end":{"line":34,"column":56}},"34":{"start":{"line":35,"column":0},"end":{"line":35,"column":55}},"35":{"start":{"line":36,"column":0},"end":{"line":36,"column":29}},"36":{"start":{"line":37,"column":0},"end":{"line":37,"column":37}},"37":{"start":{"line":38,"column":0},"end":{"line":38,"column":3}},"39":{"start":{"line":40,"column":0},"end":{"line":40,"column":60}},"40":{"start":{"line":41,"column":0},"end":{"line":41,"column":55}},"41":{"start":{"line":42,"column":0},"end":{"line":42,"column":29}},"43":{"start":{"line":44,"column":0},"end":{"line":44,"column":30}},"44":{"start":{"line":45,"column":0},"end":{"line":45,"column":43}},"45":{"start":{"line":46,"column":0},"end":{"line":46,"column":5}},"47":{"start":{"line":48,"column":0},"end":{"line":48,"column":35}},"48":{"start":{"line":49,"column":0},"end":{"line":49,"column":27}},"50":{"start":{"line":51,"column":0},"end":{"line":51,"column":72}},"51":{"start":{"line":52,"column":0},"end":{"line":52,"column":54}},"52":{"start":{"line":53,"column":0},"end":{"line":53,"column":41}},"54":{"start":{"line":55,"column":0},"end":{"line":55,"column":77}},"55":{"start":{"line":56,"column":0},"end":{"line":56,"column":41}},"56":{"start":{"line":57,"column":0},"end":{"line":57,"column":35}},"57":{"start":{"line":58,"column":0},"end":{"line":58,"column":30}},"58":{"start":{"line":59,"column":0},"end":{"line":59,"column":28}},"59":{"start":{"line":60,"column":0},"end":{"line":60,"column":9}},"60":{"start":{"line":61,"column":0},"end":{"line":61,"column":7}},"61":{"start":{"line":62,"column":0},"end":{"line":62,"column":5}},"63":{"start":{"line":64,"column":0},"end":{"line":64,"column":18}},"64":{"start":{"line":65,"column":0},"end":{"line":65,"column":3}},"66":{"start":{"line":67,"column":0},"end":{"line":67,"column":36}},"67":{"start":{"line":68,"column":0},"end":{"line":68,"column":35}},"68":{"start":{"line":69,"column":0},"end":{"line":69,"column":3}},"70":{"start":{"line":71,"column":0},"end":{"line":71,"column":17}},"71":{"start":{"line":72,"column":0},"end":{"line":72,"column":25}},"72":{"start":{"line":73,"column":0},"end":{"line":73,"column":3}},"74":{"start":{"line":75,"column":0},"end":{"line":75,"column":57}},"75":{"start":{"line":76,"column":0},"end":{"line":76,"column":35}},"76":{"start":{"line":77,"column":0},"end":{"line":77,"column":3}},"77":{"start":{"line":78,"column":0},"end":{"line":78,"column":1}}},"s":{"7":1,"8":21,"10":1,"11":17,"13":17,"14":17,"15":17,"16":17,"17":17,"18":83,"19":83,"20":83,"22":81,"23":83,"24":32,"25":83,"26":49,"27":49,"28":83,"30":17,"31":17,"33":1,"34":5,"35":5,"36":5,"37":5,"39":1,"40":15,"41":15,"43":15,"44":10,"45":10,"47":4,"48":4,"50":15,"51":8,"52":8,"54":8,"55":15,"56":15,"57":15,"58":15,"59":15,"60":15,"61":8,"63":4,"64":15,"66":1,"67":20,"68":20,"70":1,"71":1,"72":1,"74":1,"75":4,"76":4,"77":1},"branchMap":{"0":{"type":"branch","line":8,"loc":{"start":{"line":8,"column":7},"end":{"line":9,"column":53}},"locations":[{"start":{"line":8,"column":7},"end":{"line":9,"column":53}}]},"1":{"type":"branch","line":11,"loc":{"start":{"line":11,"column":2},"end":{"line":32,"column":3}},"locations":[{"start":{"line":11,"column":2},"end":{"line":32,"column":3}}]},"2":{"type":"branch","line":18,"loc":{"start":{"line":18,"column":6},"end":{"line":29,"column":5}},"locations":[{"start":{"line":18,"column":6},"end":{"line":29,"column":5}}]},"3":{"type":"branch","line":21,"loc":{"start":{"line":21,"column":25},"end":{"line":21,"column":59}},"locations":[{"start":{"line":21,"column":25},"end":{"line":21,"column":59}}]},"4":{"type":"branch","line":21,"loc":{"start":{"line":21,"column":59},"end":{"line":21,"column":68}},"locations":[{"start":{"line":21,"column":59},"end":{"line":21,"column":68}}]},"5":{"type":"branch","line":21,"loc":{"start":{"line":21,"column":59},"end":{"line":24,"column":18}},"locations":[{"start":{"line":21,"column":59},"end":{"line":24,"column":18}}]},"6":{"type":"branch","line":24,"loc":{"start":{"line":24,"column":18},"end":{"line":26,"column":13}},"locations":[{"start":{"line":24,"column":18},"end":{"line":26,"column":13}}]},"7":{"type":"branch","line":26,"loc":{"start":{"line":26,"column":6},"end":{"line":28,"column":7}},"locations":[{"start":{"line":26,"column":6},"end":{"line":28,"column":7}}]},"8":{"type":"branch","line":34,"loc":{"start":{"line":34,"column":2},"end":{"line":38,"column":3}},"locations":[{"start":{"line":34,"column":2},"end":{"line":38,"column":3}}]},"9":{"type":"branch","line":36,"loc":{"start":{"line":36,"column":19},"end":{"line":36,"column":29}},"locations":[{"start":{"line":36,"column":19},"end":{"line":36,"column":29}}]},"10":{"type":"branch","line":36,"loc":{"start":{"line":36,"column":27},"end":{"line":37,"column":34}},"locations":[{"start":{"line":36,"column":27},"end":{"line":37,"column":34}}]},"11":{"type":"branch","line":37,"loc":{"start":{"line":37,"column":29},"end":{"line":37,"column":37}},"locations":[{"start":{"line":37,"column":29},"end":{"line":37,"column":37}}]},"12":{"type":"branch","line":40,"loc":{"start":{"line":40,"column":2},"end":{"line":65,"column":3}},"locations":[{"start":{"line":40,"column":2},"end":{"line":65,"column":3}}]},"13":{"type":"branch","line":42,"loc":{"start":{"line":42,"column":19},"end":{"line":42,"column":29}},"locations":[{"start":{"line":42,"column":19},"end":{"line":42,"column":29}}]},"14":{"type":"branch","line":42,"loc":{"start":{"line":42,"column":27},"end":{"line":44,"column":29}},"locations":[{"start":{"line":42,"column":27},"end":{"line":44,"column":29}}]},"15":{"type":"branch","line":44,"loc":{"start":{"line":44,"column":29},"end":{"line":46,"column":5}},"locations":[{"start":{"line":44,"column":29},"end":{"line":46,"column":5}}]},"16":{"type":"branch","line":45,"loc":{"start":{"line":45,"column":35},"end":{"line":45,"column":43}},"locations":[{"start":{"line":45,"column":35},"end":{"line":45,"column":43}}]},"17":{"type":"branch","line":46,"loc":{"start":{"line":46,"column":4},"end":{"line":51,"column":71}},"locations":[{"start":{"line":46,"column":4},"end":{"line":51,"column":71}}]},"18":{"type":"branch","line":51,"loc":{"start":{"line":51,"column":71},"end":{"line":62,"column":5}},"locations":[{"start":{"line":51,"column":71},"end":{"line":62,"column":5}}]},"19":{"type":"branch","line":53,"loc":{"start":{"line":53,"column":32},"end":{"line":53,"column":41}},"locations":[{"start":{"line":53,"column":32},"end":{"line":53,"column":41}}]},"20":{"type":"branch","line":55,"loc":{"start":{"line":55,"column":76},"end":{"line":61,"column":7}},"locations":[{"start":{"line":55,"column":76},"end":{"line":61,"column":7}}]},"21":{"type":"branch","line":62,"loc":{"start":{"line":62,"column":4},"end":{"line":64,"column":18}},"locations":[{"start":{"line":62,"column":4},"end":{"line":64,"column":18}}]},"22":{"type":"branch","line":67,"loc":{"start":{"line":67,"column":2},"end":{"line":69,"column":3}},"locations":[{"start":{"line":67,"column":2},"end":{"line":69,"column":3}}]},"23":{"type":"branch","line":71,"loc":{"start":{"line":71,"column":2},"end":{"line":73,"column":3}},"locations":[{"start":{"line":71,"column":2},"end":{"line":73,"column":3}}]},"24":{"type":"branch","line":75,"loc":{"start":{"line":75,"column":2},"end":{"line":77,"column":3}},"locations":[{"start":{"line":75,"column":2},"end":{"line":77,"column":3}}]}},"b":{"0":[21],"1":[17],"2":[83],"3":[82],"4":[2],"5":[81],"6":[32],"7":[49],"8":[5],"9":[2],"10":[3],"11":[1],"12":[15],"13":[1],"14":[14],"15":[10],"16":[0],"17":[4],"18":[8],"19":[0],"20":[15],"21":[4],"22":[20],"23":[1],"24":[4]},"fnMap":{"0":{"name":"Indexer","decl":{"start":{"line":8,"column":7},"end":{"line":9,"column":53}},"loc":{"start":{"line":8,"column":7},"end":{"line":9,"column":53}},"line":8},"1":{"name":"buildIndex","decl":{"start":{"line":11,"column":2},"end":{"line":32,"column":3}},"loc":{"start":{"line":11,"column":2},"end":{"line":32,"column":3}},"line":11},"2":{"name":"getByValue","decl":{"start":{"line":34,"column":2},"end":{"line":38,"column":3}},"loc":{"start":{"line":34,"column":2},"end":{"line":38,"column":3}},"line":34},"3":{"name":"getByValues","decl":{"start":{"line":40,"column":2},"end":{"line":65,"column":3}},"loc":{"start":{"line":40,"column":2},"end":{"line":65,"column":3}},"line":40},"4":{"name":"hasIndex","decl":{"start":{"line":67,"column":2},"end":{"line":69,"column":3}},"loc":{"start":{"line":67,"column":2},"end":{"line":69,"column":3}},"line":67},"5":{"name":"clear","decl":{"start":{"line":71,"column":2},"end":{"line":73,"column":3}},"loc":{"start":{"line":71,"column":2},"end":{"line":73,"column":3}},"line":71},"6":{"name":"getIndexMap","decl":{"start":{"line":75,"column":2},"end":{"line":77,"column":3}},"loc":{"start":{"line":75,"column":2},"end":{"line":77,"column":3}},"line":75}},"f":{"0":21,"1":17,"2":5,"3":15,"4":20,"5":1,"6":4}}
,"C:\\Users\\traeo\\OneDrive\\Dokumenti\\projects\\npm\\mega-collection\\src\\filter\\filter.test.ts": {"path":"C:\\Users\\traeo\\OneDrive\\Dokumenti\\projects\\npm\\mega-collection\\src\\filter\\filter.test.ts","all":false,"statementMap":{"0":{"start":{"line":1,"column":0},"end":{"line":1,"column":58}},"2":{"start":{"line":3,"column":0},"end":{"line":3,"column":40}},"12":{"start":{"line":13,"column":0},"end":{"line":13,"column":23}},"13":{"start":{"line":14,"column":0},"end":{"line":14,"column":64}},"14":{"start":{"line":15,"column":0},"end":{"line":15,"column":63}},"15":{"start":{"line":16,"column":0},"end":{"line":16,"column":63}},"16":{"start":{"line":17,"column":0},"end":{"line":17,"column":65}},"17":{"start":{"line":18,"column":0},"end":{"line":18,"column":63}},"18":{"start":{"line":19,"column":0},"end":{"line":19,"column":2}},"20":{"start":{"line":21,"column":0},"end":{"line":21,"column":32}},"21":{"start":{"line":22,"column":0},"end":{"line":22,"column":57}},"22":{"start":{"line":23,"column":0},"end":{"line":23,"column":44}},"23":{"start":{"line":24,"column":0},"end":{"line":24,"column":49}},"24":{"start":{"line":25,"column":0},"end":{"line":25,"column":5}},"26":{"start":{"line":27,"column":0},"end":{"line":27,"column":56}},"27":{"start":{"line":28,"column":0},"end":{"line":28,"column":43}},"28":{"start":{"line":29,"column":0},"end":{"line":29,"column":18}},"29":{"start":{"line":30,"column":0},"end":{"line":30,"column":30}},"30":{"start":{"line":31,"column":0},"end":{"line":31,"column":7}},"32":{"start":{"line":33,"column":0},"end":{"line":33,"column":41}},"33":{"start":{"line":34,"column":0},"end":{"line":34,"column":50}},"34":{"start":{"line":35,"column":0},"end":{"line":35,"column":37}},"35":{"start":{"line":36,"column":0},"end":{"line":36,"column":7}},"37":{"start":{"line":38,"column":0},"end":{"line":38,"column":52}},"38":{"start":{"line":39,"column":0},"end":{"line":39,"column":5}},"40":{"start":{"line":41,"column":0},"end":{"line":41,"column":64}},"41":{"start":{"line":42,"column":0},"end":{"line":42,"column":77}},"43":{"start":{"line":44,"column":0},"end":{"line":44,"column":41}},"44":{"start":{"line":45,"column":0},"end":{"line":45,"column":50}},"45":{"start":{"line":46,"column":0},"end":{"line":46,"column":42}},"46":{"start":{"line":47,"column":0},"end":{"line":47,"column":7}},"48":{"start":{"line":49,"column":0},"end":{"line":49,"column":55}},"49":{"start":{"line":50,"column":0},"end":{"line":50,"column":5}},"51":{"start":{"line":52,"column":0},"end":{"line":52,"column":59}},"52":{"start":{"line":53,"column":0},"end":{"line":53,"column":44}},"54":{"start":{"line":55,"column":0},"end":{"line":55,"column":41}},"55":{"start":{"line":56,"column":0},"end":{"line":56,"column":51}},"56":{"start":{"line":57,"column":0},"end":{"line":57,"column":37}},"57":{"start":{"line":58,"column":0},"end":{"line":58,"column":7}},"59":{"start":{"line":60,"column":0},"end":{"line":60,"column":52}},"60":{"start":{"line":61,"column":0},"end":{"line":61,"column":5}},"62":{"start":{"line":63,"column":0},"end":{"line":63,"column":75}},"63":{"start":{"line":64,"column":0},"end":{"line":64,"column":77}},"64":{"start":{"line":65,"column":0},"end":{"line":65,"column":11}},"65":{"start":{"line":66,"column":0},"end":{"line":66,"column":77}},"66":{"start":{"line":67,"column":0},"end":{"line":67,"column":19}},"68":{"start":{"line":69,"column":0},"end":{"line":69,"column":43}},"69":{"start":{"line":70,"column":0},"end":{"line":70,"column":78}},"70":{"start":{"line":71,"column":0},"end":{"line":71,"column":29}},"71":{"start":{"line":72,"column":0},"end":{"line":72,"column":6}},"72":{"start":{"line":73,"column":0},"end":{"line":73,"column":5}},"74":{"start":{"line":75,"column":0},"end":{"line":75,"column":66}},"75":{"start":{"line":76,"column":0},"end":{"line":76,"column":77}},"76":{"start":{"line":77,"column":0},"end":{"line":77,"column":11}},"77":{"start":{"line":78,"column":0},"end":{"line":78,"column":12}},"78":{"start":{"line":79,"column":0},"end":{"line":79,"column":61}},"79":{"start":{"line":80,"column":0},"end":{"line":80,"column":26}},"80":{"start":{"line":81,"column":0},"end":{"line":81,"column":22}},"81":{"start":{"line":82,"column":0},"end":{"line":82,"column":5}},"83":{"start":{"line":84,"column":0},"end":{"line":84,"column":62}},"84":{"start":{"line":85,"column":0},"end":{"line":85,"column":35}},"86":{"start":{"line":87,"column":0},"end":{"line":87,"column":22}},"87":{"start":{"line":88,"column":0},"end":{"line":88,"column":39}},"88":{"start":{"line":89,"column":0},"end":{"line":89,"column":20}},"89":{"start":{"line":90,"column":0},"end":{"line":90,"column":25}},"90":{"start":{"line":91,"column":0},"end":{"line":91,"column":37}},"91":{"start":{"line":92,"column":0},"end":{"line":92,"column":9}},"92":{"start":{"line":93,"column":0},"end":{"line":93,"column":7}},"94":{"start":{"line":95,"column":0},"end":{"line":95,"column":70}},"95":{"start":{"line":96,"column":0},"end":{"line":96,"column":73}},"96":{"start":{"line":97,"column":0},"end":{"line":97,"column":74}},"97":{"start":{"line":98,"column":0},"end":{"line":98,"column":33}},"98":{"start":{"line":99,"column":0},"end":{"line":99,"column":7}},"100":{"start":{"line":101,"column":0},"end":{"line":101,"column":56}},"101":{"start":{"line":102,"column":0},"end":{"line":102,"column":67}},"102":{"start":{"line":103,"column":0},"end":{"line":103,"column":36}},"103":{"start":{"line":104,"column":0},"end":{"line":104,"column":52}},"104":{"start":{"line":105,"column":0},"end":{"line":105,"column":39}},"105":{"start":{"line":106,"column":0},"end":{"line":106,"column":9}},"106":{"start":{"line":107,"column":0},"end":{"line":107,"column":37}},"107":{"start":{"line":108,"column":0},"end":{"line":108,"column":7}},"109":{"start":{"line":110,"column":0},"end":{"line":110,"column":76}},"110":{"start":{"line":111,"column":0},"end":{"line":111,"column":21}},"111":{"start":{"line":112,"column":0},"end":{"line":112,"column":44}},"112":{"start":{"line":113,"column":0},"end":{"line":113,"column":39}},"113":{"start":{"line":114,"column":0},"end":{"line":114,"column":9}},"114":{"start":{"line":115,"column":0},"end":{"line":115,"column":74}},"115":{"start":{"line":116,"column":0},"end":{"line":116,"column":37}},"116":{"start":{"line":117,"column":0},"end":{"line":117,"column":7}},"118":{"start":{"line":119,"column":0},"end":{"line":119,"column":58}},"119":{"start":{"line":120,"column":0},"end":{"line":120,"column":59}},"120":{"start":{"line":121,"column":0},"end":{"line":121,"column":32}},"121":{"start":{"line":122,"column":0},"end":{"line":122,"column":74}},"122":{"start":{"line":123,"column":0},"end":{"line":123,"column":78}},"123":{"start":{"line":124,"column":0},"end":{"line":124,"column":7}},"124":{"start":{"line":125,"column":0},"end":{"line":125,"column":5}},"125":{"start":{"line":126,"column":0},"end":{"line":126,"column":3}}},"s":{"0":1,"2":1,"12":1,"13":1,"14":1,"15":1,"16":1,"17":1,"18":1,"20":1,"21":1,"22":1,"23":1,"24":1,"26":1,"27":1,"28":1,"29":1,"30":1,"32":1,"33":1,"34":1,"35":1,"37":1,"38":1,"40":1,"41":1,"43":1,"44":1,"45":1,"46":1,"48":1,"49":1,"51":1,"52":1,"54":1,"55":1,"56":1,"57":1,"59":1,"60":1,"62":1,"63":1,"64":1,"65":1,"66":1,"68":1,"69":1,"70":1,"71":1,"72":1,"74":1,"75":1,"76":1,"77":1,"78":1,"79":1,"80":1,"81":1,"83":1,"84":1,"86":1,"87":4,"88":4,"89":4,"90":4,"91":4,"92":1,"94":1,"95":1,"96":1,"97":1,"98":1,"100":1,"101":1,"102":1,"103":1,"104":1,"105":1,"106":1,"107":1,"109":1,"110":1,"111":1,"112":1,"113":1,"114":1,"115":1,"116":1,"118":1,"119":1,"120":1,"121":1,"122":1,"123":1,"124":1,"125":1},"branchMap":{"0":{"type":"branch","line":21,"loc":{"start":{"line":21,"column":25},"end":{"line":126,"column":3}},"locations":[{"start":{"line":21,"column":25},"end":{"line":126,"column":3}}]},"1":{"type":"branch","line":22,"loc":{"start":{"line":22,"column":50},"end":{"line":25,"column":3}},"locations":[{"start":{"line":22,"column":50},"end":{"line":25,"column":3}}]},"2":{"type":"branch","line":27,"loc":{"start":{"line":27,"column":49},"end":{"line":39,"column":3}},"locations":[{"start":{"line":27,"column":49},"end":{"line":39,"column":3}}]},"3":{"type":"branch","line":38,"loc":{"start":{"line":38,"column":22},"end":{"line":38,"column":33}},"locations":[{"start":{"line":38,"column":22},"end":{"line":38,"column":33}}]},"4":{"type":"branch","line":41,"loc":{"start":{"line":41,"column":57},"end":{"line":50,"column":3}},"locations":[{"start":{"line":41,"column":57},"end":{"line":50,"column":3}}]},"5":{"type":"branch","line":49,"loc":{"start":{"line":49,"column":22},"end":{"line":49,"column":33}},"locations":[{"start":{"line":49,"column":22},"end":{"line":49,"column":33}}]},"6":{"type":"branch","line":52,"loc":{"start":{"line":52,"column":52},"end":{"line":61,"column":3}},"locations":[{"start":{"line":52,"column":52},"end":{"line":61,"column":3}}]},"7":{"type":"branch","line":60,"loc":{"start":{"line":60,"column":22},"end":{"line":60,"column":33}},"locations":[{"start":{"line":60,"column":22},"end":{"line":60,"column":33}}]},"8":{"type":"branch","line":63,"loc":{"start":{"line":63,"column":68},"end":{"line":73,"column":3}},"locations":[{"start":{"line":63,"column":68},"end":{"line":73,"column":3}}]},"9":{"type":"branch","line":66,"loc":{"start":{"line":66,"column":64},"end":{"line":66,"column":75}},"locations":[{"start":{"line":66,"column":64},"end":{"line":66,"column":75}}]},"10":{"type":"branch","line":70,"loc":{"start":{"line":70,"column":11},"end":{"line":70,"column":68}},"locations":[{"start":{"line":70,"column":11},"end":{"line":70,"column":68}}]},"11":{"type":"branch","line":75,"loc":{"start":{"line":75,"column":59},"end":{"line":82,"column":3}},"locations":[{"start":{"line":75,"column":59},"end":{"line":82,"column":3}}]},"12":{"type":"branch","line":80,"loc":{"start":{"line":80,"column":13},"end":{"line":80,"column":24}},"locations":[{"start":{"line":80,"column":13},"end":{"line":80,"column":24}}]},"13":{"type":"branch","line":84,"loc":{"start":{"line":84,"column":55},"end":{"line":125,"column":3}},"locations":[{"start":{"line":84,"column":55},"end":{"line":125,"column":3}}]},"14":{"type":"branch","line":87,"loc":{"start":{"line":87,"column":15},"end":{"line":93,"column":5}},"locations":[{"start":{"line":87,"column":15},"end":{"line":93,"column":5}}]},"15":{"type":"branch","line":95,"loc":{"start":{"line":95,"column":63},"end":{"line":99,"column":5}},"locations":[{"start":{"line":95,"column":63},"end":{"line":99,"column":5}}]},"16":{"type":"branch","line":101,"loc":{"start":{"line":101,"column":49},"end":{"line":108,"column":5}},"locations":[{"start":{"line":101,"column":49},"end":{"line":108,"column":5}}]},"17":{"type":"branch","line":110,"loc":{"start":{"line":110,"column":69},"end":{"line":117,"column":5}},"locations":[{"start":{"line":110,"column":69},"end":{"line":117,"column":5}}]},"18":{"type":"branch","line":119,"loc":{"start":{"line":119,"column":51},"end":{"line":124,"column":5}},"locations":[{"start":{"line":119,"column":51},"end":{"line":124,"column":5}}]},"19":{"type":"branch","line":123,"loc":{"start":{"line":123,"column":24},"end":{"line":123,"column":35}},"locations":[{"start":{"line":123,"column":24},"end":{"line":123,"column":35}}]}},"b":{"0":[1],"1":[1],"2":[1],"3":[2],"4":[1],"5":[3],"6":[1],"7":[2],"8":[1],"9":[1],"10":[1],"11":[1],"12":[2],"13":[1],"14":[4],"15":[1],"16":[1],"17":[1],"18":[1],"19":[2]},"fnMap":{},"f":{}}
,"C:\\Users\\traeo\\OneDrive\\Dokumenti\\projects\\npm\\mega-collection\\src\\filter\\filter.ts": {"path":"C:\\Users\\traeo\\OneDrive\\Dokumenti\\projects\\npm\\mega-collection\\src\\filter\\filter.ts","all":false,"statementMap":{"0":{"start":{"line":1,"column":0},"end":{"line":1,"column":3}},"18":{"start":{"line":19,"column":0},"end":{"line":19,"column":53}},"22":{"start":{"line":23,"column":0},"end":{"line":23,"column":25}},"24":{"start":{"line":25,"column":0},"end":{"line":25,"column":44}},"26":{"start":{"line":27,"column":0},"end":{"line":27,"column":63}},"28":{"start":{"line":29,"column":0},"end":{"line":29,"column":46}},"30":{"start":{"line":31,"column":0},"end":{"line":31,"column":53}},"31":{"start":{"line":32,"column":0},"end":{"line":32,"column":36}},"32":{"start":{"line":33,"column":0},"end":{"line":33,"column":74}},"33":{"start":{"line":34,"column":0},"end":{"line":34,"column":30}},"35":{"start":{"line":36,"column":0},"end":{"line":36,"column":29}},"36":{"start":{"line":37,"column":0},"end":{"line":37,"column":40}},"38":{"start":{"line":39,"column":0},"end":{"line":39,"column":41}},"39":{"start":{"line":40,"column":0},"end":{"line":40,"column":43}},"40":{"start":{"line":41,"column":0},"end":{"line":41,"column":5}},"41":{"start":{"line":42,"column":0},"end":{"line":42,"column":3}},"45":{"start":{"line":46,"column":0},"end":{"line":46,"column":21}},"46":{"start":{"line":47,"column":0},"end":{"line":47,"column":42}},"47":{"start":{"line":48,"column":0},"end":{"line":48,"column":29}},"48":{"start":{"line":49,"column":0},"end":{"line":49,"column":11}},"49":{"start":{"line":50,"column":0},"end":{"line":50,"column":38}},"50":{"start":{"line":51,"column":0},"end":{"line":51,"column":30}},"51":{"start":{"line":52,"column":0},"end":{"line":52,"column":24}},"52":{"start":{"line":53,"column":0},"end":{"line":53,"column":50}},"54":{"start":{"line":55,"column":0},"end":{"line":55,"column":10}},"55":{"start":{"line":56,"column":0},"end":{"line":56,"column":7}},"57":{"start":{"line":58,"column":0},"end":{"line":58,"column":54}},"58":{"start":{"line":59,"column":0},"end":{"line":59,"column":18}},"59":{"start":{"line":60,"column":0},"end":{"line":60,"column":5}},"61":{"start":{"line":62,"column":0},"end":{"line":62,"column":28}},"62":{"start":{"line":63,"column":0},"end":{"line":63,"column":31}},"63":{"start":{"line":64,"column":0},"end":{"line":64,"column":33}},"64":{"start":{"line":65,"column":0},"end":{"line":65,"column":33}},"65":{"start":{"line":66,"column":0},"end":{"line":66,"column":49}},"66":{"start":{"line":67,"column":0},"end":{"line":67,"column":16}},"67":{"start":{"line":68,"column":0},"end":{"line":68,"column":3}},"69":{"start":{"line":70,"column":0},"end":{"line":70,"column":24}},"70":{"start":{"line":71,"column":0},"end":{"line":71,"column":25}},"71":{"start":{"line":72,"column":0},"end":{"line":72,"column":3}},"73":{"start":{"line":74,"column":0},"end":{"line":74,"column":28}},"74":{"start":{"line":75,"column":0},"end":{"line":75,"column":31}},"75":{"start":{"line":76,"column":0},"end":{"line":76,"column":33}},"76":{"start":{"line":77,"column":0},"end":{"line":77,"column":33}},"77":{"start":{"line":78,"column":0},"end":{"line":78,"column":3}},"81":{"start":{"line":82,"column":0},"end":{"line":82,"column":9}},"82":{"start":{"line":83,"column":0},"end":{"line":83,"column":47}},"83":{"start":{"line":84,"column":0},"end":{"line":84,"column":36}},"84":{"start":{"line":85,"column":0},"end":{"line":85,"column":10}},"85":{"start":{"line":86,"column":0},"end":{"line":86,"column":50}},"87":{"start":{"line":88,"column":0},"end":{"line":88,"column":24}},"88":{"start":{"line":89,"column":0},"end":{"line":89,"column":47}},"89":{"start":{"line":90,"column":0},"end":{"line":90,"column":48}},"91":{"start":{"line":92,"column":0},"end":{"line":92,"column":25}},"92":{"start":{"line":93,"column":0},"end":{"line":93,"column":30}},"93":{"start":{"line":94,"column":0},"end":{"line":94,"column":24}},"94":{"start":{"line":95,"column":0},"end":{"line":95,"column":50}},"96":{"start":{"line":97,"column":0},"end":{"line":97,"column":10}},"97":{"start":{"line":98,"column":0},"end":{"line":98,"column":7}},"99":{"start":{"line":100,"column":0},"end":{"line":100,"column":64}},"101":{"start":{"line":102,"column":0},"end":{"line":102,"column":10}},"102":{"start":{"line":103,"column":0},"end":{"line":103,"column":38}},"103":{"start":{"line":104,"column":0},"end":{"line":104,"column":39}},"104":{"start":{"line":105,"column":0},"end":{"line":105,"column":41}},"105":{"start":{"line":106,"column":0},"end":{"line":106,"column":43}},"106":{"start":{"line":107,"column":0},"end":{"line":107,"column":9}},"107":{"start":{"line":108,"column":0},"end":{"line":108,"column":55}},"108":{"start":{"line":109,"column":0},"end":{"line":109,"column":32}},"109":{"start":{"line":110,"column":0},"end":{"line":110,"column":27}},"110":{"start":{"line":111,"column":0},"end":{"line":111,"column":10}},"111":{"start":{"line":112,"column":0},"end":{"line":112,"column":53}},"112":{"start":{"line":113,"column":0},"end":{"line":113,"column":32}},"113":{"start":{"line":114,"column":0},"end":{"line":114,"column":27}},"114":{"start":{"line":115,"column":0},"end":{"line":115,"column":10}},"116":{"start":{"line":117,"column":0},"end":{"line":117,"column":44}},"117":{"start":{"line":118,"column":0},"end":{"line":118,"column":37}},"118":{"start":{"line":119,"column":0},"end":{"line":119,"column":9}},"120":{"start":{"line":121,"column":0},"end":{"line":121,"column":43}},"121":{"start":{"line":122,"column":0},"end":{"line":122,"column":43}},"122":{"start":{"line":123,"column":0},"end":{"line":123,"column":52}},"123":{"start":{"line":124,"column":0},"end":{"line":124,"column":34}},"124":{"start":{"line":125,"column":0},"end":{"line":125,"column":29}},"125":{"start":{"line":126,"column":0},"end":{"line":126,"column":12}},"126":{"start":{"line":127,"column":0},"end":{"line":127,"column":16}},"127":{"start":{"line":128,"column":0},"end":{"line":128,"column":33}},"128":{"start":{"line":129,"column":0},"end":{"line":129,"column":47}},"129":{"start":{"line":130,"column":0},"end":{"line":130,"column":9}},"130":{"start":{"line":131,"column":0},"end":{"line":131,"column":14}},"131":{"start":{"line":132,"column":0},"end":{"line":132,"column":31}},"132":{"start":{"line":133,"column":0},"end":{"line":133,"column":45}},"133":{"start":{"line":134,"column":0},"end":{"line":134,"column":7}},"134":{"start":{"line":135,"column":0},"end":{"line":135,"column":12}},"135":{"start":{"line":136,"column":0},"end":{"line":136,"column":34}},"136":{"start":{"line":137,"column":0},"end":{"line":137,"column":41}},"138":{"start":{"line":139,"column":0},"end":{"line":139,"column":10}},"139":{"start":{"line":140,"column":0},"end":{"line":140,"column":38}},"140":{"start":{"line":141,"column":0},"end":{"line":141,"column":39}},"141":{"start":{"line":142,"column":0},"end":{"line":142,"column":41}},"142":{"start":{"line":143,"column":0},"end":{"line":143,"column":44}},"143":{"start":{"line":144,"column":0},"end":{"line":144,"column":9}},"144":{"start":{"line":145,"column":0},"end":{"line":145,"column":55}},"145":{"start":{"line":146,"column":0},"end":{"line":146,"column":32}},"146":{"start":{"line":147,"column":0},"end":{"line":147,"column":27}},"147":{"start":{"line":148,"column":0},"end":{"line":148,"column":10}},"148":{"start":{"line":149,"column":0},"end":{"line":149,"column":53}},"149":{"start":{"line":150,"column":0},"end":{"line":150,"column":32}},"150":{"start":{"line":151,"column":0},"end":{"line":151,"column":27}},"151":{"start":{"line":152,"column":0},"end":{"line":152,"column":10}},"153":{"start":{"line":154,"column":0},"end":{"line":154,"column":44}},"154":{"start":{"line":155,"column":0},"end":{"line":155,"column":37}},"155":{"start":{"line":156,"column":0},"end":{"line":156,"column":9}},"157":{"start":{"line":158,"column":0},"end":{"line":158,"column":43}},"158":{"start":{"line":159,"column":0},"end":{"line":159,"column":43}},"159":{"start":{"line":160,"column":0},"end":{"line":160,"column":52}},"160":{"start":{"line":161,"column":0},"end":{"line":161,"column":34}},"161":{"start":{"line":162,"column":0},"end":{"line":162,"column":29}},"162":{"start":{"line":163,"column":0},"end":{"line":163,"column":12}},"163":{"start":{"line":164,"column":0},"end":{"line":164,"column":16}},"164":{"start":{"line":165,"column":0},"end":{"line":165,"column":47}},"165":{"start":{"line":166,"column":0},"end":{"line":166,"column":9}},"166":{"start":{"line":167,"column":0},"end":{"line":167,"column":14}},"167":{"start":{"line":168,"column":0},"end":{"line":168,"column":45}},"168":{"start":{"line":169,"column":0},"end":{"line":169,"column":7}},"169":{"start":{"line":170,"column":0},"end":{"line":170,"column":5}},"171":{"start":{"line":172,"column":0},"end":{"line":172,"column":40}},"172":{"start":{"line":173,"column":0},"end":{"line":173,"column":40}},"173":{"start":{"line":174,"column":0},"end":{"line":174,"column":35}},"174":{"start":{"line":175,"column":0},"end":{"line":175,"column":37}},"175":{"start":{"line":176,"column":0},"end":{"line":176,"column":37}},"176":{"start":{"line":177,"column":0},"end":{"line":177,"column":7}},"177":{"start":{"line":178,"column":0},"end":{"line":178,"column":53}},"178":{"start":{"line":179,"column":0},"end":{"line":179,"column":5}},"180":{"start":{"line":181,"column":0},"end":{"line":181,"column":47}},"181":{"start":{"line":182,"column":0},"end":{"line":182,"column":43}},"182":{"start":{"line":183,"column":0},"end":{"line":183,"column":5}},"184":{"start":{"line":185,"column":0},"end":{"line":185,"column":73}},"185":{"start":{"line":186,"column":0},"end":{"line":186,"column":7}},"186":{"start":{"line":187,"column":0},"end":{"line":187,"column":22}},"190":{"start":{"line":191,"column":0},"end":{"line":191,"column":18}},"191":{"start":{"line":192,"column":0},"end":{"line":192,"column":12}},"192":{"start":{"line":193,"column":0},"end":{"line":193,"column":53}},"193":{"start":{"line":194,"column":0},"end":{"line":194,"column":54}},"194":{"start":{"line":195,"column":0},"end":{"line":195,"column":16}},"195":{"start":{"line":196,"column":0},"end":{"line":196,"column":53}},"196":{"start":{"line":197,"column":0},"end":{"line":197,"column":9}},"197":{"start":{"line":198,"column":0},"end":{"line":198,"column":27}},"198":{"start":{"line":199,"column":0},"end":{"line":199,"column":8}},"199":{"start":{"line":200,"column":0},"end":{"line":200,"column":50}},"200":{"start":{"line":201,"column":0},"end":{"line":201,"column":6}},"202":{"start":{"line":203,"column":0},"end":{"line":203,"column":20}},"204":{"start":{"line":205,"column":0},"end":{"line":205,"column":68}},"205":{"start":{"line":206,"column":0},"end":{"line":206,"column":64}},"206":{"start":{"line":207,"column":0},"end":{"line":207,"column":40}},"207":{"start":{"line":208,"column":0},"end":{"line":208,"column":37}},"208":{"start":{"line":209,"column":0},"end":{"line":209,"column":69}},"209":{"start":{"line":210,"column":0},"end":{"line":210,"column":46}},"210":{"start":{"line":211,"column":0},"end":{"line":211,"column":21}},"211":{"start":{"line":212,"column":0},"end":{"line":212,"column":36}},"212":{"start":{"line":213,"column":0},"end":{"line":213,"column":7}},"213":{"start":{"line":214,"column":0},"end":{"line":214,"column":20}},"214":{"start":{"line":215,"column":0},"end":{"line":215,"column":5}},"216":{"start":{"line":217,"column":0},"end":{"line":217,"column":66}},"217":{"start":{"line":218,"column":0},"end":{"line":218,"column":74}},"218":{"start":{"line":219,"column":0},"end":{"line":219,"column":61}},"219":{"start":{"line":220,"column":0},"end":{"line":220,"column":40}},"220":{"start":{"line":221,"column":0},"end":{"line":221,"column":37}},"221":{"start":{"line":222,"column":0},"end":{"line":222,"column":69}},"222":{"start":{"line":223,"column":0},"end":{"line":223,"column":46}},"223":{"start":{"line":224,"column":0},"end":{"line":224,"column":21}},"224":{"start":{"line":225,"column":0},"end":{"line":225,"column":36}},"225":{"start":{"line":226,"column":0},"end":{"line":226,"column":7}},"226":{"start":{"line":227,"column":0},"end":{"line":227,"column":20}},"227":{"start":{"line":228,"column":0},"end":{"line":228,"column":5}},"229":{"start":{"line":230,"column":0},"end":{"line":230,"column":62}},"230":{"start":{"line":231,"column":0},"end":{"line":231,"column":38}},"231":{"start":{"line":232,"column":0},"end":{"line":232,"column":35}},"232":{"start":{"line":233,"column":0},"end":{"line":233,"column":67}},"233":{"start":{"line":234,"column":0},"end":{"line":234,"column":44}},"234":{"start":{"line":235,"column":0},"end":{"line":235,"column":19}},"235":{"start":{"line":236,"column":0},"end":{"line":236,"column":34}},"236":{"start":{"line":237,"column":0},"end":{"line":237,"column":5}},"237":{"start":{"line":238,"column":0},"end":{"line":238,"column":18}},"238":{"start":{"line":239,"column":0},"end":{"line":239,"column":3}},"240":{"start":{"line":241,"column":0},"end":{"line":241,"column":79}},"241":{"start":{"line":242,"column":0},"end":{"line":242,"column":49}},"242":{"start":{"line":243,"column":0},"end":{"line":243,"column":12}},"243":{"start":{"line":244,"column":0},"end":{"line":244,"column":26}},"244":{"start":{"line":245,"column":0},"end":{"line":245,"column":8}},"245":{"start":{"line":246,"column":0},"end":{"line":246,"column":3}},"247":{"start":{"line":248,"column":0},"end":{"line":248,"column":31}},"248":{"start":{"line":249,"column":0},"end":{"line":249,"column":43}},"249":{"start":{"line":250,"column":0},"end":{"line":250,"column":39}},"250":{"start":{"line":251,"column":0},"end":{"line":251,"column":14}},"251":{"start":{"line":252,"column":0},"end":{"line":252,"column":54}},"252":{"start":{"line":253,"column":0},"end":{"line":253,"column":76}},"253":{"start":{"line":254,"column":0},"end":{"line":254,"column":6}},"254":{"start":{"line":255,"column":0},"end":{"line":255,"column":50}},"255":{"start":{"line":256,"column":0},"end":{"line":256,"column":72}},"256":{"start":{"line":257,"column":0},"end":{"line":257,"column":6}},"258":{"start":{"line":259,"column":0},"end":{"line":259,"column":52}},"259":{"start":{"line":260,"column":0},"end":{"line":260,"column":56}},"260":{"start":{"line":261,"column":0},"end":{"line":261,"column":28}},"261":{"start":{"line":262,"column":0},"end":{"line":262,"column":20}},"262":{"start":{"line":263,"column":0},"end":{"line":263,"column":7}},"264":{"start":{"line":265,"column":0},"end":{"line":265,"column":39}},"265":{"start":{"line":266,"column":0},"end":{"line":266,"column":41}},"266":{"start":{"line":267,"column":0},"end":{"line":267,"column":22}},"267":{"start":{"line":268,"column":0},"end":{"line":268,"column":9}},"268":{"start":{"line":269,"column":0},"end":{"line":269,"column":7}},"269":{"start":{"line":270,"column":0},"end":{"line":270,"column":5}},"271":{"start":{"line":272,"column":0},"end":{"line":272,"column":17}},"272":{"start":{"line":273,"column":0},"end":{"line":273,"column":3}},"274":{"start":{"line":275,"column":0},"end":{"line":275,"column":30}},"275":{"start":{"line":276,"column":0},"end":{"line":276,"column":43}},"276":{"start":{"line":277,"column":0},"end":{"line":277,"column":39}},"277":{"start":{"line":278,"column":0},"end":{"line":278,"column":14}},"278":{"start":{"line":279,"column":0},"end":{"line":279,"column":54}},"279":{"start":{"line":280,"column":0},"end":{"line":280,"column":76}},"280":{"start":{"line":281,"column":0},"end":{"line":281,"column":6}},"281":{"start":{"line":282,"column":0},"end":{"line":282,"column":50}},"282":{"start":{"line":283,"column":0},"end":{"line":283,"column":72}},"283":{"start":{"line":284,"column":0},"end":{"line":284,"column":6}},"285":{"start":{"line":286,"column":0},"end":{"line":286,"column":60}},"286":{"start":{"line":287,"column":0},"end":{"line":287,"column":48}},"287":{"start":{"line":288,"column":0},"end":{"line":288,"column":24}},"288":{"start":{"line":289,"column":0},"end":{"line":289,"column":20}},"289":{"start":{"line":290,"column":0},"end":{"line":290,"column":7}},"291":{"start":{"line":292,"column":0},"end":{"line":292,"column":43}},"292":{"start":{"line":293,"column":0},"end":{"line":293,"column":37}},"293":{"start":{"line":294,"column":0},"end":{"line":294,"column":22}},"294":{"start":{"line":295,"column":0},"end":{"line":295,"column":9}},"295":{"start":{"line":296,"column":0},"end":{"line":296,"column":7}},"296":{"start":{"line":297,"column":0},"end":{"line":297,"column":5}},"298":{"start":{"line":299,"column":0},"end":{"line":299,"column":17}},"299":{"start":{"line":300,"column":0},"end":{"line":300,"column":3}},"301":{"start":{"line":302,"column":0},"end":{"line":302,"column":27}},"302":{"start":{"line":303,"column":0},"end":{"line":303,"column":43}},"303":{"start":{"line":304,"column":0},"end":{"line":304,"column":39}},"304":{"start":{"line":305,"column":0},"end":{"line":305,"column":27}},"305":{"start":{"line":306,"column":0},"end":{"line":306,"column":54}},"306":{"start":{"line":307,"column":0},"end":{"line":307,"column":76}},"307":{"start":{"line":308,"column":0},"end":{"line":308,"column":6}},"309":{"start":{"line":310,"column":0},"end":{"line":310,"column":51}},"311":{"start":{"line":312,"column":0},"end":{"line":312,"column":51}},"312":{"start":{"line":313,"column":0},"end":{"line":313,"column":56}},"313":{"start":{"line":314,"column":0},"end":{"line":314,"column":28}},"314":{"start":{"line":315,"column":0},"end":{"line":315,"column":59}},"315":{"start":{"line":316,"column":0},"end":{"line":316,"column":17}},"316":{"start":{"line":317,"column":0},"end":{"line":317,"column":7}},"318":{"start":{"line":319,"column":0},"end":{"line":319,"column":79}},"319":{"start":{"line":320,"column":0},"end":{"line":320,"column":35}},"320":{"start":{"line":321,"column":0},"end":{"line":321,"column":59}},"321":{"start":{"line":322,"column":0},"end":{"line":322,"column":7}},"322":{"start":{"line":323,"column":0},"end":{"line":323,"column":5}},"324":{"start":{"line":325,"column":0},"end":{"line":325,"column":25}},"325":{"start":{"line":326,"column":0},"end":{"line":326,"column":3}},"327":{"start":{"line":328,"column":0},"end":{"line":328,"column":72}},"328":{"start":{"line":329,"column":0},"end":{"line":329,"column":62}},"329":{"start":{"line":330,"column":0},"end":{"line":330,"column":68}},"330":{"start":{"line":331,"column":0},"end":{"line":331,"column":6}},"331":{"start":{"line":332,"column":0},"end":{"line":332,"column":63}},"333":{"start":{"line":334,"column":0},"end":{"line":334,"column":27}},"335":{"start":{"line":336,"column":0},"end":{"line":336,"column":67}},"336":{"start":{"line":337,"column":0},"end":{"line":337,"column":35}},"337":{"start":{"line":338,"column":0},"end":{"line":338,"column":36}},"339":{"start":{"line":340,"column":0},"end":{"line":340,"column":11}},"340":{"start":{"line":341,"column":0},"end":{"line":341,"column":27}},"341":{"start":{"line":342,"column":0},"end":{"line":342,"column":44}},"342":{"start":{"line":343,"column":0},"end":{"line":343,"column":20}},"343":{"start":{"line":344,"column":0},"end":{"line":344,"column":9}},"344":{"start":{"line":345,"column":0},"end":{"line":345,"column":50}},"345":{"start":{"line":346,"column":0},"end":{"line":346,"column":68}},"346":{"start":{"line":347,"column":0},"end":{"line":347,"column":37}},"347":{"start":{"line":348,"column":0},"end":{"line":348,"column":16}},"348":{"start":{"line":349,"column":0},"end":{"line":349,"column":9}},"349":{"start":{"line":350,"column":0},"end":{"line":350,"column":7}},"351":{"start":{"line":352,"column":0},"end":{"line":352,"column":31}},"352":{"start":{"line":353,"column":0},"end":{"line":353,"column":26}},"353":{"start":{"line":354,"column":0},"end":{"line":354,"column":7}},"354":{"start":{"line":355,"column":0},"end":{"line":355,"column":5}},"356":{"start":{"line":357,"column":0},"end":{"line":357,"column":18}},"357":{"start":{"line":358,"column":0},"end":{"line":358,"column":3}},"359":{"start":{"line":360,"column":0},"end":{"line":360,"column":80}},"360":{"start":{"line":361,"column":0},"end":{"line":361,"column":59}},"361":{"start":{"line":362,"column":0},"end":{"line":362,"column":76}},"363":{"start":{"line":364,"column":0},"end":{"line":364,"column":32}},"364":{"start":{"line":365,"column":0},"end":{"line":365,"column":53}},"365":{"start":{"line":366,"column":0},"end":{"line":366,"column":26}},"366":{"start":{"line":367,"column":0},"end":{"line":367,"column":27}},"367":{"start":{"line":368,"column":0},"end":{"line":368,"column":8}},"368":{"start":{"line":369,"column":0},"end":{"line":369,"column":46}},"370":{"start":{"line":371,"column":0},"end":{"line":371,"column":68}},"371":{"start":{"line":372,"column":0},"end":{"line":372,"column":5}},"373":{"start":{"line":374,"column":0},"end":{"line":374,"column":38}},"374":{"start":{"line":375,"column":0},"end":{"line":375,"column":28}},"375":{"start":{"line":376,"column":0},"end":{"line":376,"column":18}},"376":{"start":{"line":377,"column":0},"end":{"line":377,"column":48}},"377":{"start":{"line":378,"column":0},"end":{"line":378,"column":9}},"378":{"start":{"line":379,"column":0},"end":{"line":379,"column":12}},"379":{"start":{"line":380,"column":0},"end":{"line":380,"column":80}},"380":{"start":{"line":381,"column":0},"end":{"line":381,"column":8}},"382":{"start":{"line":383,"column":0},"end":{"line":383,"column":70}},"383":{"start":{"line":384,"column":0},"end":{"line":384,"column":37}},"384":{"start":{"line":385,"column":0},"end":{"line":385,"column":52}},"385":{"start":{"line":386,"column":0},"end":{"line":386,"column":25}},"386":{"start":{"line":387,"column":0},"end":{"line":387,"column":26}},"387":{"start":{"line":388,"column":0},"end":{"line":388,"column":6}},"389":{"start":{"line":390,"column":0},"end":{"line":390,"column":47}},"391":{"start":{"line":392,"column":0},"end":{"line":392,"column":61}},"392":{"start":{"line":393,"column":0},"end":{"line":393,"column":23}},"393":{"start":{"line":394,"column":0},"end":{"line":394,"column":17}},"394":{"start":{"line":395,"column":0},"end":{"line":395,"column":77}},"395":{"start":{"line":396,"column":0},"end":{"line":396,"column":6}},"396":{"start":{"line":397,"column":0},"end":{"line":397,"column":70}},"398":{"start":{"line":399,"column":0},"end":{"line":399,"column":27}},"400":{"start":{"line":401,"column":0},"end":{"line":401,"column":9}},"401":{"start":{"line":402,"column":0},"end":{"line":402,"column":29}},"402":{"start":{"line":403,"column":0},"end":{"line":403,"column":45}},"403":{"start":{"line":404,"column":0},"end":{"line":404,"column":22}},"404":{"start":{"line":405,"column":0},"end":{"line":405,"column":7}},"405":{"start":{"line":406,"column":0},"end":{"line":406,"column":50}},"406":{"start":{"line":407,"column":0},"end":{"line":407,"column":45}},"408":{"start":{"line":409,"column":0},"end":{"line":409,"column":11}},"409":{"start":{"line":410,"column":0},"end":{"line":410,"column":27}},"410":{"start":{"line":411,"column":0},"end":{"line":411,"column":44}},"411":{"start":{"line":412,"column":0},"end":{"line":412,"column":20}},"412":{"start":{"line":413,"column":0},"end":{"line":413,"column":9}},"413":{"start":{"line":414,"column":0},"end":{"line":414,"column":50}},"414":{"start":{"line":415,"column":0},"end":{"line":415,"column":67}},"415":{"start":{"line":416,"column":0},"end":{"line":416,"column":46}},"416":{"start":{"line":417,"column":0},"end":{"line":417,"column":16}},"417":{"start":{"line":418,"column":0},"end":{"line":418,"column":9}},"418":{"start":{"line":419,"column":0},"end":{"line":419,"column":7}},"420":{"start":{"line":421,"column":0},"end":{"line":421,"column":10}},"421":{"start":{"line":422,"column":0},"end":{"line":422,"column":38}},"422":{"start":{"line":423,"column":0},"end":{"line":423,"column":23}},"423":{"start":{"line":424,"column":0},"end":{"line":424,"column":31}},"424":{"start":{"line":425,"column":0},"end":{"line":425,"column":9}},"425":{"start":{"line":426,"column":0},"end":{"line":426,"column":44}},"426":{"start":{"line":427,"column":0},"end":{"line":427,"column":7}},"428":{"start":{"line":429,"column":0},"end":{"line":429,"column":40}},"429":{"start":{"line":430,"column":0},"end":{"line":430,"column":26}},"430":{"start":{"line":431,"column":0},"end":{"line":431,"column":7}},"431":{"start":{"line":432,"column":0},"end":{"line":432,"column":5}},"433":{"start":{"line":434,"column":0},"end":{"line":434,"column":18}},"434":{"start":{"line":435,"column":0},"end":{"line":435,"column":3}},"436":{"start":{"line":437,"column":0},"end":{"line":437,"column":68}},"437":{"start":{"line":438,"column":0},"end":{"line":438,"column":63}},"438":{"start":{"line":439,"column":0},"end":{"line":439,"column":35}},"440":{"start":{"line":441,"column":0},"end":{"line":441,"column":58}},"441":{"start":{"line":442,"column":0},"end":{"line":442,"column":41}},"442":{"start":{"line":443,"column":0},"end":{"line":443,"column":60}},"443":{"start":{"line":444,"column":0},"end":{"line":444,"column":10}},"444":{"start":{"line":445,"column":0},"end":{"line":445,"column":3}},"445":{"start":{"line":446,"column":0},"end":{"line":446,"column":1}}},"s":{"0":1,"18":1,"22":1,"24":1,"26":1,"28":1,"30":1,"31":13,"32":13,"33":13,"35":10,"36":13,"38":13,"39":11,"40":11,"41":13,"45":1,"46":11,"47":11,"48":11,"49":11,"50":0,"51":0,"52":0,"54":0,"55":0,"57":0,"58":0,"59":0,"61":11,"62":11,"63":11,"64":11,"65":11,"66":11,"67":11,"69":1,"70":0,"71":0,"73":1,"74":1,"75":1,"76":1,"77":1,"81":1,"82":17,"83":17,"84":17,"85":17,"87":17,"88":17,"89":17,"91":17,"92":11,"93":1,"94":1,"96":1,"97":1,"99":10,"101":10,"102":10,"103":8,"104":3,"105":3,"106":11,"107":3,"108":3,"109":3,"110":3,"111":3,"112":3,"113":3,"114":3,"116":3,"117":1,"118":1,"120":3,"121":1,"122":1,"123":1,"124":1,"125":1,"126":1,"127":1,"128":1,"129":1,"130":11,"131":7,"132":7,"133":7,"134":17,"135":6,"136":6,"138":6,"139":6,"140":0,"141":0,"142":0,"143":6,"144":0,"145":0,"146":0,"147":0,"148":0,"149":0,"150":0,"151":0,"153":0,"154":0,"155":0,"157":0,"158":0,"159":0,"160":0,"161":0,"162":0,"163":0,"164":0,"165":0,"166":6,"167":6,"168":6,"169":6,"171":17,"172":1,"173":0,"174":0,"175":0,"176":0,"177":1,"178":1,"180":17,"181":0,"182":0,"184":14,"185":14,"186":18,"190":18,"191":18,"192":18,"193":13,"194":18,"195":5,"196":5,"197":18,"198":18,"199":14,"200":14,"202":14,"204":17,"205":10,"206":10,"207":5,"208":5,"209":5,"210":5,"211":0,"212":5,"213":10,"214":10,"216":17,"217":2,"218":2,"219":2,"220":1,"221":1,"222":1,"223":1,"224":0,"225":1,"226":2,"227":2,"229":2,"230":15,"231":1,"232":1,"233":1,"234":1,"235":0,"236":1,"237":2,"238":17,"240":1,"241":7,"242":9,"243":9,"244":7,"245":7,"247":1,"248":3,"249":3,"250":3,"251":3,"252":3,"253":3,"254":3,"255":3,"256":3,"258":3,"259":4,"260":4,"261":1,"262":1,"264":4,"265":4,"266":0,"267":0,"268":4,"269":3,"271":2,"272":3,"274":1,"275":3,"276":3,"277":3,"278":3,"279":3,"280":3,"281":3,"282":3,"283":3,"285":3,"286":4,"287":4,"288":1,"289":1,"291":4,"292":4,"293":0,"294":0,"295":4,"296":3,"298":2,"299":3,"301":1,"302":1,"303":1,"304":1,"305":1,"306":1,"307":1,"309":1,"311":1,"312":2,"313":2,"314":1,"315":1,"316":1,"318":1,"319":2,"320":0,"321":0,"322":2,"324":1,"325":1,"327":1,"328":4,"329":4,"330":4,"331":4,"333":4,"335":4,"336":15,"337":15,"339":15,"340":15,"341":15,"342":15,"343":15,"344":18,"345":18,"346":7,"347":7,"348":7,"349":18,"351":15,"352":8,"353":8,"354":15,"356":4,"357":4,"359":1,"360":12,"361":12,"363":12,"364":11,"365":11,"366":11,"367":11,"368":11,"370":0,"371":0,"373":1,"374":1,"375":2,"376":2,"377":1,"378":1,"379":1,"380":1,"382":1,"383":1,"384":1,"385":1,"386":1,"387":1,"389":10,"391":1,"392":1,"393":1,"394":1,"395":1,"396":1,"398":1,"400":1,"401":1,"402":1,"403":1,"404":10,"405":2,"406":2,"408":2,"409":2,"410":2,"411":2,"412":2,"413":2,"414":2,"415":0,"416":0,"417":0,"418":2,"420":2,"421":2,"422":2,"423":0,"424":2,"425":0,"426":0,"428":2,"429":2,"430":2,"431":2,"433":1,"434":12,"436":1,"437":2,"438":2,"440":2,"441":3,"442":3,"443":2,"444":2,"445":1},"branchMap":{"0":{"type":"branch","line":31,"loc":{"start":{"line":31,"column":2},"end":{"line":42,"column":3}},"locations":[{"start":{"line":31,"column":2},"end":{"line":42,"column":3}}]},"1":{"type":"branch","line":33,"loc":{"start":{"line":33,"column":42},"end":{"line":33,"column":74}},"locations":[{"start":{"line":33,"column":42},"end":{"line":33,"column":74}}]},"2":{"type":"branch","line":34,"loc":{"start":{"line":34,"column":23},"end":{"line":34,"column":30}},"locations":[{"start":{"line":34,"column":23},"end":{"line":34,"column":30}}]},"3":{"type":"branch","line":34,"loc":{"start":{"line":34,"column":23},"end":{"line":37,"column":33}},"locations":[{"start":{"line":34,"column":23},"end":{"line":37,"column":33}}]},"4":{"type":"branch","line":37,"loc":{"start":{"line":37,"column":17},"end":{"line":37,"column":33}},"locations":[{"start":{"line":37,"column":17},"end":{"line":37,"column":33}}]},"5":{"type":"branch","line":37,"loc":{"start":{"line":37,"column":33},"end":{"line":39,"column":40}},"locations":[{"start":{"line":37,"column":33},"end":{"line":39,"column":40}}]},"6":{"type":"branch","line":37,"loc":{"start":{"line":37,"column":33},"end":{"line":37,"column":40}},"locations":[{"start":{"line":37,"column":33},"end":{"line":37,"column":40}}]},"7":{"type":"branch","line":37,"loc":{"start":{"line":37,"column":33},"end":{"line":39,"column":40}},"locations":[{"start":{"line":37,"column":33},"end":{"line":39,"column":40}}]},"8":{"type":"branch","line":39,"loc":{"start":{"line":39,"column":40},"end":{"line":41,"column":5}},"locations":[{"start":{"line":39,"column":40},"end":{"line":41,"column":5}}]},"9":{"type":"branch","line":41,"loc":{"start":{"line":41,"column":4},"end":{"line":41,"column":5}},"locations":[{"start":{"line":41,"column":4},"end":{"line":41,"column":5}}]},"10":{"type":"branch","line":46,"loc":{"start":{"line":46,"column":10},"end":{"line":68,"column":3}},"locations":[{"start":{"line":46,"column":10},"end":{"line":68,"column":3}}]},"11":{"type":"branch","line":50,"loc":{"start":{"line":50,"column":37},"end":{"line":60,"column":5}},"locations":[{"start":{"line":50,"column":37},"end":{"line":60,"column":5}}]},"12":{"type":"branch","line":74,"loc":{"start":{"line":74,"column":2},"end":{"line":78,"column":3}},"locations":[{"start":{"line":74,"column":2},"end":{"line":78,"column":3}}]},"13":{"type":"branch","line":82,"loc":{"start":{"line":82,"column":2},"end":{"line":239,"column":3}},"locations":[{"start":{"line":82,"column":2},"end":{"line":239,"column":3}}]},"14":{"type":"branch","line":92,"loc":{"start":{"line":92,"column":24},"end":{"line":135,"column":11}},"locations":[{"start":{"line":92,"column":24},"end":{"line":135,"column":11}}]},"15":{"type":"branch","line":93,"loc":{"start":{"line":93,"column":29},"end":{"line":98,"column":7}},"locations":[{"start":{"line":93,"column":29},"end":{"line":98,"column":7}}]},"16":{"type":"branch","line":98,"loc":{"start":{"line":98,"column":6},"end":{"line":103,"column":38}},"locations":[{"start":{"line":98,"column":6},"end":{"line":103,"column":38}}]},"17":{"type":"branch","line":103,"loc":{"start":{"line":103,"column":13},"end":{"line":104,"column":39}},"locations":[{"start":{"line":103,"column":13},"end":{"line":104,"column":39}}]},"18":{"type":"branch","line":104,"loc":{"start":{"line":104,"column":32},"end":{"line":105,"column":41}},"locations":[{"start":{"line":104,"column":32},"end":{"line":105,"column":41}}]},"19":{"type":"branch","line":105,"loc":{"start":{"line":105,"column":34},"end":{"line":106,"column":43}},"locations":[{"start":{"line":105,"column":34},"end":{"line":106,"column":43}}]},"20":{"type":"branch","line":107,"loc":{"start":{"line":107,"column":8},"end":{"line":131,"column":13}},"locations":[{"start":{"line":107,"column":8},"end":{"line":131,"column":13}}]},"21":{"type":"branch","line":117,"loc":{"start":{"line":117,"column":13},"end":{"line":117,"column":43}},"locations":[{"start":{"line":117,"column":13},"end":{"line":117,"column":43}}]},"22":{"type":"branch","line":117,"loc":{"start":{"line":117,"column":43},"end":{"line":119,"column":9}},"locations":[{"start":{"line":117,"column":43},"end":{"line":119,"column":9}}]},"23":{"type":"branch","line":119,"loc":{"start":{"line":119,"column":8},"end":{"line":121,"column":28}},"locations":[{"start":{"line":119,"column":8},"end":{"line":121,"column":28}}]},"24":{"type":"branch","line":121,"loc":{"start":{"line":121,"column":12},"end":{"line":121,"column":42}},"locations":[{"start":{"line":121,"column":12},"end":{"line":121,"column":42}}]},"25":{"type":"branch","line":121,"loc":{"start":{"line":121,"column":42},"end":{"line":130,"column":9}},"locations":[{"start":{"line":121,"column":42},"end":{"line":130,"column":9}}]},"26":{"type":"branch","line":131,"loc":{"start":{"line":131,"column":6},"end":{"line":134,"column":7}},"locations":[{"start":{"line":131,"column":6},"end":{"line":134,"column":7}}]},"27":{"type":"branch","line":135,"loc":{"start":{"line":135,"column":4},"end":{"line":170,"column":5}},"locations":[{"start":{"line":135,"column":4},"end":{"line":170,"column":5}}]},"28":{"type":"branch","line":140,"loc":{"start":{"line":140,"column":13},"end":{"line":141,"column":39}},"locations":[{"start":{"line":140,"column":13},"end":{"line":141,"column":39}}]},"29":{"type":"branch","line":141,"loc":{"start":{"line":141,"column":32},"end":{"line":142,"column":41}},"locations":[{"start":{"line":141,"column":32},"end":{"line":142,"column":41}}]},"30":{"type":"branch","line":142,"loc":{"start":{"line":142,"column":34},"end":{"line":143,"column":44}},"locations":[{"start":{"line":142,"column":34},"end":{"line":143,"column":44}}]},"31":{"type":"branch","line":144,"loc":{"start":{"line":144,"column":8},"end":{"line":167,"column":13}},"locations":[{"start":{"line":144,"column":8},"end":{"line":167,"column":13}}]},"32":{"type":"branch","line":170,"loc":{"start":{"line":170,"column":4},"end":{"line":172,"column":39}},"locations":[{"start":{"line":170,"column":4},"end":{"line":172,"column":39}}]},"33":{"type":"branch","line":172,"loc":{"start":{"line":172,"column":39},"end":{"line":179,"column":5}},"locations":[{"start":{"line":172,"column":39},"end":{"line":179,"column":5}}]},"34":{"type":"branch","line":173,"loc":{"start":{"line":173,"column":39},"end":{"line":177,"column":7}},"locations":[{"start":{"line":173,"column":39},"end":{"line":177,"column":7}}]},"35":{"type":"branch","line":178,"loc":{"start":{"line":178,"column":13},"end":{"line":178,"column":42}},"locations":[{"start":{"line":178,"column":13},"end":{"line":178,"column":42}}]},"36":{"type":"branch","line":179,"loc":{"start":{"line":179,"column":4},"end":{"line":181,"column":26}},"locations":[{"start":{"line":179,"column":4},"end":{"line":181,"column":26}}]},"37":{"type":"branch","line":181,"loc":{"start":{"line":181,"column":8},"end":{"line":181,"column":46}},"locations":[{"start":{"line":181,"column":8},"end":{"line":181,"column":46}}]},"38":{"type":"branch","line":181,"loc":{"start":{"line":181,"column":46},"end":{"line":183,"column":5}},"locations":[{"start":{"line":181,"column":46},"end":{"line":183,"column":5}}]},"39":{"type":"branch","line":183,"loc":{"start":{"line":183,"column":4},"end":{"line":205,"column":38}},"locations":[{"start":{"line":183,"column":4},"end":{"line":205,"column":38}}]},"40":{"type":"branch","line":205,"loc":{"start":{"line":205,"column":33},"end":{"line":205,"column":67}},"locations":[{"start":{"line":205,"column":33},"end":{"line":205,"column":67}}]},"41":{"type":"branch","line":205,"loc":{"start":{"line":205,"column":67},"end":{"line":215,"column":5}},"locations":[{"start":{"line":205,"column":67},"end":{"line":215,"column":5}}]},"42":{"type":"branch","line":207,"loc":{"start":{"line":207,"column":39},"end":{"line":213,"column":7}},"locations":[{"start":{"line":207,"column":39},"end":{"line":213,"column":7}}]},"43":{"type":"branch","line":211,"loc":{"start":{"line":211,"column":17},"end":{"line":212,"column":36}},"locations":[{"start":{"line":211,"column":17},"end":{"line":212,"column":36}}]},"44":{"type":"branch","line":215,"loc":{"start":{"line":215,"column":4},"end":{"line":217,"column":65}},"locations":[{"start":{"line":215,"column":4},"end":{"line":217,"column":65}}]},"45":{"type":"branch","line":215,"loc":{"start":{"line":215,"column":4},"end":{"line":217,"column":38}},"locations":[{"start":{"line":215,"column":4},"end":{"line":217,"column":38}}]},"46":{"type":"branch","line":217,"loc":{"start":{"line":217,"column":33},"end":{"line":217,"column":65}},"locations":[{"start":{"line":217,"column":33},"end":{"line":217,"column":65}}]},"47":{"type":"branch","line":217,"loc":{"start":{"line":217,"column":65},"end":{"line":238,"column":18}},"locations":[{"start":{"line":217,"column":65},"end":{"line":238,"column":18}}]},"48":{"type":"branch","line":217,"loc":{"start":{"line":217,"column":65},"end":{"line":231,"column":37}},"locations":[{"start":{"line":217,"column":65},"end":{"line":231,"column":37}}]},"49":{"type":"branch","line":220,"loc":{"start":{"line":220,"column":39},"end":{"line":226,"column":7}},"locations":[{"start":{"line":220,"column":39},"end":{"line":226,"column":7}}]},"50":{"type":"branch","line":224,"loc":{"start":{"line":224,"column":17},"end":{"line":225,"column":36}},"locations":[{"start":{"line":224,"column":17},"end":{"line":225,"column":36}}]},"51":{"type":"branch","line":231,"loc":{"start":{"line":231,"column":37},"end":{"line":237,"column":5}},"locations":[{"start":{"line":231,"column":37},"end":{"line":237,"column":5}}]},"52":{"type":"branch","line":235,"loc":{"start":{"line":235,"column":15},"end":{"line":236,"column":34}},"locations":[{"start":{"line":235,"column":15},"end":{"line":236,"column":34}}]},"53":{"type":"branch","line":237,"loc":{"start":{"line":237,"column":4},"end":{"line":238,"column":18}},"locations":[{"start":{"line":237,"column":4},"end":{"line":238,"column":18}}]},"54":{"type":"branch","line":186,"loc":{"start":{"line":186,"column":6},"end":{"line":199,"column":8}},"locations":[{"start":{"line":186,"column":6},"end":{"line":199,"column":8}}]},"55":{"type":"branch","line":193,"loc":{"start":{"line":193,"column":52},"end":{"line":195,"column":15}},"locations":[{"start":{"line":193,"column":52},"end":{"line":195,"column":15}}]},"56":{"type":"branch","line":195,"loc":{"start":{"line":195,"column":8},"end":{"line":197,"column":9}},"locations":[{"start":{"line":195,"column":8},"end":{"line":197,"column":9}}]},"57":{"type":"branch","line":241,"loc":{"start":{"line":241,"column":10},"end":{"line":246,"column":3}},"locations":[{"start":{"line":241,"column":10},"end":{"line":246,"column":3}}]},"58":{"type":"branch","line":242,"loc":{"start":{"line":242,"column":24},"end":{"line":245,"column":6}},"locations":[{"start":{"line":242,"column":24},"end":{"line":245,"column":6}}]},"59":{"type":"branch","line":248,"loc":{"start":{"line":248,"column":10},"end":{"line":273,"column":3}},"locations":[{"start":{"line":248,"column":10},"end":{"line":273,"column":3}}]},"60":{"type":"branch","line":259,"loc":{"start":{"line":259,"column":51},"end":{"line":270,"column":5}},"locations":[{"start":{"line":259,"column":51},"end":{"line":270,"column":5}}]},"61":{"type":"branch","line":261,"loc":{"start":{"line":261,"column":27},"end":{"line":263,"column":7}},"locations":[{"start":{"line":261,"column":27},"end":{"line":263,"column":7}}]},"62":{"type":"branch","line":263,"loc":{"start":{"line":263,"column":6},"end":{"line":265,"column":38}},"locations":[{"start":{"line":263,"column":6},"end":{"line":265,"column":38}}]},"63":{"type":"branch","line":266,"loc":{"start":{"line":266,"column":40},"end":{"line":268,"column":9}},"locations":[{"start":{"line":266,"column":40},"end":{"line":268,"column":9}}]},"64":{"type":"branch","line":269,"loc":{"start":{"line":269,"column":6},"end":{"line":270,"column":5}},"locations":[{"start":{"line":269,"column":6},"end":{"line":270,"column":5}}]},"65":{"type":"branch","line":270,"loc":{"start":{"line":270,"column":4},"end":{"line":272,"column":17}},"locations":[{"start":{"line":270,"column":4},"end":{"line":272,"column":17}}]},"66":{"type":"branch","line":253,"loc":{"start":{"line":253,"column":27},"end":{"line":253,"column":74}},"locations":[{"start":{"line":253,"column":27},"end":{"line":253,"column":74}}]},"67":{"type":"branch","line":256,"loc":{"start":{"line":256,"column":23},"end":{"line":256,"column":70}},"locations":[{"start":{"line":256,"column":23},"end":{"line":256,"column":70}}]},"68":{"type":"branch","line":275,"loc":{"start":{"line":275,"column":10},"end":{"line":300,"column":3}},"locations":[{"start":{"line":275,"column":10},"end":{"line":300,"column":3}}]},"69":{"type":"branch","line":286,"loc":{"start":{"line":286,"column":59},"end":{"line":297,"column":5}},"locations":[{"start":{"line":286,"column":59},"end":{"line":297,"column":5}}]},"70":{"type":"branch","line":288,"loc":{"start":{"line":288,"column":23},"end":{"line":290,"column":7}},"locations":[{"start":{"line":288,"column":23},"end":{"line":290,"column":7}}]},"71":{"type":"branch","line":290,"loc":{"start":{"line":290,"column":6},"end":{"line":292,"column":42}},"locations":[{"start":{"line":290,"column":6},"end":{"line":292,"column":42}}]},"72":{"type":"branch","line":293,"loc":{"start":{"line":293,"column":36},"end":{"line":295,"column":9}},"locations":[{"start":{"line":293,"column":36},"end":{"line":295,"column":9}}]},"73":{"type":"branch","line":296,"loc":{"start":{"line":296,"column":6},"end":{"line":297,"column":5}},"locations":[{"start":{"line":296,"column":6},"end":{"line":297,"column":5}}]},"74":{"type":"branch","line":297,"loc":{"start":{"line":297,"column":4},"end":{"line":299,"column":17}},"locations":[{"start":{"line":297,"column":4},"end":{"line":299,"column":17}}]},"75":{"type":"branch","line":280,"loc":{"start":{"line":280,"column":27},"end":{"line":280,"column":74}},"locations":[{"start":{"line":280,"column":27},"end":{"line":280,"column":74}}]},"76":{"type":"branch","line":283,"loc":{"start":{"line":283,"column":23},"end":{"line":283,"column":70}},"locations":[{"start":{"line":283,"column":23},"end":{"line":283,"column":70}}]},"77":{"type":"branch","line":302,"loc":{"start":{"line":302,"column":10},"end":{"line":326,"column":3}},"locations":[{"start":{"line":302,"column":10},"end":{"line":326,"column":3}}]},"78":{"type":"branch","line":312,"loc":{"start":{"line":312,"column":50},"end":{"line":323,"column":5}},"locations":[{"start":{"line":312,"column":50},"end":{"line":323,"column":5}}]},"79":{"type":"branch","line":314,"loc":{"start":{"line":314,"column":27},"end":{"line":320,"column":34}},"locations":[{"start":{"line":314,"column":27},"end":{"line":320,"column":34}}]},"80":{"type":"branch","line":320,"loc":{"start":{"line":320,"column":34},"end":{"line":322,"column":7}},"locations":[{"start":{"line":320,"column":34},"end":{"line":322,"column":7}}]},"81":{"type":"branch","line":307,"loc":{"start":{"line":307,"column":27},"end":{"line":307,"column":74}},"locations":[{"start":{"line":307,"column":27},"end":{"line":307,"column":74}}]},"82":{"type":"branch","line":319,"loc":{"start":{"line":319,"column":40},"end":{"line":319,"column":77}},"locations":[{"start":{"line":319,"column":40},"end":{"line":319,"column":77}}]},"83":{"type":"branch","line":328,"loc":{"start":{"line":328,"column":10},"end":{"line":358,"column":3}},"locations":[{"start":{"line":328,"column":10},"end":{"line":358,"column":3}}]},"84":{"type":"branch","line":336,"loc":{"start":{"line":336,"column":66},"end":{"line":355,"column":5}},"locations":[{"start":{"line":336,"column":66},"end":{"line":355,"column":5}}]},"85":{"type":"branch","line":344,"loc":{"start":{"line":344,"column":8},"end":{"line":350,"column":7}},"locations":[{"start":{"line":344,"column":8},"end":{"line":350,"column":7}}]},"86":{"type":"branch","line":346,"loc":{"start":{"line":346,"column":67},"end":{"line":349,"column":9}},"locations":[{"start":{"line":346,"column":67},"end":{"line":349,"column":9}}]},"87":{"type":"branch","line":352,"loc":{"start":{"line":352,"column":30},"end":{"line":354,"column":7}},"locations":[{"start":{"line":352,"column":30},"end":{"line":354,"column":7}}]},"88":{"type":"branch","line":330,"loc":{"start":{"line":330,"column":19},"end":{"line":330,"column":66}},"locations":[{"start":{"line":330,"column":19},"end":{"line":330,"column":66}}]},"89":{"type":"branch","line":332,"loc":{"start":{"line":332,"column":41},"end":{"line":332,"column":61}},"locations":[{"start":{"line":332,"column":41},"end":{"line":332,"column":61}}]},"90":{"type":"branch","line":360,"loc":{"start":{"line":360,"column":10},"end":{"line":435,"column":3}},"locations":[{"start":{"line":360,"column":10},"end":{"line":435,"column":3}}]},"91":{"type":"branch","line":362,"loc":{"start":{"line":362,"column":25},"end":{"line":362,"column":71}},"locations":[{"start":{"line":362,"column":25},"end":{"line":362,"column":71}}]},"92":{"type":"branch","line":364,"loc":{"start":{"line":364,"column":31},"end":{"line":372,"column":5}},"locations":[{"start":{"line":364,"column":31},"end":{"line":372,"column":5}}]},"93":{"type":"branch","line":369,"loc":{"start":{"line":369,"column":32},"end":{"line":372,"column":5}},"locations":[{"start":{"line":369,"column":32},"end":{"line":372,"column":5}}]},"94":{"type":"branch","line":372,"loc":{"start":{"line":372,"column":4},"end":{"line":434,"column":18}},"locations":[{"start":{"line":372,"column":4},"end":{"line":434,"column":18}}]},"95":{"type":"branch","line":372,"loc":{"start":{"line":372,"column":4},"end":{"line":390,"column":44}},"locations":[{"start":{"line":372,"column":4},"end":{"line":390,"column":44}}]},"96":{"type":"branch","line":390,"loc":{"start":{"line":390,"column":37},"end":{"line":390,"column":47}},"locations":[{"start":{"line":390,"column":37},"end":{"line":390,"column":47}}]},"97":{"type":"branch","line":390,"loc":{"start":{"line":390,"column":45},"end":{"line":404,"column":22}},"locations":[{"start":{"line":390,"column":45},"end":{"line":404,"column":22}}]},"98":{"type":"branch","line":405,"loc":{"start":{"line":405,"column":6},"end":{"line":432,"column":5}},"locations":[{"start":{"line":405,"column":6},"end":{"line":432,"column":5}}]},"99":{"type":"branch","line":415,"loc":{"start":{"line":415,"column":66},"end":{"line":418,"column":9}},"locations":[{"start":{"line":415,"column":66},"end":{"line":418,"column":9}}]},"100":{"type":"branch","line":423,"loc":{"start":{"line":423,"column":8},"end":{"line":424,"column":31}},"locations":[{"start":{"line":423,"column":8},"end":{"line":424,"column":31}}]},"101":{"type":"branch","line":425,"loc":{"start":{"line":425,"column":8},"end":{"line":427,"column":7}},"locations":[{"start":{"line":425,"column":8},"end":{"line":427,"column":7}}]},"102":{"type":"branch","line":432,"loc":{"start":{"line":432,"column":4},"end":{"line":434,"column":18}},"locations":[{"start":{"line":432,"column":4},"end":{"line":434,"column":18}}]},"103":{"type":"branch","line":375,"loc":{"start":{"line":375,"column":11},"end":{"line":378,"column":8}},"locations":[{"start":{"line":375,"column":11},"end":{"line":378,"column":8}}]},"104":{"type":"branch","line":380,"loc":{"start":{"line":380,"column":8},"end":{"line":380,"column":80}},"locations":[{"start":{"line":380,"column":8},"end":{"line":380,"column":80}}]},"105":{"type":"branch","line":395,"loc":{"start":{"line":395,"column":13},"end":{"line":395,"column":75}},"locations":[{"start":{"line":395,"column":13},"end":{"line":395,"column":75}}]},"106":{"type":"branch","line":437,"loc":{"start":{"line":437,"column":10},"end":{"line":445,"column":3}},"locations":[{"start":{"line":437,"column":10},"end":{"line":445,"column":3}}]},"107":{"type":"branch","line":439,"loc":{"start":{"line":439,"column":19},"end":{"line":439,"column":35}},"locations":[{"start":{"line":439,"column":19},"end":{"line":439,"column":35}}]},"108":{"type":"branch","line":441,"loc":{"start":{"line":441,"column":35},"end":{"line":444,"column":7}},"locations":[{"start":{"line":441,"column":35},"end":{"line":444,"column":7}}]},"109":{"type":"branch","line":443,"loc":{"start":{"line":443,"column":41},"end":{"line":443,"column":60}},"locations":[{"start":{"line":443,"column":41},"end":{"line":443,"column":60}}]}},"b":{"0":[13],"1":[9],"2":[3],"3":[10],"4":[9],"5":[12],"6":[1],"7":[9],"8":[11],"9":[9],"10":[11],"11":[0],"12":[1],"13":[17],"14":[11],"15":[1],"16":[10],"17":[8],"18":[3],"19":[3],"20":[3],"21":[2],"22":[1],"23":[2],"24":[1],"25":[1],"26":[7],"27":[6],"28":[0],"29":[0],"30":[0],"31":[0],"32":[15],"33":[1],"34":[0],"35":[0],"36":[14],"37":[9],"38":[0],"39":[14],"40":[12],"41":[10],"42":[5],"43":[0],"44":[15],"45":[4],"46":[2],"47":[15],"48":[2],"49":[1],"50":[0],"51":[1],"52":[0],"53":[2],"54":[18],"55":[13],"56":[5],"57":[7],"58":[9],"59":[3],"60":[4],"61":[1],"62":[3],"63":[0],"64":[3],"65":[2],"66":[4],"67":[4],"68":[3],"69":[4],"70":[1],"71":[3],"72":[0],"73":[3],"74":[2],"75":[4],"76":[4],"77":[1],"78":[2],"79":[1],"80":[0],"81":[1],"82":[2],"83":[4],"84":[15],"85":[18],"86":[7],"87":[8],"88":[5],"89":[5],"90":[12],"91":[0],"92":[11],"93":[0],"94":[10],"95":[1],"96":[0],"97":[1],"98":[2],"99":[0],"100":[0],"101":[0],"102":[1],"103":[2],"104":[1],"105":[1],"106":[2],"107":[0],"108":[3],"109":[0]},"fnMap":{"0":{"name":"FilterEngine","decl":{"start":{"line":31,"column":2},"end":{"line":42,"column":3}},"loc":{"start":{"line":31,"column":2},"end":{"line":42,"column":3}},"line":31},"1":{"name":"buildIndex","decl":{"start":{"line":46,"column":10},"end":{"line":68,"column":3}},"loc":{"start":{"line":46,"column":10},"end":{"line":68,"column":3}},"line":46},"2":{"name":"clearIndexes","decl":{"start":{"line":70,"column":2},"end":{"line":72,"column":3}},"loc":{"start":{"line":70,"column":2},"end":{"line":72,"column":3}},"line":70},"3":{"name":"resetFilterState","decl":{"start":{"line":74,"column":2},"end":{"line":78,"column":3}},"loc":{"start":{"line":74,"column":2},"end":{"line":78,"column":3}},"line":74},"4":{"name":"filter","decl":{"start":{"line":82,"column":2},"end":{"line":239,"column":3}},"loc":{"start":{"line":82,"column":2},"end":{"line":239,"column":3}},"line":82},"5":{"name":"executionCriteria.reduce.indexedCriteria","decl":{"start":{"line":186,"column":6},"end":{"line":199,"column":8}},"loc":{"start":{"line":186,"column":6},"end":{"line":199,"column":8}},"line":186},"6":{"name":"cloneCriteria","decl":{"start":{"line":241,"column":10},"end":{"line":246,"column":3}},"loc":{"start":{"line":241,"column":10},"end":{"line":246,"column":3}},"line":241},"7":{"name":"hasCriteriaAdditions","decl":{"start":{"line":248,"column":10},"end":{"line":273,"column":3}},"loc":{"start":{"line":248,"column":10},"end":{"line":273,"column":3}},"line":248},"8":{"name":"hasCriteriaRemovals","decl":{"start":{"line":275,"column":10},"end":{"line":300,"column":3}},"loc":{"start":{"line":275,"column":10},"end":{"line":300,"column":3}},"line":275},"9":{"name":"getAddedCriteria","decl":{"start":{"line":302,"column":10},"end":{"line":326,"column":3}},"loc":{"start":{"line":302,"column":10},"end":{"line":326,"column":3}},"line":302},"10":{"name":"linearFilter","decl":{"start":{"line":328,"column":10},"end":{"line":358,"column":3}},"loc":{"start":{"line":328,"column":10},"end":{"line":358,"column":3}},"line":32
[...]
ne":168,"column":0},"end":{"line":168,"column":5}},"169":{"start":{"line":170,"column":0},"end":{"line":170,"column":18}},"170":{"start":{"line":171,"column":0},"end":{"line":171,"column":3}},"172":{"start":{"line":173,"column":0},"end":{"line":173,"column":31}},"173":{"start":{"line":174,"column":0},"end":{"line":174,"column":14}},"174":{"start":{"line":175,"column":0},"end":{"line":175,"column":28}},"175":{"start":{"line":176,"column":0},"end":{"line":176,"column":24}},"176":{"start":{"line":177,"column":0},"end":{"line":177,"column":14}},"177":{"start":{"line":178,"column":0},"end":{"line":178,"column":55}},"178":{"start":{"line":179,"column":0},"end":{"line":179,"column":63}},"179":{"start":{"line":180,"column":0},"end":{"line":180,"column":5}},"181":{"start":{"line":182,"column":0},"end":{"line":182,"column":16}},"182":{"start":{"line":183,"column":0},"end":{"line":183,"column":3}},"184":{"start":{"line":185,"column":0},"end":{"line":185,"column":26}},"185":{"start":{"line":186,"column":0},"end":{"line":186,"column":37}},"186":{"start":{"line":187,"column":0},"end":{"line":187,"column":29}},"187":{"start":{"line":188,"column":0},"end":{"line":188,"column":57}},"188":{"start":{"line":189,"column":0},"end":{"line":189,"column":67}},"189":{"start":{"line":190,"column":0},"end":{"line":190,"column":35}},"190":{"start":{"line":191,"column":0},"end":{"line":191,"column":6}},"192":{"start":{"line":193,"column":0},"end":{"line":193,"column":37}},"194":{"start":{"line":195,"column":0},"end":{"line":195,"column":36}},"195":{"start":{"line":196,"column":0},"end":{"line":196,"column":71}},"196":{"start":{"line":197,"column":0},"end":{"line":197,"column":48}},"197":{"start":{"line":198,"column":0},"end":{"line":198,"column":49}},"199":{"start":{"line":200,"column":0},"end":{"line":200,"column":77}},"200":{"start":{"line":201,"column":0},"end":{"line":201,"column":76}},"201":{"start":{"line":202,"column":0},"end":{"line":202,"column":7}},"202":{"start":{"line":203,"column":0},"end":{"line":203,"column":15}},"203":{"start":{"line":204,"column":0},"end":{"line":204,"column":6}},"204":{"start":{"line":205,"column":0},"end":{"line":205,"column":3}},"206":{"start":{"line":207,"column":0},"end":{"line":207,"column":27}},"207":{"start":{"line":208,"column":0},"end":{"line":208,"column":14}},"208":{"start":{"line":209,"column":0},"end":{"line":209,"column":18}},"209":{"start":{"line":210,"column":0},"end":{"line":210,"column":29}},"210":{"start":{"line":211,"column":0},"end":{"line":211,"column":10}},"211":{"start":{"line":212,"column":0},"end":{"line":212,"column":34}},"213":{"start":{"line":214,"column":0},"end":{"line":214,"column":47}},"214":{"start":{"line":215,"column":0},"end":{"line":215,"column":53}},"215":{"start":{"line":216,"column":0},"end":{"line":216,"column":51}},"216":{"start":{"line":217,"column":0},"end":{"line":217,"column":5}},"218":{"start":{"line":219,"column":0},"end":{"line":219,"column":47}},"219":{"start":{"line":220,"column":0},"end":{"line":220,"column":75}},"221":{"start":{"line":222,"column":0},"end":{"line":222,"column":50}},"223":{"start":{"line":224,"column":0},"end":{"line":224,"column":45}},"224":{"start":{"line":225,"column":0},"end":{"line":225,"column":30}},"225":{"start":{"line":226,"column":0},"end":{"line":226,"column":55}},"226":{"start":{"line":227,"column":0},"end":{"line":227,"column":45}},"227":{"start":{"line":228,"column":0},"end":{"line":228,"column":7}},"228":{"start":{"line":229,"column":0},"end":{"line":229,"column":12}},"229":{"start":{"line":230,"column":0},"end":{"line":230,"column":55}},"230":{"start":{"line":231,"column":0},"end":{"line":231,"column":61}},"231":{"start":{"line":232,"column":0},"end":{"line":232,"column":7}},"232":{"start":{"line":233,"column":0},"end":{"line":233,"column":5}},"234":{"start":{"line":235,"column":0},"end":{"line":235,"column":18}},"235":{"start":{"line":236,"column":0},"end":{"line":236,"column":3}},"236":{"start":{"line":237,"column":0},"end":{"line":237,"column":1}}},"s":{"20":1,"21":1,"23":1,"25":1,"26":13,"28":8,"29":13,"31":8,"32":7,"33":7,"34":13,"38":1,"39":7,"40":7,"41":7,"42":7,"43":7,"45":7,"46":0,"47":0,"48":0,"50":0,"51":0,"53":0,"54":0,"55":7,"56":7,"57":7,"58":7,"60":7,"61":7,"62":7,"63":7,"65":7,"66":7,"68":7,"69":6,"70":6,"71":6,"72":6,"73":7,"74":1,"75":5,"76":5,"77":5,"78":1,"79":1,"81":7,"82":7,"83":7,"84":7,"85":7,"86":7,"87":7,"88":7,"90":1,"91":1,"92":1,"96":1,"97":15,"98":15,"99":15,"100":15,"101":15,"102":15,"104":15,"105":3,"106":1,"107":1,"109":1,"110":1,"112":2,"113":2,"114":15,"115":12,"116":12,"117":12,"119":15,"121":15,"122":11,"123":11,"125":11,"126":11,"127":7,"128":5,"129":5,"130":11,"131":5,"132":5,"133":11,"135":15,"137":15,"138":15,"139":6,"140":6,"141":15,"142":4,"143":4,"144":4,"145":4,"146":4,"147":4,"149":3,"150":3,"151":3,"152":15,"154":1,"155":5,"156":5,"157":5,"158":5,"159":5,"160":5,"162":5,"163":3,"164":3,"165":2,"166":2,"167":2,"169":5,"170":5,"172":1,"173":5,"174":5,"175":5,"176":5,"177":5,"178":21,"179":21,"181":5,"182":5,"184":1,"185":3,"186":3,"187":3,"188":3,"189":4,"190":3,"192":3,"194":3,"195":13,"196":15,"197":15,"199":15,"200":14,"201":15,"202":0,"203":13,"204":3,"206":1,"207":4,"208":4,"209":4,"210":4,"211":4,"213":4,"214":4,"215":17,"216":17,"218":4,"219":4,"221":4,"223":4,"224":4,"225":3,"226":13,"227":13,"228":4,"229":1,"230":4,"231":4,"232":1,"234":4,"235":4,"236":1},"branchMap":{"0":{"type":"branch","line":26,"loc":{"start":{"line":26,"column":2},"end":{"line":35,"column":3}},"locations":[{"start":{"line":26,"column":2},"end":{"line":35,"column":3}}]},"1":{"type":"branch","line":27,"loc":{"start":{"line":27,"column":23},"end":{"line":30,"column":33}},"locations":[{"start":{"line":27,"column":23},"end":{"line":30,"column":33}}]},"2":{"type":"branch","line":27,"loc":{"start":{"line":27,"column":23},"end":{"line":27,"column":30}},"locations":[{"start":{"line":27,"column":23},"end":{"line":27,"column":30}}]},"3":{"type":"branch","line":30,"loc":{"start":{"line":30,"column":17},"end":{"line":30,"column":33}},"locations":[{"start":{"line":30,"column":17},"end":{"line":30,"column":33}}]},"4":{"type":"branch","line":30,"loc":{"start":{"line":30,"column":33},"end":{"line":30,"column":40}},"locations":[{"start":{"line":30,"column":33},"end":{"line":30,"column":40}}]},"5":{"type":"branch","line":30,"loc":{"start":{"line":30,"column":33},"end":{"line":34,"column":5}},"locations":[{"start":{"line":30,"column":33},"end":{"line":34,"column":5}}]},"6":{"type":"branch","line":30,"loc":{"start":{"line":30,"column":33},"end":{"line":32,"column":40}},"locations":[{"start":{"line":30,"column":33},"end":{"line":32,"column":40}}]},"7":{"type":"branch","line":32,"loc":{"start":{"line":32,"column":40},"end":{"line":34,"column":5}},"locations":[{"start":{"line":32,"column":40},"end":{"line":34,"column":5}}]},"8":{"type":"branch","line":34,"loc":{"start":{"line":34,"column":4},"end":{"line":34,"column":5}},"locations":[{"start":{"line":34,"column":4},"end":{"line":34,"column":5}}]},"9":{"type":"branch","line":39,"loc":{"start":{"line":39,"column":10},"end":{"line":89,"column":3}},"locations":[{"start":{"line":39,"column":10},"end":{"line":89,"column":3}}]},"10":{"type":"branch","line":46,"loc":{"start":{"line":46,"column":37},"end":{"line":56,"column":11}},"locations":[{"start":{"line":46,"column":37},"end":{"line":56,"column":11}}]},"11":{"type":"branch","line":64,"loc":{"start":{"line":64,"column":40},"end":{"line":64,"column":55}},"locations":[{"start":{"line":64,"column":40},"end":{"line":64,"column":55}}]},"12":{"type":"branch","line":69,"loc":{"start":{"line":69,"column":40},"end":{"line":74,"column":11}},"locations":[{"start":{"line":69,"column":40},"end":{"line":74,"column":11}}]},"13":{"type":"branch","line":72,"loc":{"start":{"line":72,"column":8},"end":{"line":72,"column":52}},"locations":[{"start":{"line":72,"column":8},"end":{"line":72,"column":52}}]},"14":{"type":"branch","line":74,"loc":{"start":{"line":74,"column":4},"end":{"line":80,"column":5}},"locations":[{"start":{"line":74,"column":4},"end":{"line":80,"column":5}}]},"15":{"type":"branch","line":66,"loc":{"start":{"line":66,"column":33},"end":{"line":66,"column":62}},"locations":[{"start":{"line":66,"column":33},"end":{"line":66,"column":62}}]},"16":{"type":"branch","line":73,"loc":{"start":{"line":73,"column":19},"end":{"line":73,"column":64}},"locations":[{"start":{"line":73,"column":19},"end":{"line":73,"column":64}}]},"17":{"type":"branch","line":75,"loc":{"start":{"line":75,"column":19},"end":{"line":79,"column":7}},"locations":[{"start":{"line":75,"column":19},"end":{"line":79,"column":7}}]},"18":{"type":"branch","line":78,"loc":{"start":{"line":78,"column":25},"end":{"line":78,"column":46}},"locations":[{"start":{"line":78,"column":25},"end":{"line":78,"column":46}}]},"19":{"type":"branch","line":91,"loc":{"start":{"line":91,"column":2},"end":{"line":93,"column":3}},"locations":[{"start":{"line":91,"column":2},"end":{"line":93,"column":3}}]},"20":{"type":"branch","line":97,"loc":{"start":{"line":97,"column":2},"end":{"line":153,"column":3}},"locations":[{"start":{"line":97,"column":2},"end":{"line":153,"column":3}}]},"21":{"type":"branch","line":105,"loc":{"start":{"line":105,"column":35},"end":{"line":115,"column":11}},"locations":[{"start":{"line":105,"column":35},"end":{"line":115,"column":11}}]},"22":{"type":"branch","line":106,"loc":{"start":{"line":106,"column":29},"end":{"line":115,"column":11}},"locations":[{"start":{"line":106,"column":29},"end":{"line":115,"column":11}}]},"23":{"type":"branch","line":106,"loc":{"start":{"line":106,"column":29},"end":{"line":111,"column":7}},"locations":[{"start":{"line":106,"column":29},"end":{"line":111,"column":7}}]},"24":{"type":"branch","line":115,"loc":{"start":{"line":115,"column":4},"end":{"line":118,"column":5}},"locations":[{"start":{"line":115,"column":4},"end":{"line":118,"column":5}}]},"25":{"type":"branch","line":118,"loc":{"start":{"line":118,"column":4},"end":{"line":120,"column":44}},"locations":[{"start":{"line":118,"column":4},"end":{"line":120,"column":44}}]},"26":{"type":"branch","line":120,"loc":{"start":{"line":120,"column":39},"end":{"line":120,"column":63}},"locations":[{"start":{"line":120,"column":39},"end":{"line":120,"column":63}}]},"27":{"type":"branch","line":120,"loc":{"start":{"line":120,"column":63},"end":{"line":120,"column":75}},"locations":[{"start":{"line":120,"column":63},"end":{"line":120,"column":75}}]},"28":{"type":"branch","line":120,"loc":{"start":{"line":120,"column":70},"end":{"line":122,"column":42}},"locations":[{"start":{"line":120,"column":70},"end":{"line":122,"column":42}}]},"29":{"type":"branch","line":122,"loc":{"start":{"line":122,"column":42},"end":{"line":134,"column":5}},"locations":[{"start":{"line":122,"column":42},"end":{"line":134,"column":5}}]},"30":{"type":"branch","line":127,"loc":{"start":{"line":127,"column":8},"end":{"line":128,"column":34}},"locations":[{"start":{"line":127,"column":8},"end":{"line":128,"column":34}}]},"31":{"type":"branch","line":128,"loc":{"start":{"line":128,"column":27},"end":{"line":129,"column":43}},"locations":[{"start":{"line":128,"column":27},"end":{"line":129,"column":43}}]},"32":{"type":"branch","line":129,"loc":{"start":{"line":129,"column":34},"end":{"line":130,"column":68}},"locations":[{"start":{"line":129,"column":34},"end":{"line":130,"column":68}}]},"33":{"type":"branch","line":131,"loc":{"start":{"line":131,"column":8},"end":{"line":133,"column":7}},"locations":[{"start":{"line":131,"column":8},"end":{"line":133,"column":7}}]},"34":{"type":"branch","line":134,"loc":{"start":{"line":134,"column":4},"end":{"line":136,"column":36}},"locations":[{"start":{"line":134,"column":4},"end":{"line":136,"column":36}}]},"35":{"type":"branch","line":136,"loc":{"start":{"line":136,"column":26},"end":{"line":136,"column":43}},"locations":[{"start":{"line":136,"column":26},"end":{"line":136,"column":43}}]},"36":{"type":"branch","line":136,"loc":{"start":{"line":136,"column":36},"end":{"line":136,"column":56}},"locations":[{"start":{"line":136,"column":36},"end":{"line":136,"column":56}}]},"37":{"type":"branch","line":139,"loc":{"start":{"line":139,"column":37},"end":{"line":140,"column":24}},"locations":[{"start":{"line":139,"column":37},"end":{"line":140,"column":24}}]},"38":{"type":"branch","line":140,"loc":{"start":{"line":140,"column":20},"end":{"line":141,"column":63}},"locations":[{"start":{"line":140,"column":20},"end":{"line":141,"column":63}}]},"39":{"type":"branch","line":142,"loc":{"start":{"line":142,"column":6},"end":{"line":148,"column":5}},"locations":[{"start":{"line":142,"column":6},"end":{"line":148,"column":5}}]},"40":{"type":"branch","line":148,"loc":{"start":{"line":148,"column":4},"end":{"line":152,"column":25}},"locations":[{"start":{"line":148,"column":4},"end":{"line":152,"column":25}}]},"41":{"type":"branch","line":155,"loc":{"start":{"line":155,"column":10},"end":{"line":171,"column":3}},"locations":[{"start":{"line":155,"column":10},"end":{"line":171,"column":3}}]},"42":{"type":"branch","line":163,"loc":{"start":{"line":163,"column":29},"end":{"line":168,"column":5}},"locations":[{"start":{"line":163,"column":29},"end":{"line":168,"column":5}}]},"43":{"type":"branch","line":164,"loc":{"start":{"line":164,"column":42},"end":{"line":164,"column":71}},"locations":[{"start":{"line":164,"column":42},"end":{"line":164,"column":71}}]},"44":{"type":"branch","line":165,"loc":{"start":{"line":165,"column":4},"end":{"line":168,"column":5}},"locations":[{"start":{"line":165,"column":4},"end":{"line":168,"column":5}}]},"45":{"type":"branch","line":167,"loc":{"start":{"line":167,"column":8},"end":{"line":167,"column":53}},"locations":[{"start":{"line":167,"column":8},"end":{"line":167,"column":53}}]},"46":{"type":"branch","line":173,"loc":{"start":{"line":173,"column":10},"end":{"line":183,"column":3}},"locations":[{"start":{"line":173,"column":10},"end":{"line":183,"column":3}}]},"47":{"type":"branch","line":178,"loc":{"start":{"line":178,"column":54},"end":{"line":180,"column":5}},"locations":[{"start":{"line":178,"column":54},"end":{"line":180,"column":5}}]},"48":{"type":"branch","line":179,"loc":{"start":{"line":179,"column":50},"end":{"line":179,"column":63}},"locations":[{"start":{"line":179,"column":50},"end":{"line":179,"column":63}}]},"49":{"type":"branch","line":185,"loc":{"start":{"line":185,"column":10},"end":{"line":205,"column":3}},"locations":[{"start":{"line":185,"column":10},"end":{"line":205,"column":3}}]},"50":{"type":"branch","line":188,"loc":{"start":{"line":188,"column":35},"end":{"line":188,"column":55}},"locations":[{"start":{"line":188,"column":35},"end":{"line":188,"column":55}}]},"51":{"type":"branch","line":189,"loc":{"start":{"line":189,"column":49},"end":{"line":190,"column":35}},"locations":[{"start":{"line":189,"column":49},"end":{"line":190,"column":35}}]},"52":{"type":"branch","line":190,"loc":{"start":{"line":190,"column":28},"end":{"line":190,"column":35}},"locations":[{"start":{"line":190,"column":28},"end":{"line":190,"column":35}}]},"53":{"type":"branch","line":195,"loc":{"start":{"line":195,"column":11},"end":{"line":204,"column":6}},"locations":[{"start":{"line":195,"column":11},"end":{"line":204,"column":6}}]},"54":{"type":"branch","line":196,"loc":{"start":{"line":196,"column":70},"end":{"line":202,"column":7}},"locations":[{"start":{"line":196,"column":70},"end":{"line":202,"column":7}}]},"55":{"type":"branch","line":200,"loc":{"start":{"line":200,"column":36},"end":{"line":200,"column":77}},"locations":[{"start":{"line":200,"column":36},"end":{"line":200,"column":77}}]},"56":{"type":"branch","line":200,"loc":{"start":{"line":200,"column":75},"end":{"line":201,"column":76}},"locations":[{"start":{"line":200,"column":75},"end":{"line":201,"column":76}}]},"57":{"type":"branch","line":200,"loc":{"start":{"line":200,"column":75},"end":{"line":201,"column":43}},"locations":[{"start":{"line":200,"column":75},"end":{"line":201,"column":43}}]},"58":{"type":"branch","line":201,"loc":{"start":{"line":201,"column":36},"end":{"line":201,"column":76}},"locations":[{"start":{"line":201,"column":36},"end":{"line":201,"column":76}}]},"59":{"type":"branch","line":202,"loc":{"start":{"line":202,"column":6},"end":{"line":203,"column":15}},"locations":[{"start":{"line":202,"column":6},"end":{"line":203,"column":15}}]},"60":{"type":"branch","line":207,"loc":{"start":{"line":207,"column":10},"end":{"line":236,"column":3}},"locations":[{"start":{"line":207,"column":10},"end":{"line":236,"column":3}}]},"61":{"type":"branch","line":215,"loc":{"start":{"line":215,"column":52},"end":{"line":217,"column":5}},"locations":[{"start":{"line":215,"column":52},"end":{"line":217,"column":5}}]},"62":{"type":"branch","line":220,"loc":{"start":{"line":220,"column":52},"end":{"line":220,"column":75}},"locations":[{"start":{"line":220,"column":52},"end":{"line":220,"column":75}}]},"63":{"type":"branch","line":225,"loc":{"start":{"line":225,"column":29},"end":{"line":229,"column":11}},"locations":[{"start":{"line":225,"column":29},"end":{"line":229,"column":11}}]},"64":{"type":"branch","line":226,"loc":{"start":{"line":226,"column":54},"end":{"line":228,"column":7}},"locations":[{"start":{"line":226,"column":54},"end":{"line":228,"column":7}}]},"65":{"type":"branch","line":229,"loc":{"start":{"line":229,"column":4},"end":{"line":233,"column":5}},"locations":[{"start":{"line":229,"column":4},"end":{"line":233,"column":5}}]},"66":{"type":"branch","line":230,"loc":{"start":{"line":230,"column":54},"end":{"line":232,"column":7}},"locations":[{"start":{"line":230,"column":54},"end":{"line":232,"column":7}}]},"67":{"type":"branch","line":222,"loc":{"start":{"line":222,"column":17},"end":{"line":222,"column":48}},"locations":[{"start":{"line":222,"column":17},"end":{"line":222,"column":48}}]}},"b":{"0":[13],"1":[8],"2":[5],"3":[6],"4":[2],"5":[8],"6":[6],"7":[7],"8":[6],"9":[7],"10":[0],"11":[30],"12":[6],"13":[25],"14":[1],"15":[30],"16":[32],"17":[5],"18":[0],"19":[1],"20":[15],"21":[3],"22":[2],"23":[1],"24":[12],"25":[14],"26":[13],"27":[2],"28":[12],"29":[11],"30":[7],"31":[5],"32":[5],"33":[5],"34":[7],"35":[1],"36":[6],"37":[6],"38":[6],"39":[4],"40":[3],"41":[5],"42":[3],"43":[13],"44":[2],"45":[8],"46":[5],"47":[21],"48":[0],"49":[3],"50":[4],"51":[4],"52":[0],"53":[13],"54":[15],"55":[6],"56":[14],"57":[9],"58":[7],"59":[0],"60":[4],"61":[17],"62":[17],"63":[3],"64":[13],"65":[1],"66":[4],"67":[23]},"fnMap":{"0":{"name":"SortEngine","decl":{"start":{"line":26,"column":2},"end":{"line":35,"column":3}},"loc":{"start":{"line":26,"column":2},"end":{"line":35,"column":3}},"line":26},"1":{"name":"buildIndex","decl":{"start":{"line":39,"column":10},"end":{"line":89,"column":3}},"loc":{"start":{"line":39,"column":10},"end":{"line":89,"column":3}},"line":39},"2":{"name":"clearIndexes","decl":{"start":{"line":91,"column":2},"end":{"line":93,"column":3}},"loc":{"start":{"line":91,"column":2},"end":{"line":93,"column":3}},"line":91},"3":{"name":"sort","decl":{"start":{"line":97,"column":2},"end":{"line":153,"column":3}},"loc":{"start":{"line":97,"column":2},"end":{"line":153,"column":3}},"line":97},"4":{"name":"reconstructFromIndex","decl":{"start":{"line":155,"column":10},"end":{"line":171,"column":3}},"loc":{"start":{"line":155,"column":10},"end":{"line":171,"column":3}},"line":155},"5":{"name":"isFieldSnapshotValid","decl":{"start":{"line":173,"column":10},"end":{"line":183,"column":3}},"loc":{"start":{"line":173,"column":10},"end":{"line":183,"column":3}},"line":173},"6":{"name":"buildComparator","decl":{"start":{"line":185,"column":10},"end":{"line":205,"column":3}},"loc":{"start":{"line":185,"column":10},"end":{"line":205,"column":3}},"line":185},"7":{"name":"radixSortNumeric","decl":{"start":{"line":207,"column":10},"end":{"line":236,"column":3}},"loc":{"start":{"line":207,"column":10},"end":{"line":236,"column":3}},"line":207}},"f":{"0":13,"1":7,"2":1,"3":15,"4":5,"5":5,"6":3,"7":4}}
}
