TN:
SF:src\indexer.test.ts
FNF:0
FNH:0
DA:1,1
DA:3,1
DA:12,1
DA:13,1
DA:14,1
DA:15,1
DA:16,1
DA:17,1
DA:18,1
DA:20,1
DA:21,1
DA:23,1
DA:24,8
DA:25,1
DA:27,1
DA:28,1
DA:30,1
DA:31,1
DA:32,1
DA:34,1
DA:35,1
DA:36,1
DA:37,1
DA:38,1
DA:39,1
DA:40,1
DA:42,1
DA:43,1
DA:44,1
DA:46,1
DA:47,1
DA:48,1
DA:50,1
DA:51,1
DA:53,1
DA:54,1
DA:55,1
DA:57,1
DA:58,1
DA:60,1
DA:61,1
DA:62,1
DA:63,1
DA:64,1
DA:66,1
DA:67,1
DA:68,1
DA:69,1
DA:70,1
DA:72,1
DA:73,1
DA:74,1
DA:76,1
DA:77,1
DA:78,1
DA:80,1
DA:81,1
DA:83,1
DA:84,1
DA:85,1
DA:86,1
LF:61
LH:61
BRDA:20,0,0,1
BRDA:23,1,0,8
BRDA:27,2,0,1
BRDA:34,3,0,1
BRDA:46,4,0,1
BRDA:50,5,0,1
BRDA:57,6,0,1
BRDA:62,7,0,4
BRDA:66,8,0,1
BRDA:72,9,0,1
BRDA:80,10,0,1
BRF:11
BRH:11
end_of_record
TN:
SF:src\indexer.ts
FN:8,Indexer
FN:11,buildIndex
FN:34,getByValue
FN:40,getByValues
FN:67,hasIndex
FN:71,clear
FN:75,getIndexMap
FNF:7
FNH:7
FNDA:21,Indexer
FNDA:17,buildIndex
FNDA:5,getByValue
FNDA:15,getByValues
FNDA:20,hasIndex
FNDA:1,clear
FNDA:4,getIndexMap
DA:8,1
DA:9,21
DA:11,1
DA:12,17
DA:14,17
DA:15,17
DA:16,17
DA:17,17
DA:18,17
DA:19,83
DA:20,83
DA:21,83
DA:23,81
DA:24,83
DA:25,32
DA:26,83
DA:27,49
DA:28,49
DA:29,83
DA:31,17
DA:32,17
DA:34,1
DA:35,5
DA:36,5
DA:37,5
DA:38,5
DA:40,1
DA:41,15
DA:42,15
DA:44,15
DA:45,10
DA:46,10
DA:48,4
DA:49,4
DA:51,15
DA:52,8
DA:53,8
DA:55,8
DA:56,15
DA:57,15
DA:58,15
DA:59,15
DA:60,15
DA:61,15
DA:62,8
DA:64,4
DA:65,15
DA:67,1
DA:68,20
DA:69,20
DA:71,1
DA:72,1
DA:73,1
DA:75,1
DA:76,4
DA:77,4
DA:78,1
LF:57
LH:57
BRDA:8,0,0,21
BRDA:11,1,0,17
BRDA:18,2,0,83
BRDA:21,3,0,82
BRDA:21,4,0,2
BRDA:21,5,0,81
BRDA:24,6,0,32
BRDA:26,7,0,49
BRDA:34,8,0,5
BRDA:36,9,0,2
BRDA:36,10,0,3
BRDA:37,11,0,1
BRDA:40,12,0,15
BRDA:42,13,0,1
BRDA:42,14,0,14
BRDA:44,15,0,10
BRDA:45,16,0,0
BRDA:46,17,0,4
BRDA:51,18,0,8
BRDA:53,19,0,0
BRDA:55,20,0,15
BRDA:62,21,0,4
BRDA:67,22,0,20
BRDA:71,23,0,1
BRDA:75,24,0,4
BRF:25
BRH:23
end_of_record
TN:
SF:src\filter\filter.test.ts
FNF:0
FNH:0
DA:1,1
DA:3,1
DA:13,1
DA:14,1
DA:15,1
DA:16,1
DA:17,1
DA:18,1
DA:19,1
DA:21,1
DA:22,1
DA:23,1
DA:24,1
DA:25,1
DA:27,1
DA:28,1
DA:29,1
DA:30,1
DA:31,1
DA:33,1
DA:34,1
DA:35,1
DA:36,1
DA:38,1
DA:39,1
DA:41,1
DA:42,1
DA:44,1
DA:45,1
DA:46,1
DA:47,1
DA:49,1
DA:50,1
DA:52,1
DA:53,1
DA:55,1
DA:56,1
DA:57,1
DA:58,1
DA:60,1
DA:61,1
DA:63,1
DA:64,1
DA:65,1
DA:66,1
DA:67,1
DA:69,1
DA:70,1
DA:71,1
DA:72,1
DA:73,1
DA:75,1
DA:76,1
DA:77,1
DA:78,1
DA:79,1
DA:80,1
DA:81,1
DA:82,1
DA:84,1
DA:85,1
DA:87,1
DA:88,4
DA:89,4
DA:90,4
DA:91,4
DA:92,4
DA:93,1
DA:95,1
DA:96,1
DA:97,1
DA:98,1
DA:99,1
DA:101,1
DA:102,1
DA:103,1
DA:104,1
DA:105,1
DA:106,1
DA:107,1
DA:108,1
DA:110,1
DA:111,1
DA:112,1
DA:113,1
DA:114,1
DA:115,1
DA:116,1
DA:117,1
DA:119,1
DA:120,1
DA:121,1
DA:122,1
DA:123,1
DA:124,1
DA:125,1
DA:126,1
LF:97
LH:97
BRDA:21,0,0,1
BRDA:22,1,0,1
BRDA:27,2,0,1
BRDA:38,3,0,2
BRDA:41,4,0,1
BRDA:49,5,0,3
BRDA:52,6,0,1
BRDA:60,7,0,2
BRDA:63,8,0,1
BRDA:66,9,0,1
BRDA:70,10,0,1
BRDA:75,11,0,1
BRDA:80,12,0,2
BRDA:84,13,0,1
BRDA:87,14,0,4
BRDA:95,15,0,1
BRDA:101,16,0,1
BRDA:110,17,0,1
BRDA:119,18,0,1
BRDA:123,19,0,2
BRF:20
BRH:20
end_of_record
TN:
SF:src\filter\filter.ts
FN:31,FilterEngine
FN:46,buildIndex
FN:70,clearIndexes
FN:74,resetFilterState
FN:82,filter
FN:186,executionCriteria.reduce.indexedCriteria
FN:241,cloneCriteria
FN:248,hasCriteriaAdditions
FN:275,hasCriteriaRemovals
FN:302,getAddedCriteria
FN:328,linearFilter
FN:360,filterViaIndex
FN:437,estimateIndexSize
FNF:13
FNH:12
FNDA:13,FilterEngine
FNDA:11,buildIndex
FNDA:0,clearIndexes
FNDA:1,resetFilterState
FNDA:17,filter
FNDA:18,executionCriteria.reduce.indexedCriteria
FNDA:7,cloneCriteria
FNDA:3,hasCriteriaAdditions
FNDA:3,hasCriteriaRemovals
FNDA:1,getAddedCriteria
FNDA:4,linearFilter
FNDA:12,filterViaIndex
FNDA:2,estimateIndexSize
DA:1,1
DA:19,1
DA:23,1
DA:25,1
DA:27,1
DA:29,1
DA:31,1
DA:32,13
DA:33,13
DA:34,13
DA:36,10
DA:37,13
DA:39,13
DA:40,11
DA:41,11
DA:42,13
DA:46,1
DA:47,11
DA:48,11
DA:49,11
DA:50,11
DA:51,0
DA:52,0
DA:53,0
DA:55,0
DA:56,0
DA:58,0
DA:59,0
DA:60,0
DA:62,11
DA:63,11
DA:64,11
DA:65,11
DA:66,11
DA:67,11
DA:68,11
DA:70,1
DA:71,0
DA:72,0
DA:74,1
DA:75,1
DA:76,1
DA:77,1
DA:78,1
DA:82,1
DA:83,17
DA:84,17
DA:85,17
DA:86,17
DA:88,17
DA:89,17
DA:90,17
DA:92,17
DA:93,11
DA:94,1
DA:95,1
DA:97,1
DA:98,1
DA:100,10
DA:102,10
DA:103,10
DA:104,8
DA:105,3
DA:106,3
DA:107,11
DA:108,3
DA:109,3
DA:110,3
DA:111,3
DA:112,3
DA:113,3
DA:114,3
DA:115,3
DA:117,3
DA:118,1
DA:119,1
DA:121,3
DA:122,1
DA:123,1
DA:124,1
DA:125,1
DA:126,1
DA:127,1
DA:128,1
DA:129,1
DA:130,1
DA:131,11
DA:132,7
DA:133,7
DA:134,7
DA:135,17
DA:136,6
DA:137,6
DA:139,6
DA:140,6
DA:141,0
DA:142,0
DA:143,0
DA:144,6
DA:145,0
DA:146,0
DA:147,0
DA:148,0
DA:149,0
DA:150,0
DA:151,0
DA:152,0
DA:154,0
DA:155,0
DA:156,0
DA:158,0
DA:159,0
DA:160,0
DA:161,0
DA:162,0
DA:163,0
DA:164,0
DA:165,0
DA:166,0
DA:167,6
DA:168,6
DA:169,6
DA:170,6
DA:172,17
DA:173,1
DA:174,0
DA:175,0
DA:176,0
DA:177,0
DA:178,1
DA:179,1
DA:181,17
DA:182,0
DA:183,0
DA:185,14
DA:186,14
DA:187,18
DA:191,18
DA:192,18
DA:193,18
DA:194,13
DA:195,18
DA:196,5
DA:197,5
DA:198,18
DA:199,18
DA:200,14
DA:201,14
DA:203,14
DA:205,17
DA:206,10
DA:207,10
DA:208,5
DA:209,5
DA:210,5
DA:211,5
DA:212,0
DA:213,5
DA:214,10
DA:215,10
DA:217,17
DA:218,2
DA:219,2
DA:220,2
DA:221,1
DA:222,1
DA:223,1
DA:224,1
DA:225,0
DA:226,1
DA:227,2
DA:228,2
DA:230,2
DA:231,15
DA:232,1
DA:233,1
DA:234,1
DA:235,1
DA:236,0
DA:237,1
DA:238,2
DA:239,17
DA:241,1
DA:242,7
DA:243,9
DA:244,9
DA:245,7
DA:246,7
DA:248,1
DA:249,3
DA:250,3
DA:251,3
DA:252,3
DA:253,3
DA:254,3
DA:255,3
DA:256,3
DA:257,3
DA:259,3
DA:260,4
DA:261,4
DA:262,1
DA:263,1
DA:265,4
DA:266,4
DA:267,0
DA:268,0
DA:269,4
DA:270,3
DA:272,2
DA:273,3
DA:275,1
DA:276,3
DA:277,3
DA:278,3
DA:279,3
DA:280,3
DA:281,3
DA:282,3
DA:283,3
DA:284,3
DA:286,3
DA:287,4
DA:288,4
DA:289,1
DA:290,1
DA:292,4
DA:293,4
DA:294,0
DA:295,0
DA:296,4
DA:297,3
DA:299,2
DA:300,3
DA:302,1
DA:303,1
DA:304,1
DA:305,1
DA:306,1
DA:307,1
DA:308,1
DA:310,1
DA:312,1
DA:313,2
DA:314,2
DA:315,1
DA:316,1
DA:317,1
DA:319,1
DA:320,2
DA:321,0
DA:322,0
DA:323,2
DA:325,1
DA:326,1
DA:328,1
DA:329,4
DA:330,4
DA:331,4
DA:332,4
DA:334,4
DA:336,4
DA:337,15
DA:338,15
DA:340,15
DA:341,15
DA:342,15
DA:343,15
DA:344,15
DA:345,18
DA:346,18
DA:347,7
DA:348,7
DA:349,7
DA:350,18
DA:352,15
DA:353,8
DA:354,8
DA:355,15
DA:357,4
DA:358,4
DA:360,1
DA:361,12
DA:362,12
DA:364,12
DA:365,11
DA:366,11
DA:367,11
DA:368,11
DA:369,11
DA:371,0
DA:372,0
DA:374,1
DA:375,1
DA:376,2
DA:377,2
DA:378,1
DA:379,1
DA:380,1
DA:381,1
DA:383,1
DA:384,1
DA:385,1
DA:386,1
DA:387,1
DA:388,1
DA:390,10
DA:392,1
DA:393,1
DA:394,1
DA:395,1
DA:396,1
DA:397,1
DA:399,1
DA:401,1
DA:402,1
DA:403,1
DA:404,1
DA:405,10
DA:406,2
DA:407,2
DA:409,2
DA:410,2
DA:411,2
DA:412,2
DA:413,2
DA:414,2
DA:415,2
DA:416,0
DA:417,0
DA:418,0
DA:419,2
DA:421,2
DA:422,2
DA:423,2
DA:424,0
DA:425,2
DA:426,0
DA:427,0
DA:429,2
DA:430,2
DA:431,2
DA:432,2
DA:434,1
DA:435,12
DA:437,1
DA:438,2
DA:439,2
DA:441,2
DA:442,3
DA:443,3
DA:444,2
DA:445,2
DA:446,1
LF:354
LH:298
BRDA:31,0,0,13
BRDA:33,1,0,9
BRDA:34,2,0,3
BRDA:34,3,0,10
BRDA:37,4,0,9
BRDA:37,5,0,12
BRDA:37,6,0,1
BRDA:37,7,0,9
BRDA:39,8,0,11
BRDA:41,9,0,9
BRDA:46,10,0,11
BRDA:50,11,0,0
BRDA:74,12,0,1
BRDA:82,13,0,17
BRDA:92,14,0,11
BRDA:93,15,0,1
BRDA:98,16,0,10
BRDA:103,17,0,8
BRDA:104,18,0,3
BRDA:105,19,0,3
BRDA:107,20,0,3
BRDA:117,21,0,2
BRDA:117,22,0,1
BRDA:119,23,0,2
BRDA:121,24,0,1
BRDA:121,25,0,1
BRDA:131,26,0,7
BRDA:135,27,0,6
BRDA:140,28,0,0
BRDA:141,29,0,0
BRDA:142,30,0,0
BRDA:144,31,0,0
BRDA:170,32,0,15
BRDA:172,33,0,1
BRDA:173,34,0,0
BRDA:178,35,0,0
BRDA:179,36,0,14
BRDA:181,37,0,9
BRDA:181,38,0,0
BRDA:183,39,0,14
BRDA:205,40,0,12
BRDA:205,41,0,10
BRDA:207,42,0,5
BRDA:211,43,0,0
BRDA:215,44,0,15
BRDA:215,45,0,4
BRDA:217,46,0,2
BRDA:217,47,0,15
BRDA:217,48,0,2
BRDA:220,49,0,1
BRDA:224,50,0,0
BRDA:231,51,0,1
BRDA:235,52,0,0
BRDA:237,53,0,2
BRDA:186,54,0,18
BRDA:193,55,0,13
BRDA:195,56,0,5
BRDA:241,57,0,7
BRDA:242,58,0,9
BRDA:248,59,0,3
BRDA:259,60,0,4
BRDA:261,61,0,1
BRDA:263,62,0,3
BRDA:266,63,0,0
BRDA:269,64,0,3
BRDA:270,65,0,2
BRDA:253,66,0,4
BRDA:256,67,0,4
BRDA:275,68,0,3
BRDA:286,69,0,4
BRDA:288,70,0,1
BRDA:290,71,0,3
BRDA:293,72,0,0
BRDA:296,73,0,3
BRDA:297,74,0,2
BRDA:280,75,0,4
BRDA:283,76,0,4
BRDA:302,77,0,1
BRDA:312,78,0,2
BRDA:314,79,0,1
BRDA:320,80,0,0
BRDA:307,81,0,1
BRDA:319,82,0,2
BRDA:328,83,0,4
BRDA:336,84,0,15
BRDA:344,85,0,18
BRDA:346,86,0,7
BRDA:352,87,0,8
BRDA:330,88,0,5
BRDA:332,89,0,5
BRDA:360,90,0,12
BRDA:362,91,0,0
BRDA:364,92,0,11
BRDA:369,93,0,0
BRDA:372,94,0,10
BRDA:372,95,0,1
BRDA:390,96,0,0
BRDA:390,97,0,1
BRDA:405,98,0,2
BRDA:415,99,0,0
BRDA:423,100,0,0
BRDA:425,101,0,0
BRDA:432,102,0,1
BRDA:375,103,0,2
BRDA:380,104,0,1
BRDA:395,105,0,1
BRDA:437,106,0,2
BRDA:439,107,0,0
BRDA:441,108,0,3
BRDA:443,109,0,0
BRF:110
BRH:88
end_of_record
TN:
SF:src\merge\merge-engines.test.ts
FNF:0
FNH:0
DA:1,1
DA:3,1
DA:4,1
DA:5,1
DA:6,1
DA:15,1
DA:16,1
DA:17,1
DA:18,1
DA:19,1
DA:20,1
DA:21,1
DA:23,1
DA:24,1
DA:25,1
DA:26,1
DA:27,1
DA:28,1
DA:29,1
DA:31,1
DA:32,1
DA:33,1
DA:34,1
DA:35,1
DA:36,1
DA:37,1
DA:38,1
DA:40,1
DA:41,1
DA:42,1
DA:43,1
DA:44,1
DA:45,1
DA:46,1
DA:47,1
DA:48,1
DA:49,1
DA:51,1
DA:52,1
DA:53,1
DA:54,1
DA:55,1
DA:56,1
DA:57,1
DA:58,1
DA:60,1
DA:61,1
DA:62,1
DA:63,1
DA:64,1
DA:65,1
DA:67,1
DA:68,1
DA:69,1
DA:70,1
DA:71,1
DA:72,1
DA:73,1
DA:74,1
DA:75,1
DA:76,1
DA:77,1
DA:78,1
DA:80,1
DA:81,1
DA:82,1
DA:83,1
DA:84,1
DA:85,1
DA:86,1
DA:87,1
DA:88,1
DA:89,1
LF:73
LH:73
BRDA:31,0,0,1
BRDA:32,1,0,1
BRDA:34,2,0,2
BRDA:40,3,0,1
BRDA:42,4,0,5
BRDA:47,5,0,2
BRDA:51,6,0,1
BRDA:60,7,0,1
BRDA:67,8,0,1
BRDA:70,9,0,1
BRDA:73,10,0,1
BRDA:80,11,0,1
BRDA:82,12,0,1
BRF:13
BRH:13
end_of_record
TN:
SF:src\merge\merge-engines.ts
FN:50,MergeEngines
FN:85,search
FN:105,sort
FN:126,filter
FNF:4
FNH:4
FNDA:4,MergeEngines
FNDA:4,search
FNDA:3,sort
FNDA:3,filter
DA:1,1
DA:45,1
DA:50,1
DA:51,4
DA:53,4
DA:55,4
DA:56,4
DA:57,4
DA:59,4
DA:60,3
DA:61,3
DA:62,3
DA:63,3
DA:64,3
DA:65,1
DA:67,4
DA:68,3
DA:69,3
DA:70,3
DA:71,3
DA:72,1
DA:74,4
DA:75,2
DA:76,2
DA:77,2
DA:78,2
DA:79,2
DA:80,2
DA:81,4
DA:85,1
DA:86,4
DA:87,1
DA:88,1
DA:90,1
DA:91,1
DA:93,4
DA:94,1
DA:95,1
DA:97,2
DA:98,2
DA:99,2
DA:100,2
DA:101,4
DA:105,1
DA:106,3
DA:107,3
DA:108,3
DA:109,3
DA:110,3
DA:111,1
DA:112,1
DA:114,1
DA:115,1
DA:117,3
DA:118,1
DA:119,1
DA:121,1
DA:122,3
DA:126,1
DA:127,3
DA:128,3
DA:129,3
DA:130,3
DA:131,1
DA:132,1
DA:134,1
DA:135,1
DA:137,3
DA:138,1
DA:139,1
DA:141,1
DA:142,3
DA:143,1
LF:73
LH:73
BRDA:50,0,0,4
BRDA:59,1,0,3
BRDA:62,2,0,2
BRDA:63,3,0,2
BRDA:64,4,0,1
BRDA:67,5,0,3
BRDA:70,6,0,1
BRDA:71,7,0,1
BRDA:74,8,0,2
BRDA:77,9,0,1
BRDA:78,10,0,1
BRDA:79,11,0,2
BRDA:85,12,0,4
BRDA:86,13,0,1
BRDA:91,14,0,3
BRDA:93,15,0,1
BRDA:95,16,0,2
BRDA:105,17,0,3
BRDA:110,18,0,1
BRDA:115,19,0,2
BRDA:117,20,0,1
BRDA:126,21,0,3
BRDA:130,22,0,1
BRDA:135,23,0,2
BRDA:137,24,0,1
BRF:25
BRH:25
end_of_record
TN:
SF:src\search\text-search.test.ts
FNF:0
FNH:0
DA:1,1
DA:3,1
DA:13,1
DA:14,1000
DA:15,1000
DA:16,1000
DA:17,1000
DA:18,1000
DA:19,1000
DA:20,1
DA:22,1
DA:23,1
DA:24,1
DA:25,1
DA:26,1
DA:27,1
DA:28,1
DA:29,1
DA:30,1
DA:31,1
DA:32,1
DA:33,1
DA:34,1
DA:35,1
DA:36,1
DA:37,1
DA:39,1
DA:40,1
DA:41,1
DA:42,1
DA:43,1
DA:44,1
DA:46,1
DA:47,1
DA:48,1
DA:49,1
DA:51,1
DA:52,1
DA:53,1
DA:54,1
DA:55,1
DA:57,1
DA:58,1
DA:59,1
DA:60,1
DA:62,1
DA:63,1
DA:64,1
DA:65,1
DA:66,1
DA:68,1
DA:69,1
DA:70,1
DA:71,1
DA:73,1
DA:74,1
DA:75,1
DA:76,1
DA:77,1
DA:79,1
DA:80,1
DA:82,1
DA:83,1
DA:84,1
DA:85,1
DA:86,1
DA:87,1
DA:89,1
DA:90,1
DA:91,1
DA:92,1
DA:94,1
DA:95,1
DA:96,1
DA:97,1
DA:98,1
DA:99,1
DA:101,1
DA:102,1
DA:104,1
DA:105,1
DA:106,1
DA:107,1
DA:108,1
DA:109,1
DA:110,1
DA:111,1
DA:112,1
DA:113,1
DA:114,1
DA:115,1
DA:116,1
DA:117,1
DA:118,1
DA:120,1
DA:121,1
DA:122,1
DA:123,1
DA:125,1
DA:126,1
DA:127,1
DA:128,1
DA:129,1
DA:130,1
DA:131,1
DA:132,1
LF:106
LH:106
BRDA:13,0,0,1000
BRDA:19,1,0,500
BRDA:19,2,0,500
BRDA:39,3,0,1
BRDA:40,4,0,1
BRDA:51,5,0,1
BRDA:62,6,0,1
BRDA:73,7,0,1
BRDA:82,8,0,1
BRDA:94,9,0,1
BRDA:104,10,0,1
BRDA:121,11,0,1
BRDA:125,12,0,1
BRF:13
BRH:13
end_of_record
TN:
SF:src\search\text-search.ts
FN:11,extractQueryGrams
FN:22,buildIntersectionQueryGrams
FN:40,getOrCreatePostingList
FN:69,TextSearchEngine
FN:84,buildIndex
FN:147,search
FN:155,searchAllFields
FN:185,searchField
FN:200,searchFieldWithPreparedQuery
FN:247,clear
FNF:10
FNH:10
FNDA:11,extractQueryGrams
FNDA:11,buildIntersectionQueryGrams
FNDA:230703,getOrCreatePostingList
FNDA:11,TextSearchEngine
FNDA:12,buildIndex
FNDA:16,search
FNDA:4,searchAllFields
FNDA:12,searchField
FNDA:13,searchFieldWithPreparedQuery
FNDA:1,clear
DA:8,1
DA:9,1
DA:11,11
DA:12,11
DA:13,11
DA:14,11
DA:15,11
DA:16,11
DA:17,28
DA:18,28
DA:19,11
DA:20,11
DA:22,11
DA:23,11
DA:24,11
DA:25,11
DA:26,11
DA:28,0
DA:29,0
DA:30,0
DA:32,0
DA:33,0
DA:34,0
DA:35,0
DA:37,0
DA:38,0
DA:40,230703
DA:41,230703
DA:42,230703
DA:43,230703
DA:44,230703
DA:45,230703
DA:47,2793
DA:48,2793
DA:49,2793
DA:50,2793
DA:62,1
DA:63,1
DA:65,1
DA:69,1
DA:70,11
DA:72,11
DA:74,11
DA:75,11
DA:77,11
DA:78,12
DA:79,12
DA:80,11
DA:84,1
DA:85,12
DA:86,12
DA:87,12
DA:88,12
DA:89,12
DA:91,12
DA:92,0
DA:93,0
DA:94,0
DA:96,0
DA:97,0
DA:99,0
DA:100,0
DA:101,12
DA:102,12
DA:103,12
DA:104,12
DA:106,12
DA:108,12
DA:110,12
DA:111,12
DA:112,12
DA:113,12
DA:114,12
DA:115,2029
DA:116,2029
DA:118,2029
DA:120,2029
DA:121,2029
DA:122,2029
DA:123,2029
DA:124,2029
DA:125,78930
DA:126,78930
DA:127,78930
DA:128,78930
DA:129,78930
DA:130,78930
DA:131,78930
DA:132,78930
DA:133,78930
DA:134,78930
DA:135,230703
DA:136,230703
DA:137,230703
DA:138,78930
DA:139,2029
DA:141,12
DA:142,12
DA:143,12
DA:147,1
DA:148,16
DA:149,4
DA:150,4
DA:152,12
DA:153,16
DA:155,1
DA:156,4
DA:157,4
DA:159,3
DA:160,4
DA:161,4
DA:163,2
DA:164,4
DA:166,2
DA:167,2
DA:169,4
DA:170,4
DA:171,4
DA:172,4
DA:173,4
DA:174,4
DA:175,3
DA:176,2
DA:177,2
DA:178,2
DA:179,3
DA:180,4
DA:182,2
DA:183,4
DA:185,1
DA:186,12
DA:187,12
DA:188,12
DA:190,9
DA:191,12
DA:193,9
DA:194,9
DA:195,9
DA:196,9
DA:197,9
DA:198,12
DA:200,1
DA:201,13
DA:202,13
DA:203,13
DA:204,13
DA:205,13
DA:206,13
DA:208,12
DA:210,13
DA:211,29
DA:212,29
DA:213,26
DA:214,26
DA:216,9
DA:217,9
DA:218,17
DA:219,9
DA:221,9
DA:222,9
DA:223,9
DA:225,13
DA:226,1551
DA:227,1551
DA:228,9009
DA:229,0
DA:230,0
DA:231,0
DA:232,9009
DA:233,1551
DA:235,1551
DA:236,1551
DA:237,1551
DA:238,1551
DA:239,1551
DA:240,1551
DA:241,1551
DA:242,1551
DA:244,9
DA:245,13
DA:247,1
DA:248,1
DA:249,1
DA:250,1
DA:251,1
LF:185
LH:166
BRDA:11,0,0,11
BRDA:16,1,0,28
BRDA:22,2,0,11
BRDA:26,3,0,0
BRDA:40,4,0,230703
BRDA:45,5,0,227910
BRDA:45,6,0,2793
BRDA:69,7,0,11
BRDA:70,8,0,9
BRDA:72,9,0,0
BRDA:75,10,0,10
BRDA:75,11,0,1
BRDA:75,12,0,10
BRDA:77,13,0,12
BRDA:79,14,0,10
BRDA:84,15,0,12
BRDA:91,16,0,0
BRDA:114,17,0,2029
BRDA:116,18,0,0
BRDA:124,19,0,78930
BRDA:134,20,0,230703
BRDA:147,21,0,16
BRDA:148,22,0,4
BRDA:150,23,0,12
BRDA:155,24,0,4
BRDA:157,25,0,1
BRDA:157,26,0,3
BRDA:160,27,0,0
BRDA:160,28,0,3
BRDA:161,29,0,2
BRDA:161,30,0,1
BRDA:164,31,0,0
BRDA:164,32,0,2
BRDA:169,33,0,4
BRDA:174,34,0,3
BRDA:175,35,0,2
BRDA:180,36,0,2
BRDA:185,37,0,12
BRDA:187,38,0,2
BRDA:187,39,0,10
BRDA:188,40,0,1
BRDA:188,41,0,9
BRDA:191,42,0,0
BRDA:191,43,0,9
BRDA:200,44,0,13
BRDA:206,45,0,1
BRDA:206,46,0,12
BRDA:210,47,0,29
BRDA:212,48,0,3
BRDA:212,49,0,26
BRDA:214,50,0,9
BRDA:225,51,0,1551
BRDA:227,52,0,9009
BRDA:228,53,0,0
BRDA:233,54,0,0
BRDA:242,55,0,9
BRDA:217,56,0,17
BRDA:247,57,0,1
BRF:58
BRH:49
end_of_record
TN:
SF:src\sort\sorter.test.ts
FNF:0
FNH:0
DA:1,1
DA:3,1
DA:12,1
DA:13,1
DA:14,1
DA:15,1
DA:16,1
DA:17,1
DA:19,1
DA:20,1
DA:21,1
DA:22,1
DA:23,1
DA:24,1
DA:26,1
DA:27,1
DA:28,1
DA:29,1
DA:31,1
DA:32,1
DA:33,1
DA:34,1
DA:36,1
DA:37,1
DA:38,1
DA:39,1
DA:40,1
DA:41,1
DA:42,1
DA:43,1
DA:45,1
DA:46,1
DA:47,1
DA:48,1
DA:49,1
DA:50,1
DA:51,1
DA:52,1
DA:53,1
DA:54,1
DA:55,1
DA:57,1
DA:58,1
DA:59,1
DA:60,1
DA:61,1
DA:63,1
DA:64,1
DA:65,1
DA:66,1
DA:67,1
DA:69,1
DA:70,1
DA:71,1
DA:73,1
DA:74,1
DA:75,1
DA:76,1
DA:77,1
DA:78,1
DA:79,1
DA:80,1
DA:81,1
DA:82,1
DA:83,1
DA:85,1
DA:86,1
DA:87,1
DA:88,1
DA:89,1
DA:90,1
DA:92,1
DA:93,1
DA:94,1
DA:96,1
DA:97,1
DA:98,1
DA:100,1
DA:101,1
DA:102,1
DA:104,1
DA:105,1
DA:106,1
DA:107,1
DA:108,1
DA:109,1
DA:110,1
DA:111,1
DA:112,1
DA:113,1
LF:90
LH:90
BRDA:19,0,0,1
BRDA:20,1,0,1
BRDA:26,2,0,1
BRDA:31,3,0,4
BRDA:32,4,0,4
BRDA:33,5,0,4
BRDA:36,6,0,1
BRDA:42,7,0,4
BRDA:45,8,0,1
BRDA:54,9,0,4
BRDA:57,10,0,1
BRDA:60,11,0,4
BRDA:64,12,0,1
BRDA:69,13,0,1
BRDA:70,14,0,1
BRDA:76,15,0,4
BRDA:81,16,0,4
BRDA:85,17,0,1
BRDA:93,18,0,5
BRDA:96,19,0,1
BRDA:101,20,0,4
BRDA:104,21,0,1
BRDA:109,22,0,4
BRF:23
BRH:23
end_of_record
TN:
SF:src\sort\sorter.ts
FN:26,SortEngine
FN:39,buildIndex
FN:91,clearIndexes
FN:97,sort
FN:155,reconstructFromIndex
FN:173,isFieldSnapshotValid
FN:185,buildComparator
FN:207,radixSortNumeric
FNF:8
FNH:8
FNDA:13,SortEngine
FNDA:7,buildIndex
FNDA:1,clearIndexes
FNDA:15,sort
FNDA:5,reconstructFromIndex
FNDA:5,isFieldSnapshotValid
FNDA:3,buildComparator
FNDA:4,radixSortNumeric
DA:21,1
DA:22,1
DA:24,1
DA:26,1
DA:27,13
DA:29,8
DA:30,13
DA:32,8
DA:33,7
DA:34,7
DA:35,13
DA:39,1
DA:40,7
DA:41,7
DA:42,7
DA:43,7
DA:44,7
DA:46,7
DA:47,0
DA:48,0
DA:49,0
DA:51,0
DA:52,0
DA:54,0
DA:55,0
DA:56,7
DA:57,7
DA:58,7
DA:59,7
DA:61,7
DA:62,7
DA:63,7
DA:64,7
DA:66,7
DA:67,7
DA:69,7
DA:70,6
DA:71,6
DA:72,6
DA:73,6
DA:74,7
DA:75,1
DA:76,5
DA:77,5
DA:78,5
DA:79,1
DA:80,1
DA:82,7
DA:83,7
DA:84,7
DA:85,7
DA:86,7
DA:87,7
DA:88,7
DA:89,7
DA:91,1
DA:92,1
DA:93,1
DA:97,1
DA:98,15
DA:99,15
DA:100,15
DA:101,15
DA:102,15
DA:103,15
DA:105,15
DA:106,3
DA:107,1
DA:108,1
DA:110,1
DA:111,1
DA:113,2
DA:114,2
DA:115,15
DA:116,12
DA:117,12
DA:118,12
DA:120,15
DA:122,15
DA:123,11
DA:124,11
DA:126,11
DA:127,11
DA:128,7
DA:129,5
DA:130,5
DA:131,11
DA:132,5
DA:133,5
DA:134,11
DA:136,15
DA:138,15
DA:139,15
DA:140,6
DA:141,6
DA:142,15
DA:143,4
DA:144,4
DA:145,4
DA:146,4
DA:147,4
DA:148,4
DA:150,3
DA:151,3
DA:152,3
DA:153,15
DA:155,1
DA:156,5
DA:157,5
DA:158,5
DA:159,5
DA:160,5
DA:161,5
DA:163,5
DA:164,3
DA:165,3
DA:166,2
DA:167,2
DA:168,2
DA:170,5
DA:171,5
DA:173,1
DA:174,5
DA:175,5
DA:176,5
DA:177,5
DA:178,5
DA:179,21
DA:180,21
DA:182,5
DA:183,5
DA:185,1
DA:186,3
DA:187,3
DA:188,3
DA:189,3
DA:190,4
DA:191,3
DA:193,3
DA:195,3
DA:196,13
DA:197,15
DA:198,15
DA:200,15
DA:201,14
DA:202,15
DA:203,0
DA:204,13
DA:205,3
DA:207,1
DA:208,4
DA:209,4
DA:210,4
DA:211,4
DA:212,4
DA:214,4
DA:215,4
DA:216,17
DA:217,17
DA:219,4
DA:220,4
DA:222,4
DA:224,4
DA:225,4
DA:226,3
DA:227,13
DA:228,13
DA:229,4
DA:230,1
DA:231,4
DA:232,4
DA:233,1
DA:235,4
DA:236,4
DA:237,1
LF:175
LH:167
BRDA:26,0,0,13
BRDA:27,1,0,8
BRDA:27,2,0,5
BRDA:30,3,0,6
BRDA:30,4,0,2
BRDA:30,5,0,8
BRDA:30,6,0,6
BRDA:32,7,0,7
BRDA:34,8,0,6
BRDA:39,9,0,7
BRDA:46,10,0,0
BRDA:64,11,0,30
BRDA:69,12,0,6
BRDA:72,13,0,25
BRDA:74,14,0,1
BRDA:66,15,0,30
BRDA:73,16,0,32
BRDA:75,17,0,5
BRDA:78,18,0,0
BRDA:91,19,0,1
BRDA:97,20,0,15
BRDA:105,21,0,3
BRDA:106,22,0,2
BRDA:106,23,0,1
BRDA:115,24,0,12
BRDA:118,25,0,14
BRDA:120,26,0,13
BRDA:120,27,0,2
BRDA:120,28,0,12
BRDA:122,29,0,11
BRDA:127,30,0,7
BRDA:128,31,0,5
BRDA:129,32,0,5
BRDA:131,33,0,5
BRDA:134,34,0,7
BRDA:136,35,0,1
BRDA:136,36,0,6
BRDA:139,37,0,6
BRDA:140,38,0,6
BRDA:142,39,0,4
BRDA:148,40,0,3
BRDA:155,41,0,5
BRDA:163,42,0,3
BRDA:164,43,0,13
BRDA:165,44,0,2
BRDA:167,45,0,8
BRDA:173,46,0,5
BRDA:178,47,0,21
BRDA:179,48,0,0
BRDA:185,49,0,3
BRDA:188,50,0,4
BRDA:189,51,0,4
BRDA:190,52,0,0
BRDA:195,53,0,13
BRDA:196,54,0,15
BRDA:200,55,0,6
BRDA:200,56,0,14
BRDA:200,57,0,9
BRDA:201,58,0,7
BRDA:202,59,0,0
BRDA:207,60,0,4
BRDA:215,61,0,17
BRDA:220,62,0,17
BRDA:225,63,0,3
BRDA:226,64,0,13
BRDA:229,65,0,1
BRDA:230,66,0,4
BRDA:222,67,0,23
BRF:68
BRH:63
end_of_record
