TN:
SF:src/indexer.ts
FN:12,Indexer
FN:17,buildIndex
FN:41,getByValue
FN:56,getByValues
FN:86,hasIndex
FN:91,clear
FN:96,getIndexMap
FNF:7
FNH:7
FNDA:21,Indexer
FNDA:17,buildIndex
FNDA:5,getByValue
FNDA:15,getByValues
FNDA:20,hasIndex
FNDA:1,clear
FNDA:4,getIndexMap
DA:12,1
DA:14,21
DA:17,1
DA:18,17
DA:20,17
DA:21,17
DA:22,17
DA:23,17
DA:24,17
DA:25,83
DA:26,83
DA:27,83
DA:29,81
DA:30,83
DA:31,32
DA:32,83
DA:33,49
DA:34,49
DA:35,83
DA:37,17
DA:38,17
DA:41,1
DA:42,5
DA:43,5
DA:44,5
DA:45,5
DA:56,1
DA:57,15
DA:58,15
DA:61,14
DA:62,10
DA:63,10
DA:66,4
DA:67,4
DA:69,15
DA:70,8
DA:71,8
DA:73,8
DA:74,15
DA:75,15
DA:76,15
DA:77,15
DA:78,15
DA:79,15
DA:80,8
DA:82,4
DA:83,15
DA:86,1
DA:87,20
DA:88,20
DA:91,1
DA:92,1
DA:93,1
DA:96,1
DA:97,4
DA:98,4
DA:99,1
LF:57
LH:57
BRDA:12,0,0,21
BRDA:17,1,0,17
BRDA:24,2,0,83
BRDA:27,3,0,82
BRDA:27,4,0,2
BRDA:27,5,0,81
BRDA:30,6,0,32
BRDA:32,7,0,49
BRDA:41,8,0,5
BRDA:43,9,0,2
BRDA:43,10,0,3
BRDA:44,11,0,1
BRDA:56,12,0,15
BRDA:58,13,0,1
BRDA:58,14,0,14
BRDA:61,15,0,10
BRDA:62,16,0,0
BRDA:63,17,0,4
BRDA:69,18,0,8
BRDA:71,19,0,0
BRDA:73,20,0,15
BRDA:80,21,0,4
BRDA:86,22,0,20
BRDA:91,23,0,1
BRDA:96,24,0,4
BRF:25
BRH:23
end_of_record
TN:
SF:src/filter/filter.ts
FN:68,FilterEngine
FN:92,buildIndex
FN:119,clearIndexes
FN:129,resetFilterState
FN:146,filter
FN:256,executionCriteria.reduce.indexedCriteria
FN:315,cloneCriteria
FN:322,hasCriteriaAdditions
FN:349,hasCriteriaRemovals
FN:376,getAddedCriteria
FN:407,linearFilter
FN:450,filterViaIndex
FN:536,estimateIndexSize
FNF:13
FNH:12
FNDA:13,FilterEngine
FNDA:11,buildIndex
FNDA:0,clearIndexes
FNDA:1,resetFilterState
FNDA:17,filter
FNDA:18,executionCriteria.reduce.indexedCriteria
FNDA:7,cloneCriteria
FNDA:3,hasCriteriaAdditions
FNDA:3,hasCriteriaRemovals
FNDA:1,getAddedCriteria
FNDA:4,linearFilter
FNDA:12,filterViaIndex
FNDA:2,estimateIndexSize
DA:17,1
DA:52,1
DA:57,1
DA:60,1
DA:63,1
DA:66,1
DA:68,1
DA:69,13
DA:70,13
DA:71,13
DA:73,10
DA:74,13
DA:76,13
DA:77,11
DA:78,11
DA:79,13
DA:92,1
DA:93,11
DA:94,11
DA:95,11
DA:96,11
DA:97,0
DA:98,0
DA:99,0
DA:101,0
DA:102,0
DA:104,0
DA:105,0
DA:106,0
DA:108,11
DA:109,11
DA:110,11
DA:111,11
DA:112,11
DA:113,11
DA:114,11
DA:119,1
DA:120,0
DA:121,0
DA:129,1
DA:130,1
DA:131,1
DA:132,1
DA:133,1
DA:146,1
DA:147,17
DA:148,17
DA:149,17
DA:150,17
DA:152,17
DA:153,17
DA:154,17
DA:156,17
DA:158,11
DA:159,1
DA:160,1
DA:162,1
DA:163,1
DA:165,10
DA:167,10
DA:168,10
DA:169,8
DA:170,3
DA:171,3
DA:172,11
DA:173,3
DA:174,3
DA:175,3
DA:176,3
DA:177,3
DA:178,3
DA:179,3
DA:180,3
DA:183,3
DA:184,1
DA:185,1
DA:188,3
DA:189,1
DA:190,1
DA:191,1
DA:192,1
DA:193,1
DA:194,1
DA:196,1
DA:197,1
DA:198,1
DA:199,11
DA:200,7
DA:201,7
DA:202,7
DA:203,16
DA:204,6
DA:205,6
DA:207,6
DA:208,6
DA:209,0
DA:210,0
DA:211,0
DA:212,6
DA:213,0
DA:214,0
DA:215,0
DA:216,0
DA:217,0
DA:218,0
DA:219,0
DA:220,0
DA:222,0
DA:223,0
DA:224,0
DA:226,0
DA:227,0
DA:228,0
DA:229,0
DA:230,0
DA:231,0
DA:232,0
DA:233,0
DA:234,0
DA:235,6
DA:236,6
DA:237,6
DA:238,6
DA:240,17
DA:241,1
DA:242,0
DA:243,0
DA:244,0
DA:245,0
DA:246,1
DA:247,1
DA:250,17
DA:251,0
DA:252,0
DA:255,14
DA:256,14
DA:257,18
DA:261,18
DA:262,18
DA:263,18
DA:264,13
DA:265,18
DA:266,5
DA:267,5
DA:268,18
DA:269,18
DA:270,14
DA:271,14
DA:274,14
DA:276,17
DA:277,10
DA:278,10
DA:279,5
DA:280,5
DA:281,5
DA:282,5
DA:283,0
DA:284,5
DA:285,10
DA:286,10
DA:290,17
DA:291,2
DA:292,2
DA:293,2
DA:294,1
DA:295,1
DA:296,1
DA:297,1
DA:298,0
DA:299,1
DA:300,2
DA:301,2
DA:304,2
DA:305,15
DA:306,1
DA:307,1
DA:308,1
DA:309,1
DA:310,0
DA:311,1
DA:312,2
DA:313,17
DA:315,1
DA:316,7
DA:317,9
DA:318,9
DA:319,7
DA:320,7
DA:322,1
DA:323,3
DA:324,3
DA:325,3
DA:326,3
DA:327,3
DA:328,3
DA:329,3
DA:330,3
DA:331,3
DA:333,3
DA:334,4
DA:335,4
DA:336,1
DA:337,1
DA:339,4
DA:340,4
DA:341,0
DA:342,0
DA:343,4
DA:344,3
DA:346,2
DA:347,3
DA:349,1
DA:350,3
DA:351,3
DA:352,3
DA:353,3
DA:354,3
DA:355,3
DA:356,3
DA:357,3
DA:358,3
DA:360,3
DA:361,4
DA:362,4
DA:363,1
DA:364,1
DA:366,4
DA:367,4
DA:368,0
DA:369,0
DA:370,4
DA:371,3
DA:373,2
DA:374,3
DA:376,1
DA:377,1
DA:378,1
DA:379,1
DA:380,1
DA:381,1
DA:382,1
DA:384,1
DA:386,1
DA:387,2
DA:388,2
DA:389,1
DA:390,1
DA:391,1
DA:393,1
DA:394,2
DA:395,0
DA:396,0
DA:397,2
DA:399,1
DA:400,1
DA:407,1
DA:409,4
DA:410,4
DA:411,4
DA:412,4
DA:415,4
DA:417,4
DA:418,15
DA:419,15
DA:421,15
DA:422,15
DA:423,15
DA:424,15
DA:425,15
DA:426,18
DA:427,18
DA:428,7
DA:429,7
DA:430,7
DA:431,18
DA:433,15
DA:434,8
DA:435,8
DA:436,15
DA:438,4
DA:439,4
DA:450,1
DA:451,12
DA:452,12
DA:455,12
DA:456,11
DA:457,11
DA:458,11
DA:459,11
DA:460,11
DA:462,0
DA:463,0
DA:466,1
DA:467,1
DA:468,2
DA:469,2
DA:470,1
DA:471,1
DA:472,1
DA:473,1
DA:476,1
DA:477,1
DA:478,1
DA:479,1
DA:480,1
DA:481,1
DA:483,10
DA:486,1
DA:487,1
DA:488,1
DA:489,1
DA:490,1
DA:491,1
DA:494,1
DA:496,1
DA:497,1
DA:498,1
DA:499,1
DA:500,10
DA:501,2
DA:502,2
DA:504,2
DA:505,2
DA:506,2
DA:507,2
DA:508,2
DA:509,2
DA:510,2
DA:511,0
DA:512,0
DA:513,0
DA:514,2
DA:516,2
DA:517,2
DA:518,2
DA:519,0
DA:520,2
DA:521,0
DA:522,0
DA:524,2
DA:525,2
DA:526,2
DA:527,2
DA:529,1
DA:530,12
DA:536,1
DA:537,2
DA:538,2
DA:540,2
DA:541,3
DA:542,3
DA:543,2
DA:544,2
DA:545,1
LF:354
LH:298
BRDA:68,0,0,13
BRDA:70,1,0,9
BRDA:71,2,0,3
BRDA:71,3,0,10
BRDA:74,4,0,9
BRDA:74,5,0,12
BRDA:74,6,0,1
BRDA:74,7,0,9
BRDA:76,8,0,11
BRDA:78,9,0,9
BRDA:92,10,0,11
BRDA:96,11,0,0
BRDA:129,12,0,1
BRDA:146,13,0,17
BRDA:156,14,0,16
BRDA:156,15,0,11
BRDA:158,16,0,1
BRDA:163,17,0,10
BRDA:168,18,0,8
BRDA:169,19,0,3
BRDA:170,20,0,3
BRDA:172,21,0,3
BRDA:183,22,0,2
BRDA:183,23,0,1
BRDA:185,24,0,2
BRDA:188,25,0,1
BRDA:188,26,0,1
BRDA:199,27,0,7
BRDA:203,28,0,6
BRDA:208,29,0,0
BRDA:209,30,0,0
BRDA:210,31,0,0
BRDA:212,32,0,0
BRDA:238,33,0,15
BRDA:240,34,0,1
BRDA:241,35,0,0
BRDA:246,36,0,0
BRDA:247,37,0,14
BRDA:250,38,0,9
BRDA:250,39,0,0
BRDA:252,40,0,14
BRDA:276,41,0,12
BRDA:276,42,0,10
BRDA:278,43,0,5
BRDA:282,44,0,0
BRDA:286,45,0,15
BRDA:286,46,0,4
BRDA:290,47,0,2
BRDA:290,48,0,15
BRDA:290,49,0,2
BRDA:293,50,0,1
BRDA:297,51,0,0
BRDA:305,52,0,1
BRDA:309,53,0,0
BRDA:311,54,0,2
BRDA:256,55,0,18
BRDA:263,56,0,13
BRDA:265,57,0,5
BRDA:315,58,0,7
BRDA:316,59,0,9
BRDA:322,60,0,3
BRDA:333,61,0,4
BRDA:335,62,0,1
BRDA:337,63,0,3
BRDA:340,64,0,0
BRDA:343,65,0,3
BRDA:344,66,0,2
BRDA:327,67,0,4
BRDA:330,68,0,4
BRDA:349,69,0,3
BRDA:360,70,0,4
BRDA:362,71,0,1
BRDA:364,72,0,3
BRDA:367,73,0,0
BRDA:370,74,0,3
BRDA:371,75,0,2
BRDA:354,76,0,4
BRDA:357,77,0,4
BRDA:376,78,0,1
BRDA:386,79,0,2
BRDA:388,80,0,1
BRDA:394,81,0,0
BRDA:381,82,0,1
BRDA:393,83,0,2
BRDA:407,84,0,4
BRDA:417,85,0,15
BRDA:425,86,0,18
BRDA:427,87,0,7
BRDA:433,88,0,8
BRDA:410,89,0,5
BRDA:412,90,0,5
BRDA:450,91,0,12
BRDA:452,92,0,0
BRDA:455,93,0,11
BRDA:460,94,0,0
BRDA:463,95,0,10
BRDA:463,96,0,1
BRDA:483,97,0,0
BRDA:483,98,0,1
BRDA:500,99,0,2
BRDA:510,100,0,0
BRDA:518,101,0,0
BRDA:520,102,0,0
BRDA:527,103,0,1
BRDA:467,104,0,2
BRDA:472,105,0,1
BRDA:489,106,0,1
BRDA:536,107,0,2
BRDA:538,108,0,0
BRDA:540,109,0,3
BRDA:542,110,0,0
BRF:111
BRH:89
end_of_record
TN:
SF:src/merge/merge-engines.ts
FN:111,MergeEngines
FN:160,search
FN:188,sort
FN:217,filter
FNF:4
FNH:4
FNDA:4,MergeEngines
FNDA:4,search
FNDA:3,sort
FNDA:3,filter
DA:33,1
DA:37,1
DA:38,1
DA:106,1
DA:111,1
DA:112,4
DA:115,4
DA:117,4
DA:118,4
DA:119,4
DA:123,4
DA:124,3
DA:125,3
DA:126,3
DA:127,3
DA:128,3
DA:129,1
DA:131,4
DA:132,3
DA:133,3
DA:134,3
DA:135,3
DA:136,1
DA:138,4
DA:139,2
DA:140,2
DA:141,2
DA:142,2
DA:143,2
DA:144,2
DA:145,4
DA:160,1
DA:161,4
DA:162,1
DA:163,1
DA:165,1
DA:166,1
DA:168,4
DA:169,1
DA:170,1
DA:172,2
DA:173,2
DA:174,2
DA:175,2
DA:176,4
DA:188,1
DA:189,3
DA:190,3
DA:191,3
DA:192,3
DA:193,3
DA:194,1
DA:195,1
DA:197,1
DA:198,1
DA:200,3
DA:201,1
DA:202,1
DA:204,1
DA:205,3
DA:217,1
DA:218,3
DA:219,3
DA:220,3
DA:221,3
DA:222,1
DA:223,1
DA:225,1
DA:226,1
DA:228,3
DA:229,1
DA:230,1
DA:232,1
DA:233,3
DA:234,1
LF:75
LH:75
BRDA:111,0,0,4
BRDA:123,1,0,3
BRDA:126,2,0,2
BRDA:127,3,0,2
BRDA:128,4,0,1
BRDA:131,5,0,3
BRDA:134,6,0,1
BRDA:135,7,0,1
BRDA:138,8,0,2
BRDA:141,9,0,1
BRDA:142,10,0,1
BRDA:143,11,0,2
BRDA:160,12,0,4
BRDA:161,13,0,1
BRDA:166,14,0,3
BRDA:168,15,0,1
BRDA:170,16,0,2
BRDA:188,17,0,3
BRDA:193,18,0,1
BRDA:198,19,0,2
BRDA:200,20,0,1
BRDA:217,21,0,3
BRDA:221,22,0,1
BRDA:226,23,0,2
BRDA:228,24,0,1
BRF:25
BRH:25
end_of_record
TN:
SF:src/search/text-search.ts
FN:20,extractQueryGrams
FN:31,buildIntersectionQueryGrams
FN:49,getOrCreatePostingList
FN:111,TextSearchEngine
FN:143,buildIndex
FN:220,search
FN:230,searchAllFields
FN:261,searchField
FN:276,searchFieldWithPreparedQuery
FN:333,clear
FNF:10
FNH:10
FNDA:11,extractQueryGrams
FNDA:11,buildIntersectionQueryGrams
FNDA:230703,getOrCreatePostingList
FNDA:11,TextSearchEngine
FNDA:12,buildIndex
FNDA:16,search
FNDA:4,searchAllFields
FNDA:12,searchField
FNDA:13,searchFieldWithPreparedQuery
FNDA:1,clear
DA:16,1
DA:17,1
DA:20,11
DA:21,11
DA:22,11
DA:23,11
DA:24,11
DA:25,11
DA:26,28
DA:27,28
DA:28,11
DA:29,11
DA:31,11
DA:32,11
DA:33,11
DA:34,11
DA:35,11
DA:37,0
DA:38,0
DA:39,0
DA:41,0
DA:42,0
DA:43,0
DA:44,0
DA:46,0
DA:47,0
DA:49,230703
DA:50,230703
DA:51,230703
DA:52,230703
DA:53,230703
DA:54,230703
DA:56,2793
DA:57,2793
DA:58,2793
DA:59,2793
DA:98,1
DA:103,1
DA:106,1
DA:111,1
DA:112,11
DA:114,11
DA:118,11
DA:119,11
DA:121,11
DA:122,12
DA:123,12
DA:124,11
DA:143,1
DA:144,12
DA:145,12
DA:146,12
DA:147,12
DA:148,12
DA:150,12
DA:151,0
DA:152,0
DA:153,0
DA:155,0
DA:156,0
DA:158,0
DA:159,0
DA:160,12
DA:161,12
DA:162,12
DA:163,12
DA:165,12
DA:167,12
DA:169,12
DA:170,12
DA:171,12
DA:172,12
DA:173,12
DA:174,2029
DA:175,2029
DA:177,2029
DA:182,2029
DA:183,2029
DA:184,2029
DA:185,2029
DA:186,2029
DA:187,78930
DA:188,78930
DA:189,78930
DA:190,78930
DA:191,78930
DA:192,78930
DA:193,78930
DA:194,78930
DA:195,78930
DA:196,78930
DA:197,230703
DA:198,230703
DA:199,230703
DA:200,78930
DA:201,2029
DA:203,12
DA:204,12
DA:205,12
DA:220,1
DA:221,16
DA:223,4
DA:224,4
DA:226,12
DA:227,16
DA:230,1
DA:231,4
DA:232,4
DA:234,3
DA:235,4
DA:236,4
DA:238,2
DA:239,4
DA:241,2
DA:242,2
DA:244,4
DA:245,4
DA:246,4
DA:247,4
DA:248,4
DA:249,4
DA:250,3
DA:251,2
DA:252,2
DA:253,2
DA:254,3
DA:255,4
DA:257,2
DA:258,4
DA:261,1
DA:262,12
DA:263,12
DA:264,12
DA:266,9
DA:267,12
DA:269,9
DA:270,9
DA:271,9
DA:272,9
DA:273,9
DA:274,12
DA:276,1
DA:277,13
DA:278,13
DA:279,13
DA:280,13
DA:281,13
DA:282,13
DA:287,12
DA:289,13
DA:290,29
DA:291,29
DA:292,26
DA:293,26
DA:296,9
DA:297,9
DA:298,17
DA:299,9
DA:304,9
DA:305,9
DA:306,9
DA:308,13
DA:310,1551
DA:311,1551
DA:312,9009
DA:313,0
DA:314,0
DA:315,0
DA:316,9009
DA:317,1551
DA:320,1551
DA:321,1551
DA:322,1551
DA:323,1551
DA:324,1551
DA:325,1551
DA:326,1551
DA:327,1551
DA:329,9
DA:330,13
DA:333,1
DA:334,1
DA:335,1
DA:336,1
DA:337,1
LF:185
LH:166
BRDA:20,0,0,11
BRDA:25,1,0,28
BRDA:31,2,0,11
BRDA:35,3,0,0
BRDA:49,4,0,230703
BRDA:54,5,0,227910
BRDA:54,6,0,2793
BRDA:111,7,0,11
BRDA:112,8,0,9
BRDA:114,9,0,0
BRDA:119,10,0,10
BRDA:119,11,0,1
BRDA:119,12,0,10
BRDA:121,13,0,12
BRDA:123,14,0,10
BRDA:143,15,0,12
BRDA:150,16,0,0
BRDA:173,17,0,2029
BRDA:175,18,0,0
BRDA:186,19,0,78930
BRDA:196,20,0,230703
BRDA:220,21,0,16
BRDA:221,22,0,4
BRDA:224,23,0,12
BRDA:230,24,0,4
BRDA:232,25,0,1
BRDA:232,26,0,3
BRDA:235,27,0,0
BRDA:235,28,0,3
BRDA:236,29,0,2
BRDA:236,30,0,1
BRDA:239,31,0,0
BRDA:239,32,0,2
BRDA:244,33,0,4
BRDA:249,34,0,3
BRDA:250,35,0,2
BRDA:255,36,0,2
BRDA:261,37,0,12
BRDA:263,38,0,2
BRDA:263,39,0,10
BRDA:264,40,0,1
BRDA:264,41,0,9
BRDA:267,42,0,0
BRDA:267,43,0,9
BRDA:276,44,0,13
BRDA:282,45,0,1
BRDA:282,46,0,12
BRDA:289,47,0,29
BRDA:291,48,0,3
BRDA:291,49,0,26
BRDA:293,50,0,9
BRDA:308,51,0,1551
BRDA:311,52,0,9009
BRDA:312,53,0,0
BRDA:317,54,0,0
BRDA:327,55,0,9
BRDA:297,56,0,17
BRDA:333,57,0,1
BRF:58
BRH:49
end_of_record
TN:
SF:src/sort/sorter.ts
FN:66,SortEngine
FN:91,buildIndex
FN:148,clearIndexes
FN:167,sort
FN:233,reconstructFromIndex
FN:251,isFieldSnapshotValid
FN:267,buildComparator
FN:299,radixSortNumeric
FNF:8
FNH:8
FNDA:13,SortEngine
FNDA:7,buildIndex
FNDA:1,clearIndexes
FNDA:15,sort
FNDA:5,reconstructFromIndex
FNDA:5,isFieldSnapshotValid
FNDA:3,buildComparator
FNDA:4,radixSortNumeric
DA:59,1
DA:61,1
DA:64,1
DA:66,1
DA:67,13
DA:69,8
DA:70,13
DA:72,8
DA:73,7
DA:74,7
DA:75,13
DA:91,1
DA:92,7
DA:93,7
DA:94,7
DA:95,7
DA:96,7
DA:98,7
DA:99,0
DA:100,0
DA:101,0
DA:103,0
DA:104,0
DA:106,0
DA:107,0
DA:108,7
DA:109,7
DA:110,7
DA:111,7
DA:113,7
DA:114,7
DA:115,7
DA:116,7
DA:118,7
DA:119,7
DA:121,7
DA:123,6
DA:124,6
DA:125,6
DA:126,6
DA:127,7
DA:129,1
DA:130,5
DA:131,5
DA:132,5
DA:133,1
DA:134,1
DA:136,7
DA:137,7
DA:138,7
DA:139,7
DA:140,7
DA:141,7
DA:142,7
DA:143,7
DA:148,1
DA:149,1
DA:150,1
DA:167,1
DA:168,15
DA:169,15
DA:170,15
DA:171,15
DA:172,15
DA:173,15
DA:175,15
DA:177,3
DA:178,1
DA:179,1
DA:181,1
DA:182,1
DA:184,2
DA:185,2
DA:186,15
DA:187,12
DA:188,12
DA:189,12
DA:191,15
DA:194,15
DA:195,11
DA:196,11
DA:198,11
DA:199,11
DA:200,7
DA:201,5
DA:202,5
DA:203,11
DA:204,5
DA:205,5
DA:206,11
DA:208,15
DA:211,15
DA:212,15
DA:213,6
DA:214,6
DA:215,15
DA:216,4
DA:217,4
DA:218,4
DA:219,4
DA:220,4
DA:221,4
DA:224,3
DA:225,3
DA:226,3
DA:227,15
DA:233,1
DA:234,5
DA:235,5
DA:236,5
DA:237,5
DA:238,5
DA:239,5
DA:241,5
DA:242,3
DA:243,3
DA:244,2
DA:245,2
DA:246,2
DA:248,5
DA:249,5
DA:251,1
DA:252,5
DA:253,5
DA:254,5
DA:255,5
DA:256,5
DA:257,21
DA:258,21
DA:260,5
DA:261,5
DA:267,1
DA:268,3
DA:269,3
DA:271,3
DA:272,3
DA:273,4
DA:274,3
DA:276,3
DA:278,3
DA:279,13
DA:280,15
DA:281,15
DA:283,15
DA:284,14
DA:286,15
DA:287,0
DA:288,13
DA:289,3
DA:299,1
DA:300,4
DA:301,4
DA:302,4
DA:303,4
DA:304,4
DA:307,4
DA:308,4
DA:309,17
DA:310,17
DA:313,4
DA:314,4
DA:319,4
DA:322,4
DA:323,4
DA:324,3
DA:325,13
DA:326,13
DA:327,4
DA:328,1
DA:329,4
DA:330,4
DA:331,1
DA:333,4
DA:334,4
DA:335,1
LF:175
LH:167
BRDA:66,0,0,13
BRDA:67,1,0,8
BRDA:67,2,0,5
BRDA:70,3,0,6
BRDA:70,4,0,2
BRDA:70,5,0,8
BRDA:70,6,0,6
BRDA:72,7,0,7
BRDA:74,8,0,6
BRDA:91,9,0,7
BRDA:98,10,0,0
BRDA:116,11,0,30
BRDA:121,12,0,6
BRDA:125,13,0,25
BRDA:127,14,0,1
BRDA:118,15,0,30
BRDA:126,16,0,32
BRDA:129,17,0,5
BRDA:132,18,0,0
BRDA:148,19,0,1
BRDA:167,20,0,15
BRDA:175,21,0,3
BRDA:177,22,0,2
BRDA:177,23,0,1
BRDA:186,24,0,12
BRDA:189,25,0,14
BRDA:191,26,0,13
BRDA:191,27,0,2
BRDA:191,28,0,12
BRDA:194,29,0,11
BRDA:199,30,0,7
BRDA:200,31,0,5
BRDA:201,32,0,5
BRDA:203,33,0,5
BRDA:206,34,0,7
BRDA:208,35,0,1
BRDA:208,36,0,6
BRDA:212,37,0,6
BRDA:213,38,0,6
BRDA:215,39,0,4
BRDA:221,40,0,3
BRDA:233,41,0,5
BRDA:241,42,0,3
BRDA:242,43,0,13
BRDA:243,44,0,2
BRDA:245,45,0,8
BRDA:251,46,0,5
BRDA:256,47,0,21
BRDA:257,48,0,0
BRDA:267,49,0,3
BRDA:271,50,0,4
BRDA:272,51,0,4
BRDA:273,52,0,0
BRDA:278,53,0,13
BRDA:279,54,0,15
BRDA:283,55,0,6
BRDA:283,56,0,14
BRDA:283,57,0,9
BRDA:284,58,0,7
BRDA:286,59,0,0
BRDA:299,60,0,4
BRDA:308,61,0,17
BRDA:314,62,0,17
BRDA:323,63,0,3
BRDA:324,64,0,13
BRDA:327,65,0,1
BRDA:328,66,0,4
BRDA:319,67,0,23
BRF:68
BRH:63
end_of_record
